2023-09-05 17:05:35,113 - INFO test_001_loginIndex.py [line:28]: 
WebDriver 正在初始化...
2023-09-05 17:05:35,113 - INFO test_001_loginIndex.py [line:28]: 
WebDriver 正在初始化...
2023-09-05 17:05:35,265 - INFO test_001_loginIndex.py [line:30]: 打开链接: http://127.0.0.1:8000/login/...
2023-09-05 17:05:35,265 - INFO test_001_loginIndex.py [line:30]: 打开链接: http://127.0.0.1:8000/login/...
2023-09-05 17:05:35,386 - INFO test_001_loginIndex.py [line:35]: WebDriver 初始化完成！
2023-09-05 17:05:35,386 - INFO test_001_loginIndex.py [line:35]: WebDriver 初始化完成！
2023-09-05 17:05:35,391 - INFO MBugIndex.py [line:26]: [=====登录操作=====]
2023-09-05 17:05:35,391 - INFO MBugIndex.py [line:26]: [=====登录操作=====]
2023-09-05 17:05:35,392 - INFO BasePage.py [line:39]: 等待元素用户名框, 定位方式:('id', 'id_username')
2023-09-05 17:05:35,392 - INFO BasePage.py [line:39]: 等待元素用户名框, 定位方式:('id', 'id_username')
2023-09-05 17:05:35,432 - INFO BasePage.py [line:44]: 等待用户名框, 时长: 0:00:00.039940
2023-09-05 17:05:35,432 - INFO BasePage.py [line:44]: 等待用户名框, 时长: 0:00:00.039940
2023-09-05 17:05:35,432 - INFO BasePage.py [line:39]: 等待元素密码框, 定位方式:('id', 'id_password')
2023-09-05 17:05:35,432 - INFO BasePage.py [line:39]: 等待元素密码框, 定位方式:('id', 'id_password')
2023-09-05 17:05:35,459 - INFO BasePage.py [line:44]: 等待密码框, 时长: 0:00:00.025563
2023-09-05 17:05:35,459 - INFO BasePage.py [line:44]: 等待密码框, 时长: 0:00:00.025563
2023-09-05 17:05:35,459 - INFO BasePage.py [line:39]: 等待元素验证码框, 定位方式:('id', 'id_code')
2023-09-05 17:05:35,459 - INFO BasePage.py [line:39]: 等待元素验证码框, 定位方式:('id', 'id_code')
2023-09-05 17:05:35,480 - INFO BasePage.py [line:44]: 等待验证码框, 时长: 0:00:00.020566
2023-09-05 17:05:35,480 - INFO BasePage.py [line:44]: 等待验证码框, 时长: 0:00:00.020566
2023-09-05 17:05:35,480 - INFO BasePage.py [line:85]: 查找用户名框元素定位, 定位方式('id', 'id_username')
2023-09-05 17:05:35,480 - INFO BasePage.py [line:85]: 查找用户名框元素定位, 定位方式('id', 'id_username')
2023-09-05 17:05:35,488 - INFO BasePage.py [line:141]: 清除"用户名框",元素定位:('id', 'id_username')
2023-09-05 17:05:35,488 - INFO BasePage.py [line:141]: 清除"用户名框",元素定位:('id', 'id_username')
2023-09-05 17:05:35,525 - INFO BasePage.py [line:85]: 查找密码框元素定位, 定位方式('id', 'id_password')
2023-09-05 17:05:35,525 - INFO BasePage.py [line:85]: 查找密码框元素定位, 定位方式('id', 'id_password')
2023-09-05 17:05:35,531 - INFO BasePage.py [line:141]: 清除"密码框",元素定位:('id', 'id_password')
2023-09-05 17:05:35,531 - INFO BasePage.py [line:141]: 清除"密码框",元素定位:('id', 'id_password')
2023-09-05 17:05:35,555 - INFO BasePage.py [line:85]: 查找验证码框元素定位, 定位方式('id', 'id_code')
2023-09-05 17:05:35,555 - INFO BasePage.py [line:85]: 查找验证码框元素定位, 定位方式('id', 'id_code')
2023-09-05 17:05:35,562 - INFO BasePage.py [line:141]: 清除"验证码框",元素定位:('id', 'id_code')
2023-09-05 17:05:35,562 - INFO BasePage.py [line:141]: 清除"验证码框",元素定位:('id', 'id_code')
2023-09-05 17:05:35,588 - INFO BasePage.py [line:85]: 查找用户名框元素定位, 定位方式('id', 'id_username')
2023-09-05 17:05:35,588 - INFO BasePage.py [line:85]: 查找用户名框元素定位, 定位方式('id', 'id_username')
2023-09-05 17:05:35,596 - INFO BasePage.py [line:104]: 在用户名框输入597234156@qq.com, 元素定位: ('id', 'id_username')
2023-09-05 17:05:35,596 - INFO BasePage.py [line:104]: 在用户名框输入597234156@qq.com, 元素定位: ('id', 'id_username')
2023-09-05 17:05:35,723 - INFO BasePage.py [line:85]: 查找密码框元素定位, 定位方式('id', 'id_password')
2023-09-05 17:05:35,723 - INFO BasePage.py [line:85]: 查找密码框元素定位, 定位方式('id', 'id_password')
2023-09-05 17:05:35,744 - INFO BasePage.py [line:104]: 在密码框输入12345678, 元素定位: ('id', 'id_password')
2023-09-05 17:05:35,744 - INFO BasePage.py [line:104]: 在密码框输入12345678, 元素定位: ('id', 'id_password')
2023-09-05 17:05:35,849 - INFO BasePage.py [line:85]: 查找验证码框元素定位, 定位方式('id', 'id_code')
2023-09-05 17:05:35,849 - INFO BasePage.py [line:85]: 查找验证码框元素定位, 定位方式('id', 'id_code')
2023-09-05 17:05:35,866 - INFO BasePage.py [line:104]: 在验证码框输入1234, 元素定位: ('id', 'id_code')
2023-09-05 17:05:35,866 - INFO BasePage.py [line:104]: 在验证码框输入1234, 元素定位: ('id', 'id_code')
2023-09-05 17:05:35,939 - INFO BasePage.py [line:39]: 等待元素登录按钮, 定位方式:('id', 'btnSubmit')
2023-09-05 17:05:35,939 - INFO BasePage.py [line:39]: 等待元素登录按钮, 定位方式:('id', 'btnSubmit')
2023-09-05 17:05:35,973 - INFO BasePage.py [line:44]: 等待登录按钮, 时长: 0:00:00.033580
2023-09-05 17:05:35,973 - INFO BasePage.py [line:44]: 等待登录按钮, 时长: 0:00:00.033580
2023-09-05 17:05:35,974 - INFO BasePage.py [line:85]: 查找登录按钮元素定位, 定位方式('id', 'btnSubmit')
2023-09-05 17:05:35,974 - INFO BasePage.py [line:85]: 查找登录按钮元素定位, 定位方式('id', 'btnSubmit')
2023-09-05 17:05:35,998 - INFO BasePage.py [line:155]: 点击"登录按钮",元素定位:('id', 'btnSubmit')
2023-09-05 17:05:35,998 - INFO BasePage.py [line:155]: 点击"登录按钮",元素定位:('id', 'btnSubmit')
2023-09-05 17:05:49,121 - INFO BasePage.py [line:39]: 等待元素新建项目, 定位方式:('xpath', '/html/body/div[1]/a')
2023-09-05 17:05:49,121 - INFO BasePage.py [line:39]: 等待元素新建项目, 定位方式:('xpath', '/html/body/div[1]/a')
2023-09-05 17:05:49,148 - INFO BasePage.py [line:44]: 等待新建项目, 时长: 0:00:00.024991
2023-09-05 17:05:49,148 - INFO BasePage.py [line:44]: 等待新建项目, 时长: 0:00:00.024991
2023-09-05 17:05:49,922 - INFO BasePage.py [line:85]: 查找新建项目元素定位, 定位方式('xpath', '/html/body/div[1]/a')
2023-09-05 17:05:49,922 - INFO BasePage.py [line:85]: 查找新建项目元素定位, 定位方式('xpath', '/html/body/div[1]/a')
2023-09-05 17:05:49,931 - INFO BasePage.py [line:155]: 点击"新建项目",元素定位:('xpath', '/html/body/div[1]/a')
2023-09-05 17:05:49,931 - INFO BasePage.py [line:155]: 点击"新建项目",元素定位:('xpath', '/html/body/div[1]/a')
