2023-09-05 19:20:24,731 - INFO test_001_loginIndex.py [line:28]: 
WebDriver 正在初始化...
2023-09-05 19:20:24,731 - INFO test_001_loginIndex.py [line:28]: 
WebDriver 正在初始化...
2023-09-05 19:20:24,888 - INFO test_001_loginIndex.py [line:30]: 打开链接: http://127.0.0.1:8000/login/...
2023-09-05 19:20:24,888 - INFO test_001_loginIndex.py [line:30]: 打开链接: http://127.0.0.1:8000/login/...
2023-09-05 19:20:25,014 - INFO test_001_loginIndex.py [line:35]: WebDriver 初始化完成！
2023-09-05 19:20:25,014 - INFO test_001_loginIndex.py [line:35]: WebDriver 初始化完成！
2023-09-05 19:20:25,020 - INFO MBugIndex.py [line:26]: [=====登录操作=====]
2023-09-05 19:20:25,020 - INFO MBugIndex.py [line:26]: [=====登录操作=====]
2023-09-05 19:20:25,020 - INFO BasePage.py [line:39]: 等待元素用户名框, 定位方式:('id', 'id_username')
2023-09-05 19:20:25,020 - INFO BasePage.py [line:39]: 等待元素用户名框, 定位方式:('id', 'id_username')
2023-09-05 19:20:25,056 - INFO BasePage.py [line:44]: 等待用户名框, 时长: 0:00:00.035105
2023-09-05 19:20:25,056 - INFO BasePage.py [line:44]: 等待用户名框, 时长: 0:00:00.035105
2023-09-05 19:20:25,057 - INFO BasePage.py [line:39]: 等待元素密码框, 定位方式:('id', 'id_password')
2023-09-05 19:20:25,057 - INFO BasePage.py [line:39]: 等待元素密码框, 定位方式:('id', 'id_password')
2023-09-05 19:20:25,084 - INFO BasePage.py [line:44]: 等待密码框, 时长: 0:00:00.027575
2023-09-05 19:20:25,084 - INFO BasePage.py [line:44]: 等待密码框, 时长: 0:00:00.027575
2023-09-05 19:20:25,084 - INFO BasePage.py [line:39]: 等待元素验证码框, 定位方式:('id', 'id_code')
2023-09-05 19:20:25,084 - INFO BasePage.py [line:39]: 等待元素验证码框, 定位方式:('id', 'id_code')
2023-09-05 19:20:25,104 - INFO BasePage.py [line:44]: 等待验证码框, 时长: 0:00:00.019798
2023-09-05 19:20:25,104 - INFO BasePage.py [line:44]: 等待验证码框, 时长: 0:00:00.019798
2023-09-05 19:20:25,104 - INFO BasePage.py [line:85]: 查找用户名框元素定位, 定位方式('id', 'id_username')
2023-09-05 19:20:25,104 - INFO BasePage.py [line:85]: 查找用户名框元素定位, 定位方式('id', 'id_username')
2023-09-05 19:20:25,111 - INFO BasePage.py [line:141]: 清除"用户名框",元素定位:('id', 'id_username')
2023-09-05 19:20:25,111 - INFO BasePage.py [line:141]: 清除"用户名框",元素定位:('id', 'id_username')
2023-09-05 19:20:25,146 - INFO BasePage.py [line:85]: 查找密码框元素定位, 定位方式('id', 'id_password')
2023-09-05 19:20:25,146 - INFO BasePage.py [line:85]: 查找密码框元素定位, 定位方式('id', 'id_password')
2023-09-05 19:20:25,155 - INFO BasePage.py [line:141]: 清除"密码框",元素定位:('id', 'id_password')
2023-09-05 19:20:25,155 - INFO BasePage.py [line:141]: 清除"密码框",元素定位:('id', 'id_password')
2023-09-05 19:20:25,179 - INFO BasePage.py [line:85]: 查找验证码框元素定位, 定位方式('id', 'id_code')
2023-09-05 19:20:25,179 - INFO BasePage.py [line:85]: 查找验证码框元素定位, 定位方式('id', 'id_code')
2023-09-05 19:20:25,187 - INFO BasePage.py [line:141]: 清除"验证码框",元素定位:('id', 'id_code')
2023-09-05 19:20:25,187 - INFO BasePage.py [line:141]: 清除"验证码框",元素定位:('id', 'id_code')
2023-09-05 19:20:25,209 - INFO BasePage.py [line:85]: 查找用户名框元素定位, 定位方式('id', 'id_username')
2023-09-05 19:20:25,209 - INFO BasePage.py [line:85]: 查找用户名框元素定位, 定位方式('id', 'id_username')
2023-09-05 19:20:25,217 - INFO BasePage.py [line:104]: 在用户名框输入597234156@qq.com, 元素定位: ('id', 'id_username')
2023-09-05 19:20:25,217 - INFO BasePage.py [line:104]: 在用户名框输入597234156@qq.com, 元素定位: ('id', 'id_username')
2023-09-05 19:20:25,328 - INFO BasePage.py [line:85]: 查找密码框元素定位, 定位方式('id', 'id_password')
2023-09-05 19:20:25,328 - INFO BasePage.py [line:85]: 查找密码框元素定位, 定位方式('id', 'id_password')
2023-09-05 19:20:25,342 - INFO BasePage.py [line:104]: 在密码框输入12345678, 元素定位: ('id', 'id_password')
2023-09-05 19:20:25,342 - INFO BasePage.py [line:104]: 在密码框输入12345678, 元素定位: ('id', 'id_password')
2023-09-05 19:20:25,420 - INFO BasePage.py [line:85]: 查找验证码框元素定位, 定位方式('id', 'id_code')
2023-09-05 19:20:25,420 - INFO BasePage.py [line:85]: 查找验证码框元素定位, 定位方式('id', 'id_code')
2023-09-05 19:20:25,436 - INFO BasePage.py [line:104]: 在验证码框输入1234, 元素定位: ('id', 'id_code')
2023-09-05 19:20:25,436 - INFO BasePage.py [line:104]: 在验证码框输入1234, 元素定位: ('id', 'id_code')
2023-09-05 19:20:25,509 - INFO BasePage.py [line:39]: 等待元素登录按钮, 定位方式:('id', 'btnSubmit')
2023-09-05 19:20:25,509 - INFO BasePage.py [line:39]: 等待元素登录按钮, 定位方式:('id', 'btnSubmit')
2023-09-05 19:20:25,550 - INFO BasePage.py [line:44]: 等待登录按钮, 时长: 0:00:00.040343
2023-09-05 19:20:25,550 - INFO BasePage.py [line:44]: 等待登录按钮, 时长: 0:00:00.040343
2023-09-05 19:20:25,552 - INFO BasePage.py [line:85]: 查找登录按钮元素定位, 定位方式('id', 'btnSubmit')
2023-09-05 19:20:25,552 - INFO BasePage.py [line:85]: 查找登录按钮元素定位, 定位方式('id', 'btnSubmit')
2023-09-05 19:20:25,573 - INFO BasePage.py [line:155]: 点击"登录按钮",元素定位:('id', 'btnSubmit')
2023-09-05 19:20:25,573 - INFO BasePage.py [line:155]: 点击"登录按钮",元素定位:('id', 'btnSubmit')
2023-09-05 19:20:28,812 - INFO BasePage.py [line:39]: 等待元素新建项目, 定位方式:('xpath', '/html/body/div[1]/a')
2023-09-05 19:20:28,812 - INFO BasePage.py [line:39]: 等待元素新建项目, 定位方式:('xpath', '/html/body/div[1]/a')
2023-09-05 19:20:28,847 - INFO BasePage.py [line:44]: 等待新建项目, 时长: 0:00:00.034658
2023-09-05 19:20:28,847 - INFO BasePage.py [line:44]: 等待新建项目, 时长: 0:00:00.034658
2023-09-05 19:20:28,847 - INFO BasePage.py [line:85]: 查找新建项目元素定位, 定位方式('xpath', '/html/body/div[1]/a')
2023-09-05 19:20:28,847 - INFO BasePage.py [line:85]: 查找新建项目元素定位, 定位方式('xpath', '/html/body/div[1]/a')
2023-09-05 19:20:28,856 - INFO BasePage.py [line:155]: 点击"新建项目",元素定位:('xpath', '/html/body/div[1]/a')
2023-09-05 19:20:28,856 - INFO BasePage.py [line:155]: 点击"新建项目",元素定位:('xpath', '/html/body/div[1]/a')
2023-09-05 19:20:28,895 - INFO BasePage.py [line:39]: 等待元素项目名称, 定位方式:('id', 'id_name')
2023-09-05 19:20:28,895 - INFO BasePage.py [line:39]: 等待元素项目名称, 定位方式:('id', 'id_name')
2023-09-05 19:20:29,441 - INFO BasePage.py [line:44]: 等待项目名称, 时长: 0:00:00.545565
2023-09-05 19:20:29,441 - INFO BasePage.py [line:44]: 等待项目名称, 时长: 0:00:00.545565
2023-09-05 19:20:29,441 - INFO BasePage.py [line:85]: 查找项目名称元素定位, 定位方式('id', 'id_name')
2023-09-05 19:20:29,441 - INFO BasePage.py [line:85]: 查找项目名称元素定位, 定位方式('id', 'id_name')
2023-09-05 19:20:29,448 - INFO BasePage.py [line:104]: 在项目名称输入bb, 元素定位: ('id', 'id_name')
2023-09-05 19:20:29,448 - INFO BasePage.py [line:104]: 在项目名称输入bb, 元素定位: ('id', 'id_name')
