2023-09-03 17:30:25,416 - INFO test_001_loginIndex.py [line:26]: 
WebDriver 正在初始化...
2023-09-03 17:30:25,555 - INFO test_001_loginIndex.py [line:28]: 打开链接: http://127.0.0.1:8000/login/...
2023-09-03 17:30:25,678 - INFO test_001_loginIndex.py [line:33]: WebDriver 初始化完成！
2023-09-03 17:30:25,680 - INFO MBugIndex.py [line:22]: [=====登录操作=====]
2023-09-03 17:30:25,681 - INFO BasePage.py [line:39]: 等待元素用户名框, 定位方式:('id', 'id_username')
2023-09-03 17:30:25,737 - INFO BasePage.py [line:44]: 等待用户名框, 时长: 0:00:00.055615
2023-09-03 17:30:25,737 - INFO BasePage.py [line:39]: 等待元素密码框, 定位方式:('id', 'id_password')
2023-09-03 17:30:25,766 - INFO BasePage.py [line:44]: 等待密码框, 时长: 0:00:00.028101
2023-09-03 17:30:25,767 - INFO BasePage.py [line:39]: 等待元素验证码框, 定位方式:('id', 'id_code')
2023-09-03 17:30:25,790 - INFO BasePage.py [line:44]: 等待验证码框, 时长: 0:00:00.023351
2023-09-03 17:30:25,791 - INFO BasePage.py [line:85]: 查找用户名框元素定位, 定位方式('id', 'id_username')
2023-09-03 17:30:25,802 - INFO BasePage.py [line:141]: 清除"用户名框",元素定位:('id', 'id_username')
2023-09-03 17:30:25,843 - INFO BasePage.py [line:85]: 查找密码框元素定位, 定位方式('id', 'id_password')
2023-09-03 17:30:25,851 - INFO BasePage.py [line:141]: 清除"密码框",元素定位:('id', 'id_password')
2023-09-03 17:30:25,871 - INFO BasePage.py [line:85]: 查找验证码框元素定位, 定位方式('id', 'id_code')
2023-09-03 17:30:25,876 - INFO BasePage.py [line:141]: 清除"验证码框",元素定位:('id', 'id_code')
2023-09-03 17:30:25,898 - INFO BasePage.py [line:85]: 查找用户名框元素定位, 定位方式('id', 'id_username')
2023-09-03 17:30:25,903 - INFO BasePage.py [line:104]: 在用户名框输入13713676304, 元素定位: ('id', 'id_username')
2023-09-03 17:30:25,993 - INFO BasePage.py [line:85]: 查找密码框元素定位, 定位方式('id', 'id_password')
2023-09-03 17:30:26,006 - INFO BasePage.py [line:104]: 在密码框输入12345678, 元素定位: ('id', 'id_password')
2023-09-03 17:30:26,071 - INFO BasePage.py [line:85]: 查找验证码框元素定位, 定位方式('id', 'id_code')
2023-09-03 17:30:26,082 - INFO BasePage.py [line:104]: 在验证码框输入1234, 元素定位: ('id', 'id_code')
2023-09-03 17:30:26,140 - INFO BasePage.py [line:39]: 等待元素登录按钮, 定位方式:('id', 'btnSubmit')
2023-09-03 17:30:26,165 - INFO BasePage.py [line:44]: 等待登录按钮, 时长: 0:00:00.025553
2023-09-03 17:30:26,166 - INFO BasePage.py [line:85]: 查找登录按钮元素定位, 定位方式('id', 'btnSubmit')
2023-09-03 17:30:26,172 - INFO BasePage.py [line:155]: 点击"登录按钮",元素定位:('id', 'btnSubmit')
2023-09-03 17:30:29,299 - INFO BasePage.py [line:85]: 查找#bs-example-navbar-collapse-1 > ul.nav.navbar-nav.navbar-right > li > a元素定位, 定位方式css selector
2023-09-03 17:30:31,533 - INFO test_001_loginIndex.py [line:36]: WebDriver 成功退出...
