2023-09-05 18:46:56,679 - INFO test_001_loginIndex.py [line:28]: 
WebDriver 正在初始化...
2023-09-05 18:46:56,679 - INFO test_001_loginIndex.py [line:28]: 
WebDriver 正在初始化...
2023-09-05 18:46:56,831 - INFO test_001_loginIndex.py [line:30]: 打开链接: http://127.0.0.1:8000/login/...
2023-09-05 18:46:56,831 - INFO test_001_loginIndex.py [line:30]: 打开链接: http://127.0.0.1:8000/login/...
2023-09-05 18:46:56,955 - INFO test_001_loginIndex.py [line:35]: WebDriver 初始化完成！
2023-09-05 18:46:56,955 - INFO test_001_loginIndex.py [line:35]: WebDriver 初始化完成！
2023-09-05 18:46:56,962 - INFO MBugIndex.py [line:26]: [=====登录操作=====]
2023-09-05 18:46:56,962 - INFO MBugIndex.py [line:26]: [=====登录操作=====]
2023-09-05 18:46:56,963 - INFO BasePage.py [line:39]: 等待元素用户名框, 定位方式:('id', 'id_username')
2023-09-05 18:46:56,963 - INFO BasePage.py [line:39]: 等待元素用户名框, 定位方式:('id', 'id_username')
2023-09-05 18:46:57,001 - INFO BasePage.py [line:44]: 等待用户名框, 时长: 0:00:00.037705
2023-09-05 18:46:57,001 - INFO BasePage.py [line:44]: 等待用户名框, 时长: 0:00:00.037705
2023-09-05 18:46:57,001 - INFO BasePage.py [line:39]: 等待元素密码框, 定位方式:('id', 'id_password')
2023-09-05 18:46:57,001 - INFO BasePage.py [line:39]: 等待元素密码框, 定位方式:('id', 'id_password')
2023-09-05 18:46:57,026 - INFO BasePage.py [line:44]: 等待密码框, 时长: 0:00:00.024632
2023-09-05 18:46:57,026 - INFO BasePage.py [line:44]: 等待密码框, 时长: 0:00:00.024632
2023-09-05 18:46:57,027 - INFO BasePage.py [line:39]: 等待元素验证码框, 定位方式:('id', 'id_code')
2023-09-05 18:46:57,027 - INFO BasePage.py [line:39]: 等待元素验证码框, 定位方式:('id', 'id_code')
2023-09-05 18:46:57,048 - INFO BasePage.py [line:44]: 等待验证码框, 时长: 0:00:00.020811
2023-09-05 18:46:57,048 - INFO BasePage.py [line:44]: 等待验证码框, 时长: 0:00:00.020811
2023-09-05 18:46:57,049 - INFO BasePage.py [line:85]: 查找用户名框元素定位, 定位方式('id', 'id_username')
2023-09-05 18:46:57,049 - INFO BasePage.py [line:85]: 查找用户名框元素定位, 定位方式('id', 'id_username')
2023-09-05 18:46:57,056 - INFO BasePage.py [line:141]: 清除"用户名框",元素定位:('id', 'id_username')
2023-09-05 18:46:57,056 - INFO BasePage.py [line:141]: 清除"用户名框",元素定位:('id', 'id_username')
2023-09-05 18:46:57,096 - INFO BasePage.py [line:85]: 查找密码框元素定位, 定位方式('id', 'id_password')
2023-09-05 18:46:57,096 - INFO BasePage.py [line:85]: 查找密码框元素定位, 定位方式('id', 'id_password')
2023-09-05 18:46:57,102 - INFO BasePage.py [line:141]: 清除"密码框",元素定位:('id', 'id_password')
2023-09-05 18:46:57,102 - INFO BasePage.py [line:141]: 清除"密码框",元素定位:('id', 'id_password')
2023-09-05 18:46:57,128 - INFO BasePage.py [line:85]: 查找验证码框元素定位, 定位方式('id', 'id_code')
2023-09-05 18:46:57,128 - INFO BasePage.py [line:85]: 查找验证码框元素定位, 定位方式('id', 'id_code')
2023-09-05 18:46:57,135 - INFO BasePage.py [line:141]: 清除"验证码框",元素定位:('id', 'id_code')
2023-09-05 18:46:57,135 - INFO BasePage.py [line:141]: 清除"验证码框",元素定位:('id', 'id_code')
2023-09-05 18:46:57,159 - INFO BasePage.py [line:85]: 查找用户名框元素定位, 定位方式('id', 'id_username')
2023-09-05 18:46:57,159 - INFO BasePage.py [line:85]: 查找用户名框元素定位, 定位方式('id', 'id_username')
2023-09-05 18:46:57,167 - INFO BasePage.py [line:104]: 在用户名框输入597234156@qq.com, 元素定位: ('id', 'id_username')
2023-09-05 18:46:57,167 - INFO BasePage.py [line:104]: 在用户名框输入597234156@qq.com, 元素定位: ('id', 'id_username')
2023-09-05 18:46:57,293 - INFO BasePage.py [line:85]: 查找密码框元素定位, 定位方式('id', 'id_password')
2023-09-05 18:46:57,293 - INFO BasePage.py [line:85]: 查找密码框元素定位, 定位方式('id', 'id_password')
2023-09-05 18:46:57,313 - INFO BasePage.py [line:104]: 在密码框输入12345678, 元素定位: ('id', 'id_password')
2023-09-05 18:46:57,313 - INFO BasePage.py [line:104]: 在密码框输入12345678, 元素定位: ('id', 'id_password')
2023-09-05 18:46:57,411 - INFO BasePage.py [line:85]: 查找验证码框元素定位, 定位方式('id', 'id_code')
2023-09-05 18:46:57,411 - INFO BasePage.py [line:85]: 查找验证码框元素定位, 定位方式('id', 'id_code')
2023-09-05 18:46:57,423 - INFO BasePage.py [line:104]: 在验证码框输入1234, 元素定位: ('id', 'id_code')
2023-09-05 18:46:57,423 - INFO BasePage.py [line:104]: 在验证码框输入1234, 元素定位: ('id', 'id_code')
2023-09-05 18:46:57,512 - INFO BasePage.py [line:39]: 等待元素登录按钮, 定位方式:('id', 'btnSubmit')
2023-09-05 18:46:57,512 - INFO BasePage.py [line:39]: 等待元素登录按钮, 定位方式:('id', 'btnSubmit')
2023-09-05 18:46:57,551 - INFO BasePage.py [line:44]: 等待登录按钮, 时长: 0:00:00.039052
2023-09-05 18:46:57,551 - INFO BasePage.py [line:44]: 等待登录按钮, 时长: 0:00:00.039052
2023-09-05 18:46:57,552 - INFO BasePage.py [line:85]: 查找登录按钮元素定位, 定位方式('id', 'btnSubmit')
2023-09-05 18:46:57,552 - INFO BasePage.py [line:85]: 查找登录按钮元素定位, 定位方式('id', 'btnSubmit')
2023-09-05 18:46:57,570 - INFO BasePage.py [line:155]: 点击"登录按钮",元素定位:('id', 'btnSubmit')
2023-09-05 18:46:57,570 - INFO BasePage.py [line:155]: 点击"登录按钮",元素定位:('id', 'btnSubmit')
2023-09-05 18:47:01,823 - INFO BasePage.py [line:39]: 等待元素新建项目, 定位方式:('xpath', '/html/body/div[1]/a')
2023-09-05 18:47:01,823 - INFO BasePage.py [line:39]: 等待元素新建项目, 定位方式:('xpath', '/html/body/div[1]/a')
2023-09-05 18:47:01,856 - INFO BasePage.py [line:44]: 等待新建项目, 时长: 0:00:00.032194
2023-09-05 18:47:01,856 - INFO BasePage.py [line:44]: 等待新建项目, 时长: 0:00:00.032194
2023-09-05 18:47:01,856 - INFO BasePage.py [line:85]: 查找新建项目元素定位, 定位方式('xpath', '/html/body/div[1]/a')
2023-09-05 18:47:01,856 - INFO BasePage.py [line:85]: 查找新建项目元素定位, 定位方式('xpath', '/html/body/div[1]/a')
2023-09-05 18:47:01,863 - INFO BasePage.py [line:155]: 点击"新建项目",元素定位:('xpath', '/html/body/div[1]/a')
2023-09-05 18:47:01,863 - INFO BasePage.py [line:155]: 点击"新建项目",元素定位:('xpath', '/html/body/div[1]/a')
2023-09-05 18:47:01,897 - INFO BasePage.py [line:39]: 等待元素项目名称, 定位方式:('id', 'id_name')
2023-09-05 18:47:01,897 - INFO BasePage.py [line:39]: 等待元素项目名称, 定位方式:('id', 'id_name')
2023-09-05 18:47:02,435 - INFO BasePage.py [line:44]: 等待项目名称, 时长: 0:00:00.537947
2023-09-05 18:47:02,435 - INFO BasePage.py [line:44]: 等待项目名称, 时长: 0:00:00.537947
2023-09-05 18:47:02,435 - INFO BasePage.py [line:85]: 查找项目名称元素定位, 定位方式('id', 'id_name')
2023-09-05 18:47:02,435 - INFO BasePage.py [line:85]: 查找项目名称元素定位, 定位方式('id', 'id_name')
2023-09-05 18:47:02,441 - INFO BasePage.py [line:104]: 在项目名称输入bb, 元素定位: ('id', 'id_name')
2023-09-05 18:47:02,441 - INFO BasePage.py [line:104]: 在项目名称输入bb, 元素定位: ('id', 'id_name')
2023-09-05 18:47:02,498 - INFO BasePage.py [line:85]: 查找颜色1元素定位, 定位方式('xpath', '/html/body/div[3]/div[3]/div/div/div[2]/form/div[2]/div/label[1]/span')
2023-09-05 18:47:02,498 - INFO BasePage.py [line:85]: 查找颜色1元素定位, 定位方式('xpath', '/html/body/div[3]/div[3]/div/div/div[2]/form/div[2]/div/label[1]/span')
