2023-09-05 18:44:59,670 - INFO test_001_loginIndex.py [line:28]: 
WebDriver 正在初始化...
2023-09-05 18:44:59,670 - INFO test_001_loginIndex.py [line:28]: 
WebDriver 正在初始化...
2023-09-05 18:44:59,874 - INFO test_001_loginIndex.py [line:30]: 打开链接: http://127.0.0.1:8000/login/...
2023-09-05 18:44:59,874 - INFO test_001_loginIndex.py [line:30]: 打开链接: http://127.0.0.1:8000/login/...
2023-09-05 18:45:00,002 - INFO test_001_loginIndex.py [line:35]: WebDriver 初始化完成！
2023-09-05 18:45:00,002 - INFO test_001_loginIndex.py [line:35]: WebDriver 初始化完成！
2023-09-05 18:45:00,006 - INFO MBugIndex.py [line:26]: [=====登录操作=====]
2023-09-05 18:45:00,006 - INFO MBugIndex.py [line:26]: [=====登录操作=====]
2023-09-05 18:45:00,007 - INFO BasePage.py [line:39]: 等待元素用户名框, 定位方式:('id', 'id_username')
2023-09-05 18:45:00,007 - INFO BasePage.py [line:39]: 等待元素用户名框, 定位方式:('id', 'id_username')
2023-09-05 18:45:00,071 - INFO BasePage.py [line:44]: 等待用户名框, 时长: 0:00:00.063922
2023-09-05 18:45:00,071 - INFO BasePage.py [line:44]: 等待用户名框, 时长: 0:00:00.063922
2023-09-05 18:45:00,072 - INFO BasePage.py [line:39]: 等待元素密码框, 定位方式:('id', 'id_password')
2023-09-05 18:45:00,072 - INFO BasePage.py [line:39]: 等待元素密码框, 定位方式:('id', 'id_password')
2023-09-05 18:45:00,109 - INFO BasePage.py [line:44]: 等待密码框, 时长: 0:00:00.035472
2023-09-05 18:45:00,109 - INFO BasePage.py [line:44]: 等待密码框, 时长: 0:00:00.035472
2023-09-05 18:45:00,110 - INFO BasePage.py [line:39]: 等待元素验证码框, 定位方式:('id', 'id_code')
2023-09-05 18:45:00,110 - INFO BasePage.py [line:39]: 等待元素验证码框, 定位方式:('id', 'id_code')
2023-09-05 18:45:00,140 - INFO BasePage.py [line:44]: 等待验证码框, 时长: 0:00:00.030585
2023-09-05 18:45:00,140 - INFO BasePage.py [line:44]: 等待验证码框, 时长: 0:00:00.030585
2023-09-05 18:45:00,141 - INFO BasePage.py [line:85]: 查找用户名框元素定位, 定位方式('id', 'id_username')
2023-09-05 18:45:00,141 - INFO BasePage.py [line:85]: 查找用户名框元素定位, 定位方式('id', 'id_username')
2023-09-05 18:45:00,151 - INFO BasePage.py [line:141]: 清除"用户名框",元素定位:('id', 'id_username')
2023-09-05 18:45:00,151 - INFO BasePage.py [line:141]: 清除"用户名框",元素定位:('id', 'id_username')
2023-09-05 18:45:00,202 - INFO BasePage.py [line:85]: 查找密码框元素定位, 定位方式('id', 'id_password')
2023-09-05 18:45:00,202 - INFO BasePage.py [line:85]: 查找密码框元素定位, 定位方式('id', 'id_password')
2023-09-05 18:45:00,213 - INFO BasePage.py [line:141]: 清除"密码框",元素定位:('id', 'id_password')
2023-09-05 18:45:00,213 - INFO BasePage.py [line:141]: 清除"密码框",元素定位:('id', 'id_password')
2023-09-05 18:45:00,240 - INFO BasePage.py [line:85]: 查找验证码框元素定位, 定位方式('id', 'id_code')
2023-09-05 18:45:00,240 - INFO BasePage.py [line:85]: 查找验证码框元素定位, 定位方式('id', 'id_code')
2023-09-05 18:45:00,247 - INFO BasePage.py [line:141]: 清除"验证码框",元素定位:('id', 'id_code')
2023-09-05 18:45:00,247 - INFO BasePage.py [line:141]: 清除"验证码框",元素定位:('id', 'id_code')
2023-09-05 18:45:00,270 - INFO BasePage.py [line:85]: 查找用户名框元素定位, 定位方式('id', 'id_username')
2023-09-05 18:45:00,270 - INFO BasePage.py [line:85]: 查找用户名框元素定位, 定位方式('id', 'id_username')
2023-09-05 18:45:00,277 - INFO BasePage.py [line:104]: 在用户名框输入597234156@qq.com, 元素定位: ('id', 'id_username')
2023-09-05 18:45:00,277 - INFO BasePage.py [line:104]: 在用户名框输入597234156@qq.com, 元素定位: ('id', 'id_username')
2023-09-05 18:45:00,403 - INFO BasePage.py [line:85]: 查找密码框元素定位, 定位方式('id', 'id_password')
2023-09-05 18:45:00,403 - INFO BasePage.py [line:85]: 查找密码框元素定位, 定位方式('id', 'id_password')
2023-09-05 18:45:00,416 - INFO BasePage.py [line:104]: 在密码框输入12345678, 元素定位: ('id', 'id_password')
2023-09-05 18:45:00,416 - INFO BasePage.py [line:104]: 在密码框输入12345678, 元素定位: ('id', 'id_password')
2023-09-05 18:45:00,487 - INFO BasePage.py [line:85]: 查找验证码框元素定位, 定位方式('id', 'id_code')
2023-09-05 18:45:00,487 - INFO BasePage.py [line:85]: 查找验证码框元素定位, 定位方式('id', 'id_code')
2023-09-05 18:45:00,499 - INFO BasePage.py [line:104]: 在验证码框输入1234, 元素定位: ('id', 'id_code')
2023-09-05 18:45:00,499 - INFO BasePage.py [line:104]: 在验证码框输入1234, 元素定位: ('id', 'id_code')
2023-09-05 18:45:00,579 - INFO BasePage.py [line:39]: 等待元素登录按钮, 定位方式:('id', 'btnSubmit')
2023-09-05 18:45:00,579 - INFO BasePage.py [line:39]: 等待元素登录按钮, 定位方式:('id', 'btnSubmit')
2023-09-05 18:45:00,613 - INFO BasePage.py [line:44]: 等待登录按钮, 时长: 0:00:00.031920
2023-09-05 18:45:00,613 - INFO BasePage.py [line:44]: 等待登录按钮, 时长: 0:00:00.031920
2023-09-05 18:45:00,613 - INFO BasePage.py [line:85]: 查找登录按钮元素定位, 定位方式('id', 'btnSubmit')
2023-09-05 18:45:00,613 - INFO BasePage.py [line:85]: 查找登录按钮元素定位, 定位方式('id', 'btnSubmit')
2023-09-05 18:45:00,620 - INFO BasePage.py [line:155]: 点击"登录按钮",元素定位:('id', 'btnSubmit')
2023-09-05 18:45:00,620 - INFO BasePage.py [line:155]: 点击"登录按钮",元素定位:('id', 'btnSubmit')
2023-09-05 18:45:03,871 - INFO BasePage.py [line:39]: 等待元素新建项目, 定位方式:('xpath', '/html/body/div[1]/a')
2023-09-05 18:45:03,871 - INFO BasePage.py [line:39]: 等待元素新建项目, 定位方式:('xpath', '/html/body/div[1]/a')
2023-09-05 18:45:03,908 - INFO BasePage.py [line:44]: 等待新建项目, 时长: 0:00:00.036837
2023-09-05 18:45:03,908 - INFO BasePage.py [line:44]: 等待新建项目, 时长: 0:00:00.036837
2023-09-05 18:45:03,908 - INFO BasePage.py [line:85]: 查找新建项目元素定位, 定位方式('xpath', '/html/body/div[1]/a')
2023-09-05 18:45:03,908 - INFO BasePage.py [line:85]: 查找新建项目元素定位, 定位方式('xpath', '/html/body/div[1]/a')
2023-09-05 18:45:03,919 - INFO BasePage.py [line:155]: 点击"新建项目",元素定位:('xpath', '/html/body/div[1]/a')
2023-09-05 18:45:03,919 - INFO BasePage.py [line:155]: 点击"新建项目",元素定位:('xpath', '/html/body/div[1]/a')
2023-09-05 18:45:03,957 - INFO BasePage.py [line:39]: 等待元素项目名称, 定位方式:('id', 'id_name')
2023-09-05 18:45:03,957 - INFO BasePage.py [line:39]: 等待元素项目名称, 定位方式:('id', 'id_name')
2023-09-05 18:45:04,502 - INFO BasePage.py [line:44]: 等待项目名称, 时长: 0:00:00.544940
2023-09-05 18:45:04,502 - INFO BasePage.py [line:44]: 等待项目名称, 时长: 0:00:00.544940
2023-09-05 18:45:04,502 - INFO BasePage.py [line:85]: 查找项目名称元素定位, 定位方式('id', 'id_name')
2023-09-05 18:45:04,502 - INFO BasePage.py [line:85]: 查找项目名称元素定位, 定位方式('id', 'id_name')
2023-09-05 18:45:04,510 - INFO BasePage.py [line:104]: 在项目名称输入bb, 元素定位: ('id', 'id_name')
2023-09-05 18:45:04,510 - INFO BasePage.py [line:104]: 在项目名称输入bb, 元素定位: ('id', 'id_name')
2023-09-05 18:45:04,568 - INFO BasePage.py [line:85]: 查找颜色1元素定位, 定位方式('id', 'id_color_1')
2023-09-05 18:45:04,568 - INFO BasePage.py [line:85]: 查找颜色1元素定位, 定位方式('id', 'id_color_1')
2023-09-05 18:45:04,593 - INFO BasePage.py [line:85]: 查找项目描述元素定位, 定位方式('id', 'id_desc')
2023-09-05 18:45:04,593 - INFO BasePage.py [line:85]: 查找项目描述元素定位, 定位方式('id', 'id_desc')
2023-09-05 18:45:04,609 - INFO BasePage.py [line:104]: 在项目描述输入bbbb, 元素定位: ('id', 'id_desc')
2023-09-05 18:45:04,609 - INFO BasePage.py [line:104]: 在项目描述输入bbbb, 元素定位: ('id', 'id_desc')
2023-09-05 18:45:06,979 - INFO test_001_loginIndex.py [line:38]: WebDriver 成功退出...
2023-09-05 18:45:06,979 - INFO test_001_loginIndex.py [line:38]: WebDriver 成功退出...
