2023-09-05 18:40:55,111 - INFO test_001_loginIndex.py [line:28]: 
WebDriver 正在初始化...
2023-09-05 18:40:55,111 - INFO test_001_loginIndex.py [line:28]: 
WebDriver 正在初始化...
2023-09-05 18:40:55,265 - INFO test_001_loginIndex.py [line:30]: 打开链接: http://127.0.0.1:8000/login/...
2023-09-05 18:40:55,265 - INFO test_001_loginIndex.py [line:30]: 打开链接: http://127.0.0.1:8000/login/...
2023-09-05 18:40:55,393 - INFO test_001_loginIndex.py [line:35]: WebDriver 初始化完成！
2023-09-05 18:40:55,393 - INFO test_001_loginIndex.py [line:35]: WebDriver 初始化完成！
2023-09-05 18:40:55,399 - INFO MBugIndex.py [line:26]: [=====登录操作=====]
2023-09-05 18:40:55,399 - INFO MBugIndex.py [line:26]: [=====登录操作=====]
2023-09-05 18:40:55,399 - INFO BasePage.py [line:39]: 等待元素用户名框, 定位方式:('id', 'id_username')
2023-09-05 18:40:55,399 - INFO BasePage.py [line:39]: 等待元素用户名框, 定位方式:('id', 'id_username')
2023-09-05 18:40:55,444 - INFO BasePage.py [line:44]: 等待用户名框, 时长: 0:00:00.043613
2023-09-05 18:40:55,444 - INFO BasePage.py [line:44]: 等待用户名框, 时长: 0:00:00.043613
2023-09-05 18:40:55,445 - INFO BasePage.py [line:39]: 等待元素密码框, 定位方式:('id', 'id_password')
2023-09-05 18:40:55,445 - INFO BasePage.py [line:39]: 等待元素密码框, 定位方式:('id', 'id_password')
2023-09-05 18:40:55,472 - INFO BasePage.py [line:44]: 等待密码框, 时长: 0:00:00.027641
2023-09-05 18:40:55,472 - INFO BasePage.py [line:44]: 等待密码框, 时长: 0:00:00.027641
2023-09-05 18:40:55,473 - INFO BasePage.py [line:39]: 等待元素验证码框, 定位方式:('id', 'id_code')
2023-09-05 18:40:55,473 - INFO BasePage.py [line:39]: 等待元素验证码框, 定位方式:('id', 'id_code')
2023-09-05 18:40:55,495 - INFO BasePage.py [line:44]: 等待验证码框, 时长: 0:00:00.022096
2023-09-05 18:40:55,495 - INFO BasePage.py [line:44]: 等待验证码框, 时长: 0:00:00.022096
2023-09-05 18:40:55,495 - INFO BasePage.py [line:85]: 查找用户名框元素定位, 定位方式('id', 'id_username')
2023-09-05 18:40:55,495 - INFO BasePage.py [line:85]: 查找用户名框元素定位, 定位方式('id', 'id_username')
2023-09-05 18:40:55,503 - INFO BasePage.py [line:141]: 清除"用户名框",元素定位:('id', 'id_username')
2023-09-05 18:40:55,503 - INFO BasePage.py [line:141]: 清除"用户名框",元素定位:('id', 'id_username')
2023-09-05 18:40:55,543 - INFO BasePage.py [line:85]: 查找密码框元素定位, 定位方式('id', 'id_password')
2023-09-05 18:40:55,543 - INFO BasePage.py [line:85]: 查找密码框元素定位, 定位方式('id', 'id_password')
2023-09-05 18:40:55,551 - INFO BasePage.py [line:141]: 清除"密码框",元素定位:('id', 'id_password')
2023-09-05 18:40:55,551 - INFO BasePage.py [line:141]: 清除"密码框",元素定位:('id', 'id_password')
2023-09-05 18:40:55,577 - INFO BasePage.py [line:85]: 查找验证码框元素定位, 定位方式('id', 'id_code')
2023-09-05 18:40:55,577 - INFO BasePage.py [line:85]: 查找验证码框元素定位, 定位方式('id', 'id_code')
2023-09-05 18:40:55,585 - INFO BasePage.py [line:141]: 清除"验证码框",元素定位:('id', 'id_code')
2023-09-05 18:40:55,585 - INFO BasePage.py [line:141]: 清除"验证码框",元素定位:('id', 'id_code')
2023-09-05 18:40:55,609 - INFO BasePage.py [line:85]: 查找用户名框元素定位, 定位方式('id', 'id_username')
2023-09-05 18:40:55,609 - INFO BasePage.py [line:85]: 查找用户名框元素定位, 定位方式('id', 'id_username')
2023-09-05 18:40:55,615 - INFO BasePage.py [line:104]: 在用户名框输入597234156@qq.com, 元素定位: ('id', 'id_username')
2023-09-05 18:40:55,615 - INFO BasePage.py [line:104]: 在用户名框输入597234156@qq.com, 元素定位: ('id', 'id_username')
2023-09-05 18:40:55,724 - INFO BasePage.py [line:85]: 查找密码框元素定位, 定位方式('id', 'id_password')
2023-09-05 18:40:55,724 - INFO BasePage.py [line:85]: 查找密码框元素定位, 定位方式('id', 'id_password')
2023-09-05 18:40:55,742 - INFO BasePage.py [line:104]: 在密码框输入12345678, 元素定位: ('id', 'id_password')
2023-09-05 18:40:55,742 - INFO BasePage.py [line:104]: 在密码框输入12345678, 元素定位: ('id', 'id_password')
2023-09-05 18:40:55,811 - INFO BasePage.py [line:85]: 查找验证码框元素定位, 定位方式('id', 'id_code')
2023-09-05 18:40:55,811 - INFO BasePage.py [line:85]: 查找验证码框元素定位, 定位方式('id', 'id_code')
2023-09-05 18:40:55,824 - INFO BasePage.py [line:104]: 在验证码框输入1234, 元素定位: ('id', 'id_code')
2023-09-05 18:40:55,824 - INFO BasePage.py [line:104]: 在验证码框输入1234, 元素定位: ('id', 'id_code')
2023-09-05 18:40:55,903 - INFO BasePage.py [line:39]: 等待元素登录按钮, 定位方式:('id', 'btnSubmit')
2023-09-05 18:40:55,903 - INFO BasePage.py [line:39]: 等待元素登录按钮, 定位方式:('id', 'btnSubmit')
2023-09-05 18:40:55,937 - INFO BasePage.py [line:44]: 等待登录按钮, 时长: 0:00:00.033204
2023-09-05 18:40:55,937 - INFO BasePage.py [line:44]: 等待登录按钮, 时长: 0:00:00.033204
2023-09-05 18:40:55,938 - INFO BasePage.py [line:85]: 查找登录按钮元素定位, 定位方式('id', 'btnSubmit')
2023-09-05 18:40:55,938 - INFO BasePage.py [line:85]: 查找登录按钮元素定位, 定位方式('id', 'btnSubmit')
2023-09-05 18:40:55,954 - INFO BasePage.py [line:155]: 点击"登录按钮",元素定位:('id', 'btnSubmit')
2023-09-05 18:40:55,954 - INFO BasePage.py [line:155]: 点击"登录按钮",元素定位:('id', 'btnSubmit')
2023-09-05 18:40:59,204 - INFO BasePage.py [line:39]: 等待元素新建项目, 定位方式:('xpath', '/html/body/div[1]/a')
2023-09-05 18:40:59,204 - INFO BasePage.py [line:39]: 等待元素新建项目, 定位方式:('xpath', '/html/body/div[1]/a')
2023-09-05 18:40:59,232 - INFO BasePage.py [line:44]: 等待新建项目, 时长: 0:00:00.026642
2023-09-05 18:40:59,232 - INFO BasePage.py [line:44]: 等待新建项目, 时长: 0:00:00.026642
2023-09-05 18:40:59,233 - INFO BasePage.py [line:85]: 查找新建项目元素定位, 定位方式('xpath', '/html/body/div[1]/a')
2023-09-05 18:40:59,233 - INFO BasePage.py [line:85]: 查找新建项目元素定位, 定位方式('xpath', '/html/body/div[1]/a')
2023-09-05 18:40:59,241 - INFO BasePage.py [line:155]: 点击"新建项目",元素定位:('xpath', '/html/body/div[1]/a')
2023-09-05 18:40:59,241 - INFO BasePage.py [line:155]: 点击"新建项目",元素定位:('xpath', '/html/body/div[1]/a')
2023-09-05 18:40:59,278 - INFO BasePage.py [line:39]: 等待元素项目名称, 定位方式:('id', 'id_name')
2023-09-05 18:40:59,278 - INFO BasePage.py [line:39]: 等待元素项目名称, 定位方式:('id', 'id_name')
2023-09-05 18:40:59,824 - INFO BasePage.py [line:44]: 等待项目名称, 时长: 0:00:00.544671
2023-09-05 18:40:59,824 - INFO BasePage.py [line:44]: 等待项目名称, 时长: 0:00:00.544671
2023-09-05 18:40:59,824 - INFO BasePage.py [line:85]: 查找项目名称元素定位, 定位方式('id', 'id_name')
2023-09-05 18:40:59,824 - INFO BasePage.py [line:85]: 查找项目名称元素定位, 定位方式('id', 'id_name')
2023-09-05 18:40:59,832 - INFO BasePage.py [line:104]: 在项目名称输入bb, 元素定位: ('id', 'id_name')
2023-09-05 18:40:59,832 - INFO BasePage.py [line:104]: 在项目名称输入bb, 元素定位: ('id', 'id_name')
2023-09-05 18:41:02,392 - INFO test_001_loginIndex.py [line:38]: WebDriver 成功退出...
2023-09-05 18:41:02,392 - INFO test_001_loginIndex.py [line:38]: WebDriver 成功退出...
