2023-09-05 17:06:38,547 - INFO test_001_loginIndex.py [line:28]: 
WebDriver 正在初始化...
2023-09-05 17:06:38,547 - INFO test_001_loginIndex.py [line:28]: 
WebDriver 正在初始化...
2023-09-05 17:06:38,689 - INFO test_001_loginIndex.py [line:30]: 打开链接: http://127.0.0.1:8000/login/...
2023-09-05 17:06:38,689 - INFO test_001_loginIndex.py [line:30]: 打开链接: http://127.0.0.1:8000/login/...
2023-09-05 17:06:38,813 - INFO test_001_loginIndex.py [line:35]: WebDriver 初始化完成！
2023-09-05 17:06:38,813 - INFO test_001_loginIndex.py [line:35]: WebDriver 初始化完成！
2023-09-05 17:06:38,820 - INFO MBugIndex.py [line:26]: [=====登录操作=====]
2023-09-05 17:06:38,820 - INFO MBugIndex.py [line:26]: [=====登录操作=====]
2023-09-05 17:06:38,821 - INFO BasePage.py [line:39]: 等待元素用户名框, 定位方式:('id', 'id_username')
2023-09-05 17:06:38,821 - INFO BasePage.py [line:39]: 等待元素用户名框, 定位方式:('id', 'id_username')
2023-09-05 17:06:38,862 - INFO BasePage.py [line:44]: 等待用户名框, 时长: 0:00:00.040618
2023-09-05 17:06:38,862 - INFO BasePage.py [line:44]: 等待用户名框, 时长: 0:00:00.040618
2023-09-05 17:06:38,862 - INFO BasePage.py [line:39]: 等待元素密码框, 定位方式:('id', 'id_password')
2023-09-05 17:06:38,862 - INFO BasePage.py [line:39]: 等待元素密码框, 定位方式:('id', 'id_password')
2023-09-05 17:06:38,890 - INFO BasePage.py [line:44]: 等待密码框, 时长: 0:00:00.027067
2023-09-05 17:06:38,890 - INFO BasePage.py [line:44]: 等待密码框, 时长: 0:00:00.027067
2023-09-05 17:06:38,891 - INFO BasePage.py [line:39]: 等待元素验证码框, 定位方式:('id', 'id_code')
2023-09-05 17:06:38,891 - INFO BasePage.py [line:39]: 等待元素验证码框, 定位方式:('id', 'id_code')
2023-09-05 17:06:38,915 - INFO BasePage.py [line:44]: 等待验证码框, 时长: 0:00:00.024404
2023-09-05 17:06:38,915 - INFO BasePage.py [line:44]: 等待验证码框, 时长: 0:00:00.024404
2023-09-05 17:06:38,916 - INFO BasePage.py [line:85]: 查找用户名框元素定位, 定位方式('id', 'id_username')
2023-09-05 17:06:38,916 - INFO BasePage.py [line:85]: 查找用户名框元素定位, 定位方式('id', 'id_username')
2023-09-05 17:06:38,923 - INFO BasePage.py [line:141]: 清除"用户名框",元素定位:('id', 'id_username')
2023-09-05 17:06:38,923 - INFO BasePage.py [line:141]: 清除"用户名框",元素定位:('id', 'id_username')
2023-09-05 17:06:38,961 - INFO BasePage.py [line:85]: 查找密码框元素定位, 定位方式('id', 'id_password')
2023-09-05 17:06:38,961 - INFO BasePage.py [line:85]: 查找密码框元素定位, 定位方式('id', 'id_password')
2023-09-05 17:06:38,971 - INFO BasePage.py [line:141]: 清除"密码框",元素定位:('id', 'id_password')
2023-09-05 17:06:38,971 - INFO BasePage.py [line:141]: 清除"密码框",元素定位:('id', 'id_password')
2023-09-05 17:06:38,995 - INFO BasePage.py [line:85]: 查找验证码框元素定位, 定位方式('id', 'id_code')
2023-09-05 17:06:38,995 - INFO BasePage.py [line:85]: 查找验证码框元素定位, 定位方式('id', 'id_code')
2023-09-05 17:06:39,004 - INFO BasePage.py [line:141]: 清除"验证码框",元素定位:('id', 'id_code')
2023-09-05 17:06:39,004 - INFO BasePage.py [line:141]: 清除"验证码框",元素定位:('id', 'id_code')
2023-09-05 17:06:39,030 - INFO BasePage.py [line:85]: 查找用户名框元素定位, 定位方式('id', 'id_username')
2023-09-05 17:06:39,030 - INFO BasePage.py [line:85]: 查找用户名框元素定位, 定位方式('id', 'id_username')
2023-09-05 17:06:39,040 - INFO BasePage.py [line:104]: 在用户名框输入597234156@qq.com, 元素定位: ('id', 'id_username')
2023-09-05 17:06:39,040 - INFO BasePage.py [line:104]: 在用户名框输入597234156@qq.com, 元素定位: ('id', 'id_username')
2023-09-05 17:06:39,161 - INFO BasePage.py [line:85]: 查找密码框元素定位, 定位方式('id', 'id_password')
2023-09-05 17:06:39,161 - INFO BasePage.py [line:85]: 查找密码框元素定位, 定位方式('id', 'id_password')
2023-09-05 17:06:39,180 - INFO BasePage.py [line:104]: 在密码框输入12345678, 元素定位: ('id', 'id_password')
2023-09-05 17:06:39,180 - INFO BasePage.py [line:104]: 在密码框输入12345678, 元素定位: ('id', 'id_password')
2023-09-05 17:06:39,254 - INFO BasePage.py [line:85]: 查找验证码框元素定位, 定位方式('id', 'id_code')
2023-09-05 17:06:39,254 - INFO BasePage.py [line:85]: 查找验证码框元素定位, 定位方式('id', 'id_code')
2023-09-05 17:06:39,271 - INFO BasePage.py [line:104]: 在验证码框输入1234, 元素定位: ('id', 'id_code')
2023-09-05 17:06:39,271 - INFO BasePage.py [line:104]: 在验证码框输入1234, 元素定位: ('id', 'id_code')
2023-09-05 17:06:39,350 - INFO BasePage.py [line:39]: 等待元素登录按钮, 定位方式:('id', 'btnSubmit')
2023-09-05 17:06:39,350 - INFO BasePage.py [line:39]: 等待元素登录按钮, 定位方式:('id', 'btnSubmit')
2023-09-05 17:06:39,386 - INFO BasePage.py [line:44]: 等待登录按钮, 时长: 0:00:00.035114
2023-09-05 17:06:39,386 - INFO BasePage.py [line:44]: 等待登录按钮, 时长: 0:00:00.035114
2023-09-05 17:06:39,386 - INFO BasePage.py [line:85]: 查找登录按钮元素定位, 定位方式('id', 'btnSubmit')
2023-09-05 17:06:39,386 - INFO BasePage.py [line:85]: 查找登录按钮元素定位, 定位方式('id', 'btnSubmit')
2023-09-05 17:06:39,398 - INFO BasePage.py [line:155]: 点击"登录按钮",元素定位:('id', 'btnSubmit')
2023-09-05 17:06:39,398 - INFO BasePage.py [line:155]: 点击"登录按钮",元素定位:('id', 'btnSubmit')
2023-09-05 17:06:44,784 - INFO BasePage.py [line:39]: 等待元素新建项目, 定位方式:('xpath', '/html/body/div[1]/a')
2023-09-05 17:06:44,784 - INFO BasePage.py [line:39]: 等待元素新建项目, 定位方式:('xpath', '/html/body/div[1]/a')
2023-09-05 17:06:44,813 - INFO BasePage.py [line:44]: 等待新建项目, 时长: 0:00:00.028562
2023-09-05 17:06:44,813 - INFO BasePage.py [line:44]: 等待新建项目, 时长: 0:00:00.028562
2023-09-05 17:06:45,668 - INFO BasePage.py [line:85]: 查找新建项目元素定位, 定位方式('xpath', '/html/body/div[1]/a')
2023-09-05 17:06:45,668 - INFO BasePage.py [line:85]: 查找新建项目元素定位, 定位方式('xpath', '/html/body/div[1]/a')
2023-09-05 17:06:45,675 - INFO BasePage.py [line:155]: 点击"新建项目",元素定位:('xpath', '/html/body/div[1]/a')
2023-09-05 17:06:45,675 - INFO BasePage.py [line:155]: 点击"新建项目",元素定位:('xpath', '/html/body/div[1]/a')
2023-09-05 17:06:46,976 - INFO BasePage.py [line:39]: 等待元素项目名称, 定位方式:('id', 'id_name')
2023-09-05 17:06:46,976 - INFO BasePage.py [line:39]: 等待元素项目名称, 定位方式:('id', 'id_name')
2023-09-05 17:06:46,998 - INFO BasePage.py [line:44]: 等待项目名称, 时长: 0:00:00.021526
2023-09-05 17:06:46,998 - INFO BasePage.py [line:44]: 等待项目名称, 时长: 0:00:00.021526
2023-09-05 17:06:48,559 - INFO BasePage.py [line:85]: 查找项目名称元素定位, 定位方式('id', 'id_name')
2023-09-05 17:06:48,559 - INFO BasePage.py [line:85]: 查找项目名称元素定位, 定位方式('id', 'id_name')
2023-09-05 17:06:48,569 - INFO BasePage.py [line:104]: 在项目名称输入bb, 元素定位: ('id', 'id_name')
2023-09-05 17:06:48,569 - INFO BasePage.py [line:104]: 在项目名称输入bb, 元素定位: ('id', 'id_name')
2023-09-05 17:06:51,346 - INFO BasePage.py [line:85]: 查找颜色0元素定位, 定位方式('id', 'id_color_0')
2023-09-05 17:06:51,346 - INFO BasePage.py [line:85]: 查找颜色0元素定位, 定位方式('id', 'id_color_0')
2023-09-05 17:06:51,358 - INFO BasePage.py [line:155]: 点击"颜色0",元素定位:('id', 'id_color_0')
2023-09-05 17:06:51,358 - INFO BasePage.py [line:155]: 点击"颜色0",元素定位:('id', 'id_color_0')
2023-09-05 17:07:01,375 - ERROR BasePage.py [line:159]: "颜色0"点击失败
Traceback (most recent call last):
  File "c:\Users\59723\Desktop\z\pom_demo\Common\BasePage.py", line 157, in click_element
    ele.click()
  File "C:\Users\59723\miniconda3\envs\django\lib\site-packages\selenium\webdriver\remote\webelement.py", line 94, in click
    self._execute(Command.CLICK_ELEMENT)
  File "C:\Users\59723\miniconda3\envs\django\lib\site-packages\selenium\webdriver\remote\webelement.py", line 403, in _execute
    return self._parent.execute(command, params)
  File "C:\Users\59723\miniconda3\envs\django\lib\site-packages\selenium\webdriver\remote\webdriver.py", line 440, in execute
    self.error_handler.check_response(response)
  File "C:\Users\59723\miniconda3\envs\django\lib\site-packages\selenium\webdriver\remote\errorhandler.py", line 245, in check_response
    raise exception_class(message, screen, stacktrace)
selenium.common.exceptions.ElementNotInteractableException: Message: element not interactable
  (Session info: MicrosoftEdge=116.0.1938.69)
Stacktrace:
	GetHandleVerifier [0x00007FF785133DB2+61490]
	Microsoft::Applications::Events::EventProperty::~EventProperty [0x00007FF7850C6002+740642]
	(No symbol) [0x00007FF784E9B6E0]
	(No symbol) [0x00007FF784EE4650]
	(No symbol) [0x00007FF784ED75AC]
	(No symbol) [0x00007FF784F0390A]
	(No symbol) [0x00007FF784ED7021]
	(No symbol) [0x00007FF784ED6ECD]
	(No symbol) [0x00007FF784F03C40]
	(No symbol) [0x00007FF784ED7021]
	(No symbol) [0x00007FF784F1CE21]
	(No symbol) [0x00007FF784F036E3]
	(No symbol) [0x00007FF784ED5EAA]
	(No symbol) [0x00007FF784ED518B]
	(No symbol) [0x00007FF784ED6634]
	Microsoft::Applications::Events::ILogManager::DispatchEventBroadcast [0x00007FF7852F8D69+1207369]
	(No symbol) [0x00007FF784F55304]
	Microsoft::Applications::Events::EventProperty::~EventProperty [0x00007FF7850190F1+32273]
	Microsoft::Applications::Events::EventProperty::~EventProperty [0x00007FF7850119E9+1801]
	Microsoft::Applications::Events::ILogManager::DispatchEventBroadcast [0x00007FF7852F7944+1202212]
	Microsoft::Applications::Events::ILogConfiguration::operator* [0x00007FF7850CE998+19784]
	Microsoft::Applications::Events::ILogConfiguration::operator* [0x00007FF7850CAE54+4612]
	Microsoft::Applications::Events::ILogConfiguration::operator* [0x00007FF7850CAF86+4918]
	Microsoft::Applications::Events::EventProperty::~EventProperty [0x00007FF7850BF451+713073]
	BaseThreadInitThunk [0x00007FFCDEE526AD+29]
	RtlUserThreadStart [0x00007FFCE108AA68+40]

2023-09-05 17:07:01,375 - ERROR BasePage.py [line:159]: "颜色0"点击失败
Traceback (most recent call last):
  File "c:\Users\59723\Desktop\z\pom_demo\Common\BasePage.py", line 157, in click_element
    ele.click()
  File "C:\Users\59723\miniconda3\envs\django\lib\site-packages\selenium\webdriver\remote\webelement.py", line 94, in click
    self._execute(Command.CLICK_ELEMENT)
  File "C:\Users\59723\miniconda3\envs\django\lib\site-packages\selenium\webdriver\remote\webelement.py", line 403, in _execute
    return self._parent.execute(command, params)
  File "C:\Users\59723\miniconda3\envs\django\lib\site-packages\selenium\webdriver\remote\webdriver.py", line 440, in execute
    self.error_handler.check_response(response)
  File "C:\Users\59723\miniconda3\envs\django\lib\site-packages\selenium\webdriver\remote\errorhandler.py", line 245, in check_response
    raise exception_class(message, screen, stacktrace)
selenium.common.exceptions.ElementNotInteractableException: Message: element not interactable
  (Session info: MicrosoftEdge=116.0.1938.69)
Stacktrace:
	GetHandleVerifier [0x00007FF785133DB2+61490]
	Microsoft::Applications::Events::EventProperty::~EventProperty [0x00007FF7850C6002+740642]
	(No symbol) [0x00007FF784E9B6E0]
	(No symbol) [0x00007FF784EE4650]
	(No symbol) [0x00007FF784ED75AC]
	(No symbol) [0x00007FF784F0390A]
	(No symbol) [0x00007FF784ED7021]
	(No symbol) [0x00007FF784ED6ECD]
	(No symbol) [0x00007FF784F03C40]
	(No symbol) [0x00007FF784ED7021]
	(No symbol) [0x00007FF784F1CE21]
	(No symbol) [0x00007FF784F036E3]
	(No symbol) [0x00007FF784ED5EAA]
	(No symbol) [0x00007FF784ED518B]
	(No symbol) [0x00007FF784ED6634]
	Microsoft::Applications::Events::ILogManager::DispatchEventBroadcast [0x00007FF7852F8D69+1207369]
	(No symbol) [0x00007FF784F55304]
	Microsoft::Applications::Events::EventProperty::~EventProperty [0x00007FF7850190F1+32273]
	Microsoft::Applications::Events::EventProperty::~EventProperty [0x00007FF7850119E9+1801]
	Microsoft::Applications::Events::ILogManager::DispatchEventBroadcast [0x00007FF7852F7944+1202212]
	Microsoft::Applications::Events::ILogConfiguration::operator* [0x00007FF7850CE998+19784]
	Microsoft::Applications::Events::ILogConfiguration::operator* [0x00007FF7850CAE54+4612]
	Microsoft::Applications::Events::ILogConfiguration::operator* [0x00007FF7850CAF86+4918]
	Microsoft::Applications::Events::EventProperty::~EventProperty [0x00007FF7850BF451+713073]
	BaseThreadInitThunk [0x00007FFCDEE526AD+29]
	RtlUserThreadStart [0x00007FFCE108AA68+40]

