2023-09-03 19:06:54,330 - INFO test_001_loginIndex.py [line:26]: 
WebDriver 正在初始化...
2023-09-03 19:06:54,464 - INFO test_001_loginIndex.py [line:28]: 打开链接: http://127.0.0.1:8000/login/...
2023-09-03 19:06:54,589 - INFO test_001_loginIndex.py [line:33]: WebDriver 初始化完成！
2023-09-03 19:06:54,591 - INFO MBugIndex.py [line:22]: [=====登录操作=====]
2023-09-03 19:06:54,592 - INFO BasePage.py [line:39]: 等待元素用户名框, 定位方式:('id', 'id_username')
2023-09-03 19:06:54,633 - INFO BasePage.py [line:44]: 等待用户名框, 时长: 0:00:00.038997
2023-09-03 19:06:54,633 - INFO BasePage.py [line:39]: 等待元素密码框, 定位方式:('id', 'id_password')
2023-09-03 19:06:54,658 - INFO BasePage.py [line:44]: 等待密码框, 时长: 0:00:00.024516
2023-09-03 19:06:54,658 - INFO BasePage.py [line:39]: 等待元素验证码框, 定位方式:('id', 'id_code')
2023-09-03 19:06:54,685 - INFO BasePage.py [line:44]: 等待验证码框, 时长: 0:00:00.025430
2023-09-03 19:06:54,685 - INFO BasePage.py [line:85]: 查找用户名框元素定位, 定位方式('id', 'id_username')
2023-09-03 19:06:54,695 - INFO BasePage.py [line:141]: 清除"用户名框",元素定位:('id', 'id_username')
2023-09-03 19:06:54,771 - INFO BasePage.py [line:85]: 查找密码框元素定位, 定位方式('id', 'id_password')
2023-09-03 19:06:54,784 - INFO BasePage.py [line:141]: 清除"密码框",元素定位:('id', 'id_password')
2023-09-03 19:06:54,820 - INFO BasePage.py [line:85]: 查找验证码框元素定位, 定位方式('id', 'id_code')
2023-09-03 19:06:54,834 - INFO BasePage.py [line:141]: 清除"验证码框",元素定位:('id', 'id_code')
2023-09-03 19:06:54,869 - INFO BasePage.py [line:85]: 查找用户名框元素定位, 定位方式('id', 'id_username')
2023-09-03 19:06:54,880 - INFO BasePage.py [line:104]: 在用户名框输入13713676304, 元素定位: ('id', 'id_username')
2023-09-03 19:06:55,118 - INFO BasePage.py [line:85]: 查找密码框元素定位, 定位方式('id', 'id_password')
2023-09-03 19:06:55,127 - INFO BasePage.py [line:104]: 在密码框输入12345678, 元素定位: ('id', 'id_password')
2023-09-03 19:06:55,209 - INFO BasePage.py [line:85]: 查找验证码框元素定位, 定位方式('id', 'id_code')
2023-09-03 19:06:55,223 - INFO BasePage.py [line:104]: 在验证码框输入1234, 元素定位: ('id', 'id_code')
2023-09-03 19:06:55,295 - INFO BasePage.py [line:39]: 等待元素登录按钮, 定位方式:('id', 'btnSubmit')
2023-09-03 19:06:55,329 - INFO BasePage.py [line:44]: 等待登录按钮, 时长: 0:00:00.033063
2023-09-03 19:06:55,329 - INFO BasePage.py [line:85]: 查找登录按钮元素定位, 定位方式('id', 'btnSubmit')
2023-09-03 19:06:55,344 - INFO BasePage.py [line:155]: 点击"登录按钮",元素定位:('id', 'btnSubmit')
2023-09-03 19:06:58,504 - INFO BasePage.py [line:85]: 查找下拉框元素定位, 定位方式('css selector', '#bs-example-navbar-collapse-1 > ul.nav.navbar-nav.navbar-right > li > a')
2023-09-03 19:06:58,518 - INFO BasePage.py [line:155]: 点击"下拉框",元素定位:('css selector', '#bs-example-navbar-collapse-1 > ul.nav.navbar-nav.navbar-right > li > a')
2023-09-03 19:07:00,751 - INFO test_001_loginIndex.py [line:36]: WebDriver 成功退出...
