2023-09-05 19:17:15,514 - INFO test_001_loginIndex.py [line:28]: 
WebDriver 正在初始化...
2023-09-05 19:17:15,514 - INFO test_001_loginIndex.py [line:28]: 
WebDriver 正在初始化...
2023-09-05 19:17:15,676 - INFO test_001_loginIndex.py [line:30]: 打开链接: http://127.0.0.1:8000/login/...
2023-09-05 19:17:15,676 - INFO test_001_loginIndex.py [line:30]: 打开链接: http://127.0.0.1:8000/login/...
2023-09-05 19:17:15,800 - INFO test_001_loginIndex.py [line:35]: WebDriver 初始化完成！
2023-09-05 19:17:15,800 - INFO test_001_loginIndex.py [line:35]: WebDriver 初始化完成！
2023-09-05 19:17:15,808 - INFO MBugIndex.py [line:26]: [=====登录操作=====]
2023-09-05 19:17:15,808 - INFO MBugIndex.py [line:26]: [=====登录操作=====]
2023-09-05 19:17:15,808 - INFO BasePage.py [line:39]: 等待元素用户名框, 定位方式:('id', 'id_username')
2023-09-05 19:17:15,808 - INFO BasePage.py [line:39]: 等待元素用户名框, 定位方式:('id', 'id_username')
2023-09-05 19:17:15,850 - INFO BasePage.py [line:44]: 等待用户名框, 时长: 0:00:00.041159
2023-09-05 19:17:15,850 - INFO BasePage.py [line:44]: 等待用户名框, 时长: 0:00:00.041159
2023-09-05 19:17:15,850 - INFO BasePage.py [line:39]: 等待元素密码框, 定位方式:('id', 'id_password')
2023-09-05 19:17:15,850 - INFO BasePage.py [line:39]: 等待元素密码框, 定位方式:('id', 'id_password')
2023-09-05 19:17:15,874 - INFO BasePage.py [line:44]: 等待密码框, 时长: 0:00:00.022186
2023-09-05 19:17:15,874 - INFO BasePage.py [line:44]: 等待密码框, 时长: 0:00:00.022186
2023-09-05 19:17:15,875 - INFO BasePage.py [line:39]: 等待元素验证码框, 定位方式:('id', 'id_code')
2023-09-05 19:17:15,875 - INFO BasePage.py [line:39]: 等待元素验证码框, 定位方式:('id', 'id_code')
2023-09-05 19:17:15,897 - INFO BasePage.py [line:44]: 等待验证码框, 时长: 0:00:00.020979
2023-09-05 19:17:15,897 - INFO BasePage.py [line:44]: 等待验证码框, 时长: 0:00:00.020979
2023-09-05 19:17:15,897 - INFO BasePage.py [line:85]: 查找用户名框元素定位, 定位方式('id', 'id_username')
2023-09-05 19:17:15,897 - INFO BasePage.py [line:85]: 查找用户名框元素定位, 定位方式('id', 'id_username')
2023-09-05 19:17:15,906 - INFO BasePage.py [line:141]: 清除"用户名框",元素定位:('id', 'id_username')
2023-09-05 19:17:15,906 - INFO BasePage.py [line:141]: 清除"用户名框",元素定位:('id', 'id_username')
2023-09-05 19:17:15,943 - INFO BasePage.py [line:85]: 查找密码框元素定位, 定位方式('id', 'id_password')
2023-09-05 19:17:15,943 - INFO BasePage.py [line:85]: 查找密码框元素定位, 定位方式('id', 'id_password')
2023-09-05 19:17:15,952 - INFO BasePage.py [line:141]: 清除"密码框",元素定位:('id', 'id_password')
2023-09-05 19:17:15,952 - INFO BasePage.py [line:141]: 清除"密码框",元素定位:('id', 'id_password')
2023-09-05 19:17:15,974 - INFO BasePage.py [line:85]: 查找验证码框元素定位, 定位方式('id', 'id_code')
2023-09-05 19:17:15,974 - INFO BasePage.py [line:85]: 查找验证码框元素定位, 定位方式('id', 'id_code')
2023-09-05 19:17:15,983 - INFO BasePage.py [line:141]: 清除"验证码框",元素定位:('id', 'id_code')
2023-09-05 19:17:15,983 - INFO BasePage.py [line:141]: 清除"验证码框",元素定位:('id', 'id_code')
2023-09-05 19:17:16,008 - INFO BasePage.py [line:85]: 查找用户名框元素定位, 定位方式('id', 'id_username')
2023-09-05 19:17:16,008 - INFO BasePage.py [line:85]: 查找用户名框元素定位, 定位方式('id', 'id_username')
2023-09-05 19:17:16,015 - INFO BasePage.py [line:104]: 在用户名框输入597234156@qq.com, 元素定位: ('id', 'id_username')
2023-09-05 19:17:16,015 - INFO BasePage.py [line:104]: 在用户名框输入597234156@qq.com, 元素定位: ('id', 'id_username')
2023-09-05 19:17:16,133 - INFO BasePage.py [line:85]: 查找密码框元素定位, 定位方式('id', 'id_password')
2023-09-05 19:17:16,133 - INFO BasePage.py [line:85]: 查找密码框元素定位, 定位方式('id', 'id_password')
2023-09-05 19:17:16,152 - INFO BasePage.py [line:104]: 在密码框输入12345678, 元素定位: ('id', 'id_password')
2023-09-05 19:17:16,152 - INFO BasePage.py [line:104]: 在密码框输入12345678, 元素定位: ('id', 'id_password')
2023-09-05 19:17:16,235 - INFO BasePage.py [line:85]: 查找验证码框元素定位, 定位方式('id', 'id_code')
2023-09-05 19:17:16,235 - INFO BasePage.py [line:85]: 查找验证码框元素定位, 定位方式('id', 'id_code')
2023-09-05 19:17:16,251 - INFO BasePage.py [line:104]: 在验证码框输入1234, 元素定位: ('id', 'id_code')
2023-09-05 19:17:16,251 - INFO BasePage.py [line:104]: 在验证码框输入1234, 元素定位: ('id', 'id_code')
2023-09-05 19:17:16,318 - INFO BasePage.py [line:39]: 等待元素登录按钮, 定位方式:('id', 'btnSubmit')
2023-09-05 19:17:16,318 - INFO BasePage.py [line:39]: 等待元素登录按钮, 定位方式:('id', 'btnSubmit')
2023-09-05 19:17:16,353 - INFO BasePage.py [line:44]: 等待登录按钮, 时长: 0:00:00.033627
2023-09-05 19:17:16,353 - INFO BasePage.py [line:44]: 等待登录按钮, 时长: 0:00:00.033627
2023-09-05 19:17:16,354 - INFO BasePage.py [line:85]: 查找登录按钮元素定位, 定位方式('id', 'btnSubmit')
2023-09-05 19:17:16,354 - INFO BasePage.py [line:85]: 查找登录按钮元素定位, 定位方式('id', 'btnSubmit')
2023-09-05 19:17:16,371 - INFO BasePage.py [line:155]: 点击"登录按钮",元素定位:('id', 'btnSubmit')
2023-09-05 19:17:16,371 - INFO BasePage.py [line:155]: 点击"登录按钮",元素定位:('id', 'btnSubmit')
2023-09-05 19:17:19,713 - INFO BasePage.py [line:39]: 等待元素新建项目, 定位方式:('xpath', '/html/body/div[1]/a')
2023-09-05 19:17:19,713 - INFO BasePage.py [line:39]: 等待元素新建项目, 定位方式:('xpath', '/html/body/div[1]/a')
2023-09-05 19:17:19,740 - INFO BasePage.py [line:44]: 等待新建项目, 时长: 0:00:00.025542
2023-09-05 19:17:19,740 - INFO BasePage.py [line:44]: 等待新建项目, 时长: 0:00:00.025542
2023-09-05 19:17:19,740 - INFO BasePage.py [line:85]: 查找新建项目元素定位, 定位方式('xpath', '/html/body/div[1]/a')
2023-09-05 19:17:19,740 - INFO BasePage.py [line:85]: 查找新建项目元素定位, 定位方式('xpath', '/html/body/div[1]/a')
2023-09-05 19:17:19,750 - INFO BasePage.py [line:155]: 点击"新建项目",元素定位:('xpath', '/html/body/div[1]/a')
2023-09-05 19:17:19,750 - INFO BasePage.py [line:155]: 点击"新建项目",元素定位:('xpath', '/html/body/div[1]/a')
2023-09-05 19:17:19,784 - INFO BasePage.py [line:39]: 等待元素项目名称, 定位方式:('id', 'id_name')
2023-09-05 19:17:19,784 - INFO BasePage.py [line:39]: 等待元素项目名称, 定位方式:('id', 'id_name')
2023-09-05 19:17:20,325 - INFO BasePage.py [line:44]: 等待项目名称, 时长: 0:00:00.539263
2023-09-05 19:17:20,325 - INFO BasePage.py [line:44]: 等待项目名称, 时长: 0:00:00.539263
2023-09-05 19:17:20,325 - INFO BasePage.py [line:85]: 查找项目名称元素定位, 定位方式('id', 'id_name')
2023-09-05 19:17:20,325 - INFO BasePage.py [line:85]: 查找项目名称元素定位, 定位方式('id', 'id_name')
2023-09-05 19:17:20,332 - INFO BasePage.py [line:104]: 在项目名称输入bb, 元素定位: ('id', 'id_name')
2023-09-05 19:17:20,332 - INFO BasePage.py [line:104]: 在项目名称输入bb, 元素定位: ('id', 'id_name')
