2023-09-03 17:37:34,814 - INFO test_001_loginIndex.py [line:26]: 
WebDriver 正在初始化...
2023-09-03 17:37:34,933 - INFO test_001_loginIndex.py [line:28]: 打开链接: http://127.0.0.1:8000/login/...
2023-09-03 17:37:35,050 - INFO test_001_loginIndex.py [line:33]: WebDriver 初始化完成！
2023-09-03 17:37:35,051 - INFO MBugIndex.py [line:22]: [=====登录操作=====]
2023-09-03 17:37:35,051 - INFO BasePage.py [line:39]: 等待元素用户名框, 定位方式:('id', 'id_username')
2023-09-03 17:37:35,083 - INFO BasePage.py [line:44]: 等待用户名框, 时长: 0:00:00.032664
2023-09-03 17:37:35,083 - INFO BasePage.py [line:39]: 等待元素密码框, 定位方式:('id', 'id_password')
2023-09-03 17:37:35,107 - INFO BasePage.py [line:44]: 等待密码框, 时长: 0:00:00.023186
2023-09-03 17:37:35,107 - INFO BasePage.py [line:39]: 等待元素验证码框, 定位方式:('id', 'id_code')
2023-09-03 17:37:35,125 - INFO BasePage.py [line:44]: 等待验证码框, 时长: 0:00:00.017601
2023-09-03 17:37:35,125 - INFO BasePage.py [line:85]: 查找用户名框元素定位, 定位方式('id', 'id_username')
2023-09-03 17:37:35,132 - INFO BasePage.py [line:141]: 清除"用户名框",元素定位:('id', 'id_username')
2023-09-03 17:37:35,159 - INFO BasePage.py [line:85]: 查找密码框元素定位, 定位方式('id', 'id_password')
2023-09-03 17:37:35,165 - INFO BasePage.py [line:141]: 清除"密码框",元素定位:('id', 'id_password')
2023-09-03 17:37:35,184 - INFO BasePage.py [line:85]: 查找验证码框元素定位, 定位方式('id', 'id_code')
2023-09-03 17:37:35,189 - INFO BasePage.py [line:141]: 清除"验证码框",元素定位:('id', 'id_code')
2023-09-03 17:37:35,207 - INFO BasePage.py [line:85]: 查找用户名框元素定位, 定位方式('id', 'id_username')
2023-09-03 17:37:35,212 - INFO BasePage.py [line:104]: 在用户名框输入13713676304, 元素定位: ('id', 'id_username')
2023-09-03 17:37:35,300 - INFO BasePage.py [line:85]: 查找密码框元素定位, 定位方式('id', 'id_password')
2023-09-03 17:37:35,348 - INFO BasePage.py [line:104]: 在密码框输入12345678, 元素定位: ('id', 'id_password')
2023-09-03 17:37:35,562 - INFO BasePage.py [line:85]: 查找验证码框元素定位, 定位方式('id', 'id_code')
2023-09-03 17:37:35,581 - INFO BasePage.py [line:104]: 在验证码框输入1234, 元素定位: ('id', 'id_code')
2023-09-03 17:37:35,657 - INFO BasePage.py [line:39]: 等待元素登录按钮, 定位方式:('id', 'btnSubmit')
2023-09-03 17:37:35,680 - INFO BasePage.py [line:44]: 等待登录按钮, 时长: 0:00:00.022029
2023-09-03 17:37:35,681 - INFO BasePage.py [line:85]: 查找登录按钮元素定位, 定位方式('id', 'btnSubmit')
2023-09-03 17:37:35,687 - INFO BasePage.py [line:155]: 点击"登录按钮",元素定位:('id', 'btnSubmit')
2023-09-03 17:37:38,867 - INFO BasePage.py [line:85]: 查找None元素定位, 定位方式('css selector', '#bs-example-navbar-collapse-1 > ul.nav.navbar-nav.navbar-right > li > a')
2023-09-03 17:37:41,027 - INFO test_001_loginIndex.py [line:36]: WebDriver 成功退出...
