2023-09-05 18:36:57,233 - INFO test_001_loginIndex.py [line:28]: 
WebDriver 正在初始化...
2023-09-05 18:36:57,233 - INFO test_001_loginIndex.py [line:28]: 
WebDriver 正在初始化...
2023-09-05 18:36:57,428 - INFO test_001_loginIndex.py [line:30]: 打开链接: http://127.0.0.1:8000/login/...
2023-09-05 18:36:57,428 - INFO test_001_loginIndex.py [line:30]: 打开链接: http://127.0.0.1:8000/login/...
2023-09-05 18:36:57,578 - INFO test_001_loginIndex.py [line:35]: WebDriver 初始化完成！
2023-09-05 18:36:57,578 - INFO test_001_loginIndex.py [line:35]: WebDriver 初始化完成！
2023-09-05 18:36:57,585 - INFO MBugIndex.py [line:26]: [=====登录操作=====]
2023-09-05 18:36:57,585 - INFO MBugIndex.py [line:26]: [=====登录操作=====]
2023-09-05 18:36:57,587 - INFO BasePage.py [line:39]: 等待元素用户名框, 定位方式:('id', 'id_username')
2023-09-05 18:36:57,587 - INFO BasePage.py [line:39]: 等待元素用户名框, 定位方式:('id', 'id_username')
2023-09-05 18:36:57,637 - INFO BasePage.py [line:44]: 等待用户名框, 时长: 0:00:00.050014
2023-09-05 18:36:57,637 - INFO BasePage.py [line:44]: 等待用户名框, 时长: 0:00:00.050014
2023-09-05 18:36:57,638 - INFO BasePage.py [line:39]: 等待元素密码框, 定位方式:('id', 'id_password')
2023-09-05 18:36:57,638 - INFO BasePage.py [line:39]: 等待元素密码框, 定位方式:('id', 'id_password')
2023-09-05 18:36:57,714 - INFO BasePage.py [line:44]: 等待密码框, 时长: 0:00:00.075777
2023-09-05 18:36:57,714 - INFO BasePage.py [line:44]: 等待密码框, 时长: 0:00:00.075777
2023-09-05 18:36:57,714 - INFO BasePage.py [line:39]: 等待元素验证码框, 定位方式:('id', 'id_code')
2023-09-05 18:36:57,714 - INFO BasePage.py [line:39]: 等待元素验证码框, 定位方式:('id', 'id_code')
2023-09-05 18:36:57,740 - INFO BasePage.py [line:44]: 等待验证码框, 时长: 0:00:00.025570
2023-09-05 18:36:57,740 - INFO BasePage.py [line:44]: 等待验证码框, 时长: 0:00:00.025570
2023-09-05 18:36:57,741 - INFO BasePage.py [line:85]: 查找用户名框元素定位, 定位方式('id', 'id_username')
2023-09-05 18:36:57,741 - INFO BasePage.py [line:85]: 查找用户名框元素定位, 定位方式('id', 'id_username')
2023-09-05 18:36:57,752 - INFO BasePage.py [line:141]: 清除"用户名框",元素定位:('id', 'id_username')
2023-09-05 18:36:57,752 - INFO BasePage.py [line:141]: 清除"用户名框",元素定位:('id', 'id_username')
2023-09-05 18:36:57,795 - INFO BasePage.py [line:85]: 查找密码框元素定位, 定位方式('id', 'id_password')
2023-09-05 18:36:57,795 - INFO BasePage.py [line:85]: 查找密码框元素定位, 定位方式('id', 'id_password')
2023-09-05 18:36:57,802 - INFO BasePage.py [line:141]: 清除"密码框",元素定位:('id', 'id_password')
2023-09-05 18:36:57,802 - INFO BasePage.py [line:141]: 清除"密码框",元素定位:('id', 'id_password')
2023-09-05 18:36:57,826 - INFO BasePage.py [line:85]: 查找验证码框元素定位, 定位方式('id', 'id_code')
2023-09-05 18:36:57,826 - INFO BasePage.py [line:85]: 查找验证码框元素定位, 定位方式('id', 'id_code')
2023-09-05 18:36:57,832 - INFO BasePage.py [line:141]: 清除"验证码框",元素定位:('id', 'id_code')
2023-09-05 18:36:57,832 - INFO BasePage.py [line:141]: 清除"验证码框",元素定位:('id', 'id_code')
2023-09-05 18:36:57,857 - INFO BasePage.py [line:85]: 查找用户名框元素定位, 定位方式('id', 'id_username')
2023-09-05 18:36:57,857 - INFO BasePage.py [line:85]: 查找用户名框元素定位, 定位方式('id', 'id_username')
2023-09-05 18:36:57,864 - INFO BasePage.py [line:104]: 在用户名框输入597234156@qq.com, 元素定位: ('id', 'id_username')
2023-09-05 18:36:57,864 - INFO BasePage.py [line:104]: 在用户名框输入597234156@qq.com, 元素定位: ('id', 'id_username')
2023-09-05 18:36:58,003 - INFO BasePage.py [line:85]: 查找密码框元素定位, 定位方式('id', 'id_password')
2023-09-05 18:36:58,003 - INFO BasePage.py [line:85]: 查找密码框元素定位, 定位方式('id', 'id_password')
2023-09-05 18:36:58,038 - INFO BasePage.py [line:104]: 在密码框输入12345678, 元素定位: ('id', 'id_password')
2023-09-05 18:36:58,038 - INFO BasePage.py [line:104]: 在密码框输入12345678, 元素定位: ('id', 'id_password')
2023-09-05 18:36:58,146 - INFO BasePage.py [line:85]: 查找验证码框元素定位, 定位方式('id', 'id_code')
2023-09-05 18:36:58,146 - INFO BasePage.py [line:85]: 查找验证码框元素定位, 定位方式('id', 'id_code')
2023-09-05 18:36:58,162 - INFO BasePage.py [line:104]: 在验证码框输入1234, 元素定位: ('id', 'id_code')
2023-09-05 18:36:58,162 - INFO BasePage.py [line:104]: 在验证码框输入1234, 元素定位: ('id', 'id_code')
2023-09-05 18:36:58,236 - INFO BasePage.py [line:39]: 等待元素登录按钮, 定位方式:('id', 'btnSubmit')
2023-09-05 18:36:58,236 - INFO BasePage.py [line:39]: 等待元素登录按钮, 定位方式:('id', 'btnSubmit')
2023-09-05 18:36:58,271 - INFO BasePage.py [line:44]: 等待登录按钮, 时长: 0:00:00.033242
2023-09-05 18:36:58,271 - INFO BasePage.py [line:44]: 等待登录按钮, 时长: 0:00:00.033242
2023-09-05 18:36:58,271 - INFO BasePage.py [line:85]: 查找登录按钮元素定位, 定位方式('id', 'btnSubmit')
2023-09-05 18:36:58,271 - INFO BasePage.py [line:85]: 查找登录按钮元素定位, 定位方式('id', 'btnSubmit')
2023-09-05 18:36:58,282 - INFO BasePage.py [line:155]: 点击"登录按钮",元素定位:('id', 'btnSubmit')
2023-09-05 18:36:58,282 - INFO BasePage.py [line:155]: 点击"登录按钮",元素定位:('id', 'btnSubmit')
2023-09-05 18:37:01,511 - INFO BasePage.py [line:39]: 等待元素新建项目, 定位方式:('xpath', '/html/body/div[1]/a')
2023-09-05 18:37:01,511 - INFO BasePage.py [line:39]: 等待元素新建项目, 定位方式:('xpath', '/html/body/div[1]/a')
2023-09-05 18:37:01,543 - INFO BasePage.py [line:44]: 等待新建项目, 时长: 0:00:00.031725
2023-09-05 18:37:01,543 - INFO BasePage.py [line:44]: 等待新建项目, 时长: 0:00:00.031725
2023-09-05 18:37:01,543 - INFO BasePage.py [line:85]: 查找新建项目元素定位, 定位方式('xpath', '/html/body/div[1]/a')
2023-09-05 18:37:01,543 - INFO BasePage.py [line:85]: 查找新建项目元素定位, 定位方式('xpath', '/html/body/div[1]/a')
2023-09-05 18:37:01,550 - INFO BasePage.py [line:155]: 点击"新建项目",元素定位:('xpath', '/html/body/div[1]/a')
2023-09-05 18:37:01,550 - INFO BasePage.py [line:155]: 点击"新建项目",元素定位:('xpath', '/html/body/div[1]/a')
2023-09-05 18:37:01,585 - INFO BasePage.py [line:39]: 等待元素项目名称, 定位方式:('id', 'id_name')
2023-09-05 18:37:01,585 - INFO BasePage.py [line:39]: 等待元素项目名称, 定位方式:('id', 'id_name')
2023-09-05 18:37:02,132 - INFO BasePage.py [line:44]: 等待项目名称, 时长: 0:00:00.545246
2023-09-05 18:37:02,132 - INFO BasePage.py [line:44]: 等待项目名称, 时长: 0:00:00.545246
2023-09-05 18:37:02,132 - INFO BasePage.py [line:85]: 查找项目名称元素定位, 定位方式('id', 'id_name')
2023-09-05 18:37:02,132 - INFO BasePage.py [line:85]: 查找项目名称元素定位, 定位方式('id', 'id_name')
2023-09-05 18:37:02,141 - INFO BasePage.py [line:104]: 在项目名称输入bb, 元素定位: ('id', 'id_name')
2023-09-05 18:37:02,141 - INFO BasePage.py [line:104]: 在项目名称输入bb, 元素定位: ('id', 'id_name')
2023-09-05 18:37:04,587 - INFO test_001_loginIndex.py [line:38]: WebDriver 成功退出...
2023-09-05 18:37:04,587 - INFO test_001_loginIndex.py [line:38]: WebDriver 成功退出...
