2023-09-02 23:13:48,591 - INFO test_001_baiduindex.py [line:28]: 
WebDriver 正在初始化...
2023-09-02 23:13:53,016 - INFO test_001_baiduindex.py [line:30]: 打开链接: http://www.baidu.com...
2023-09-02 23:13:53,131 - INFO test_001_baiduindex.py [line:35]: WebDriver 初始化完成！
2023-09-02 23:13:53,132 - INFO BaiduIndex.py [line:27]: [====搜索操作====]
2023-09-02 23:13:53,132 - INFO BasePage.py [line:39]: 等待元素搜索框, 定位方式:('id', 'kw')
2023-09-02 23:13:53,159 - INFO BasePage.py [line:44]: 等待搜索框, 时长: 0:00:00.025972
2023-09-02 23:13:53,160 - INFO BasePage.py [line:85]: 查找None元素定位, 定位方式('id', 'kw')
2023-09-02 23:13:53,199 - INFO BasePage.py [line:104]: 在搜索框输入哈哈, 元素定位: ('id', 'kw')
2023-09-02 23:13:53,274 - INFO BasePage.py [line:39]: 等待元素搜索按钮, 定位方式:('id', 'su')
2023-09-02 23:13:53,311 - INFO BasePage.py [line:44]: 等待搜索按钮, 时长: 0:00:00.036173
2023-09-02 23:13:53,313 - INFO BasePage.py [line:85]: 查找搜索按钮元素定位, 定位方式('id', 'su')
2023-09-02 23:13:53,319 - INFO BasePage.py [line:155]: 点击"搜索按钮",元素定位:('id', 'su')
2023-09-02 23:13:56,391 - INFO BaiduIndex.py [line:27]: [====搜索操作====]
2023-09-02 23:13:56,391 - INFO BasePage.py [line:39]: 等待元素搜索框, 定位方式:('id', 'kw')
2023-09-02 23:13:56,405 - INFO BasePage.py [line:44]: 等待搜索框, 时长: 0:00:00.013208
2023-09-02 23:13:56,406 - INFO BasePage.py [line:85]: 查找None元素定位, 定位方式('id', 'kw')
2023-09-02 23:13:56,411 - INFO BasePage.py [line:104]: 在搜索框输入呵呵, 元素定位: ('id', 'kw')
2023-09-02 23:13:56,465 - INFO BasePage.py [line:39]: 等待元素搜索按钮, 定位方式:('id', 'su')
2023-09-02 23:13:56,484 - INFO BasePage.py [line:44]: 等待搜索按钮, 时长: 0:00:00.019168
2023-09-02 23:13:56,485 - INFO BasePage.py [line:85]: 查找搜索按钮元素定位, 定位方式('id', 'su')
2023-09-02 23:13:56,495 - INFO BasePage.py [line:155]: 点击"搜索按钮",元素定位:('id', 'su')
2023-09-02 23:14:01,782 - INFO test_001_baiduindex.py [line:38]: WebDriver 成功退出...
