2023-09-05 18:31:03,354 - INFO test_001_loginIndex.py [line:28]: 
WebDriver 正在初始化...
2023-09-05 18:31:03,354 - INFO test_001_loginIndex.py [line:28]: 
WebDriver 正在初始化...
2023-09-05 18:31:03,555 - INFO test_001_loginIndex.py [line:30]: 打开链接: http://127.0.0.1:8000/login/...
2023-09-05 18:31:03,555 - INFO test_001_loginIndex.py [line:30]: 打开链接: http://127.0.0.1:8000/login/...
2023-09-05 18:31:03,687 - INFO test_001_loginIndex.py [line:35]: WebDriver 初始化完成！
2023-09-05 18:31:03,687 - INFO test_001_loginIndex.py [line:35]: WebDriver 初始化完成！
2023-09-05 18:31:03,693 - INFO MBugIndex.py [line:26]: [=====登录操作=====]
2023-09-05 18:31:03,693 - INFO MBugIndex.py [line:26]: [=====登录操作=====]
2023-09-05 18:31:03,695 - INFO BasePage.py [line:39]: 等待元素用户名框, 定位方式:('id', 'id_username')
2023-09-05 18:31:03,695 - INFO BasePage.py [line:39]: 等待元素用户名框, 定位方式:('id', 'id_username')
2023-09-05 18:31:03,739 - INFO BasePage.py [line:44]: 等待用户名框, 时长: 0:00:00.043770
2023-09-05 18:31:03,739 - INFO BasePage.py [line:44]: 等待用户名框, 时长: 0:00:00.043770
2023-09-05 18:31:03,740 - INFO BasePage.py [line:39]: 等待元素密码框, 定位方式:('id', 'id_password')
2023-09-05 18:31:03,740 - INFO BasePage.py [line:39]: 等待元素密码框, 定位方式:('id', 'id_password')
2023-09-05 18:31:03,769 - INFO BasePage.py [line:44]: 等待密码框, 时长: 0:00:00.028762
2023-09-05 18:31:03,769 - INFO BasePage.py [line:44]: 等待密码框, 时长: 0:00:00.028762
2023-09-05 18:31:03,769 - INFO BasePage.py [line:39]: 等待元素验证码框, 定位方式:('id', 'id_code')
2023-09-05 18:31:03,769 - INFO BasePage.py [line:39]: 等待元素验证码框, 定位方式:('id', 'id_code')
2023-09-05 18:31:03,791 - INFO BasePage.py [line:44]: 等待验证码框, 时长: 0:00:00.021409
2023-09-05 18:31:03,791 - INFO BasePage.py [line:44]: 等待验证码框, 时长: 0:00:00.021409
2023-09-05 18:31:03,791 - INFO BasePage.py [line:85]: 查找用户名框元素定位, 定位方式('id', 'id_username')
2023-09-05 18:31:03,791 - INFO BasePage.py [line:85]: 查找用户名框元素定位, 定位方式('id', 'id_username')
2023-09-05 18:31:03,800 - INFO BasePage.py [line:141]: 清除"用户名框",元素定位:('id', 'id_username')
2023-09-05 18:31:03,800 - INFO BasePage.py [line:141]: 清除"用户名框",元素定位:('id', 'id_username')
2023-09-05 18:31:03,837 - INFO BasePage.py [line:85]: 查找密码框元素定位, 定位方式('id', 'id_password')
2023-09-05 18:31:03,837 - INFO BasePage.py [line:85]: 查找密码框元素定位, 定位方式('id', 'id_password')
2023-09-05 18:31:03,846 - INFO BasePage.py [line:141]: 清除"密码框",元素定位:('id', 'id_password')
2023-09-05 18:31:03,846 - INFO BasePage.py [line:141]: 清除"密码框",元素定位:('id', 'id_password')
2023-09-05 18:31:03,874 - INFO BasePage.py [line:85]: 查找验证码框元素定位, 定位方式('id', 'id_code')
2023-09-05 18:31:03,874 - INFO BasePage.py [line:85]: 查找验证码框元素定位, 定位方式('id', 'id_code')
2023-09-05 18:31:03,883 - INFO BasePage.py [line:141]: 清除"验证码框",元素定位:('id', 'id_code')
2023-09-05 18:31:03,883 - INFO BasePage.py [line:141]: 清除"验证码框",元素定位:('id', 'id_code')
2023-09-05 18:31:03,913 - INFO BasePage.py [line:85]: 查找用户名框元素定位, 定位方式('id', 'id_username')
2023-09-05 18:31:03,913 - INFO BasePage.py [line:85]: 查找用户名框元素定位, 定位方式('id', 'id_username')
2023-09-05 18:31:03,925 - INFO BasePage.py [line:104]: 在用户名框输入597234156@qq.com, 元素定位: ('id', 'id_username')
2023-09-05 18:31:03,925 - INFO BasePage.py [line:104]: 在用户名框输入597234156@qq.com, 元素定位: ('id', 'id_username')
2023-09-05 18:31:04,173 - INFO BasePage.py [line:85]: 查找密码框元素定位, 定位方式('id', 'id_password')
2023-09-05 18:31:04,173 - INFO BasePage.py [line:85]: 查找密码框元素定位, 定位方式('id', 'id_password')
2023-09-05 18:31:04,189 - INFO BasePage.py [line:104]: 在密码框输入12345678, 元素定位: ('id', 'id_password')
2023-09-05 18:31:04,189 - INFO BasePage.py [line:104]: 在密码框输入12345678, 元素定位: ('id', 'id_password')
2023-09-05 18:31:04,266 - INFO BasePage.py [line:85]: 查找验证码框元素定位, 定位方式('id', 'id_code')
2023-09-05 18:31:04,266 - INFO BasePage.py [line:85]: 查找验证码框元素定位, 定位方式('id', 'id_code')
2023-09-05 18:31:04,280 - INFO BasePage.py [line:104]: 在验证码框输入1234, 元素定位: ('id', 'id_code')
2023-09-05 18:31:04,280 - INFO BasePage.py [line:104]: 在验证码框输入1234, 元素定位: ('id', 'id_code')
2023-09-05 18:31:04,361 - INFO BasePage.py [line:39]: 等待元素登录按钮, 定位方式:('id', 'btnSubmit')
2023-09-05 18:31:04,361 - INFO BasePage.py [line:39]: 等待元素登录按钮, 定位方式:('id', 'btnSubmit')
2023-09-05 18:31:04,403 - INFO BasePage.py [line:44]: 等待登录按钮, 时长: 0:00:00.041408
2023-09-05 18:31:04,403 - INFO BasePage.py [line:44]: 等待登录按钮, 时长: 0:00:00.041408
2023-09-05 18:31:04,403 - INFO BasePage.py [line:85]: 查找登录按钮元素定位, 定位方式('id', 'btnSubmit')
2023-09-05 18:31:04,403 - INFO BasePage.py [line:85]: 查找登录按钮元素定位, 定位方式('id', 'btnSubmit')
2023-09-05 18:31:04,423 - INFO BasePage.py [line:155]: 点击"登录按钮",元素定位:('id', 'btnSubmit')
2023-09-05 18:31:04,423 - INFO BasePage.py [line:155]: 点击"登录按钮",元素定位:('id', 'btnSubmit')
2023-09-05 18:31:07,711 - INFO BasePage.py [line:39]: 等待元素新建项目, 定位方式:('xpath', '/html/body/div[1]/a')
2023-09-05 18:31:07,711 - INFO BasePage.py [line:39]: 等待元素新建项目, 定位方式:('xpath', '/html/body/div[1]/a')
2023-09-05 18:31:07,746 - INFO BasePage.py [line:44]: 等待新建项目, 时长: 0:00:00.034265
2023-09-05 18:31:07,746 - INFO BasePage.py [line:44]: 等待新建项目, 时长: 0:00:00.034265
2023-09-05 18:31:07,747 - INFO BasePage.py [line:85]: 查找新建项目元素定位, 定位方式('xpath', '/html/body/div[1]/a')
2023-09-05 18:31:07,747 - INFO BasePage.py [line:85]: 查找新建项目元素定位, 定位方式('xpath', '/html/body/div[1]/a')
2023-09-05 18:31:07,759 - INFO BasePage.py [line:155]: 点击"新建项目",元素定位:('xpath', '/html/body/div[1]/a')
2023-09-05 18:31:07,759 - INFO BasePage.py [line:155]: 点击"新建项目",元素定位:('xpath', '/html/body/div[1]/a')
2023-09-05 18:31:07,824 - INFO BasePage.py [line:39]: 等待元素项目名称, 定位方式:('id', 'id_name')
2023-09-05 18:31:07,824 - INFO BasePage.py [line:39]: 等待元素项目名称, 定位方式:('id', 'id_name')
2023-09-05 18:31:08,390 - INFO BasePage.py [line:44]: 等待项目名称, 时长: 0:00:00.565475
2023-09-05 18:31:08,390 - INFO BasePage.py [line:44]: 等待项目名称, 时长: 0:00:00.565475
2023-09-05 18:31:08,390 - INFO BasePage.py [line:85]: 查找项目名称元素定位, 定位方式('id', 'id_name')
2023-09-05 18:31:08,390 - INFO BasePage.py [line:85]: 查找项目名称元素定位, 定位方式('id', 'id_name')
2023-09-05 18:31:08,398 - INFO BasePage.py [line:104]: 在项目名称输入bb, 元素定位: ('id', 'id_name')
2023-09-05 18:31:08,398 - INFO BasePage.py [line:104]: 在项目名称输入bb, 元素定位: ('id', 'id_name')
2023-09-05 18:31:08,457 - INFO BasePage.py [line:85]: 查找颜色1元素定位, 定位方式('xpath', '/html/body/div[3]/div[3]/div/div/div[2]/form/div[2]/div/label[1]/span')
2023-09-05 18:31:08,457 - INFO BasePage.py [line:85]: 查找颜色1元素定位, 定位方式('xpath', '/html/body/div[3]/div[3]/div/div/div[2]/form/div[2]/div/label[1]/span')
