2023-09-05 17:20:36,724 - INFO test_001_loginIndex.py [line:28]: 
WebDriver 正在初始化...
2023-09-05 17:20:36,724 - INFO test_001_loginIndex.py [line:28]: 
WebDriver 正在初始化...
2023-09-05 17:20:36,894 - INFO test_001_loginIndex.py [line:30]: 打开链接: http://127.0.0.1:8000/login/...
2023-09-05 17:20:36,894 - INFO test_001_loginIndex.py [line:30]: 打开链接: http://127.0.0.1:8000/login/...
2023-09-05 17:20:37,023 - INFO test_001_loginIndex.py [line:35]: WebDriver 初始化完成！
2023-09-05 17:20:37,023 - INFO test_001_loginIndex.py [line:35]: WebDriver 初始化完成！
2023-09-05 17:20:37,029 - INFO MBugIndex.py [line:26]: [=====登录操作=====]
2023-09-05 17:20:37,029 - INFO MBugIndex.py [line:26]: [=====登录操作=====]
2023-09-05 17:20:37,030 - INFO BasePage.py [line:39]: 等待元素用户名框, 定位方式:('id', 'id_username')
2023-09-05 17:20:37,030 - INFO BasePage.py [line:39]: 等待元素用户名框, 定位方式:('id', 'id_username')
2023-09-05 17:20:37,070 - INFO BasePage.py [line:44]: 等待用户名框, 时长: 0:00:00.039637
2023-09-05 17:20:37,070 - INFO BasePage.py [line:44]: 等待用户名框, 时长: 0:00:00.039637
2023-09-05 17:20:37,071 - INFO BasePage.py [line:39]: 等待元素密码框, 定位方式:('id', 'id_password')
2023-09-05 17:20:37,071 - INFO BasePage.py [line:39]: 等待元素密码框, 定位方式:('id', 'id_password')
2023-09-05 17:20:37,101 - INFO BasePage.py [line:44]: 等待密码框, 时长: 0:00:00.029490
2023-09-05 17:20:37,101 - INFO BasePage.py [line:44]: 等待密码框, 时长: 0:00:00.029490
2023-09-05 17:20:37,102 - INFO BasePage.py [line:39]: 等待元素验证码框, 定位方式:('id', 'id_code')
2023-09-05 17:20:37,102 - INFO BasePage.py [line:39]: 等待元素验证码框, 定位方式:('id', 'id_code')
2023-09-05 17:20:37,124 - INFO BasePage.py [line:44]: 等待验证码框, 时长: 0:00:00.021547
2023-09-05 17:20:37,124 - INFO BasePage.py [line:44]: 等待验证码框, 时长: 0:00:00.021547
2023-09-05 17:20:37,125 - INFO BasePage.py [line:85]: 查找用户名框元素定位, 定位方式('id', 'id_username')
2023-09-05 17:20:37,125 - INFO BasePage.py [line:85]: 查找用户名框元素定位, 定位方式('id', 'id_username')
2023-09-05 17:20:37,132 - INFO BasePage.py [line:141]: 清除"用户名框",元素定位:('id', 'id_username')
2023-09-05 17:20:37,132 - INFO BasePage.py [line:141]: 清除"用户名框",元素定位:('id', 'id_username')
2023-09-05 17:20:37,188 - INFO BasePage.py [line:85]: 查找密码框元素定位, 定位方式('id', 'id_password')
2023-09-05 17:20:37,188 - INFO BasePage.py [line:85]: 查找密码框元素定位, 定位方式('id', 'id_password')
2023-09-05 17:20:37,198 - INFO BasePage.py [line:141]: 清除"密码框",元素定位:('id', 'id_password')
2023-09-05 17:20:37,198 - INFO BasePage.py [line:141]: 清除"密码框",元素定位:('id', 'id_password')
2023-09-05 17:20:37,246 - INFO BasePage.py [line:85]: 查找验证码框元素定位, 定位方式('id', 'id_code')
2023-09-05 17:20:37,246 - INFO BasePage.py [line:85]: 查找验证码框元素定位, 定位方式('id', 'id_code')
2023-09-05 17:20:37,262 - INFO BasePage.py [line:141]: 清除"验证码框",元素定位:('id', 'id_code')
2023-09-05 17:20:37,262 - INFO BasePage.py [line:141]: 清除"验证码框",元素定位:('id', 'id_code')
2023-09-05 17:20:37,316 - INFO BasePage.py [line:85]: 查找用户名框元素定位, 定位方式('id', 'id_username')
2023-09-05 17:20:37,316 - INFO BasePage.py [line:85]: 查找用户名框元素定位, 定位方式('id', 'id_username')
2023-09-05 17:20:37,324 - INFO BasePage.py [line:104]: 在用户名框输入597234156@qq.com, 元素定位: ('id', 'id_username')
2023-09-05 17:20:37,324 - INFO BasePage.py [line:104]: 在用户名框输入597234156@qq.com, 元素定位: ('id', 'id_username')
2023-09-05 17:20:37,460 - INFO BasePage.py [line:85]: 查找密码框元素定位, 定位方式('id', 'id_password')
2023-09-05 17:20:37,460 - INFO BasePage.py [line:85]: 查找密码框元素定位, 定位方式('id', 'id_password')
2023-09-05 17:20:37,482 - INFO BasePage.py [line:104]: 在密码框输入12345678, 元素定位: ('id', 'id_password')
2023-09-05 17:20:37,482 - INFO BasePage.py [line:104]: 在密码框输入12345678, 元素定位: ('id', 'id_password')
2023-09-05 17:20:37,572 - INFO BasePage.py [line:85]: 查找验证码框元素定位, 定位方式('id', 'id_code')
2023-09-05 17:20:37,572 - INFO BasePage.py [line:85]: 查找验证码框元素定位, 定位方式('id', 'id_code')
2023-09-05 17:20:37,588 - INFO BasePage.py [line:104]: 在验证码框输入1234, 元素定位: ('id', 'id_code')
2023-09-05 17:20:37,588 - INFO BasePage.py [line:104]: 在验证码框输入1234, 元素定位: ('id', 'id_code')
2023-09-05 17:20:37,667 - INFO BasePage.py [line:39]: 等待元素登录按钮, 定位方式:('id', 'btnSubmit')
2023-09-05 17:20:37,667 - INFO BasePage.py [line:39]: 等待元素登录按钮, 定位方式:('id', 'btnSubmit')
2023-09-05 17:20:37,708 - INFO BasePage.py [line:44]: 等待登录按钮, 时长: 0:00:00.039726
2023-09-05 17:20:37,708 - INFO BasePage.py [line:44]: 等待登录按钮, 时长: 0:00:00.039726
2023-09-05 17:20:37,709 - INFO BasePage.py [line:85]: 查找登录按钮元素定位, 定位方式('id', 'btnSubmit')
2023-09-05 17:20:37,709 - INFO BasePage.py [line:85]: 查找登录按钮元素定位, 定位方式('id', 'btnSubmit')
2023-09-05 17:20:37,723 - INFO BasePage.py [line:155]: 点击"登录按钮",元素定位:('id', 'btnSubmit')
2023-09-05 17:20:37,723 - INFO BasePage.py [line:155]: 点击"登录按钮",元素定位:('id', 'btnSubmit')
2023-09-05 17:20:40,975 - INFO BasePage.py [line:39]: 等待元素新建项目, 定位方式:('xpath', '/html/body/div[1]/a')
2023-09-05 17:20:40,975 - INFO BasePage.py [line:39]: 等待元素新建项目, 定位方式:('xpath', '/html/body/div[1]/a')
2023-09-05 17:20:41,006 - INFO BasePage.py [line:44]: 等待新建项目, 时长: 0:00:00.030803
2023-09-05 17:20:41,006 - INFO BasePage.py [line:44]: 等待新建项目, 时长: 0:00:00.030803
2023-09-05 17:20:41,006 - INFO BasePage.py [line:85]: 查找新建项目元素定位, 定位方式('xpath', '/html/body/div[1]/a')
2023-09-05 17:20:41,006 - INFO BasePage.py [line:85]: 查找新建项目元素定位, 定位方式('xpath', '/html/body/div[1]/a')
2023-09-05 17:20:41,014 - INFO BasePage.py [line:155]: 点击"新建项目",元素定位:('xpath', '/html/body/div[1]/a')
2023-09-05 17:20:41,014 - INFO BasePage.py [line:155]: 点击"新建项目",元素定位:('xpath', '/html/body/div[1]/a')
2023-09-05 17:20:41,053 - INFO BasePage.py [line:39]: 等待元素项目名称, 定位方式:('id', 'id_name')
2023-09-05 17:20:41,053 - INFO BasePage.py [line:39]: 等待元素项目名称, 定位方式:('id', 'id_name')
2023-09-05 17:20:41,602 - INFO BasePage.py [line:44]: 等待项目名称, 时长: 0:00:00.547120
2023-09-05 17:20:41,602 - INFO BasePage.py [line:44]: 等待项目名称, 时长: 0:00:00.547120
2023-09-05 17:20:41,602 - INFO BasePage.py [line:85]: 查找项目名称元素定位, 定位方式('id', 'id_name')
2023-09-05 17:20:41,602 - INFO BasePage.py [line:85]: 查找项目名称元素定位, 定位方式('id', 'id_name')
2023-09-05 17:20:41,610 - INFO BasePage.py [line:104]: 在项目名称输入bb, 元素定位: ('id', 'id_name')
2023-09-05 17:20:41,610 - INFO BasePage.py [line:104]: 在项目名称输入bb, 元素定位: ('id', 'id_name')
2023-09-05 17:20:45,696 - INFO BasePage.py [line:85]: 查找颜色1元素定位, 定位方式('id', 'id_color_1')
2023-09-05 17:20:45,696 - INFO BasePage.py [line:85]: 查找颜色1元素定位, 定位方式('id', 'id_color_1')
2023-09-05 17:20:45,710 - INFO BasePage.py [line:155]: 点击"颜色1",元素定位:('id', 'id_color_1')
2023-09-05 17:20:45,710 - INFO BasePage.py [line:155]: 点击"颜色1",元素定位:('id', 'id_color_1')
2023-09-05 17:20:55,741 - ERROR BasePage.py [line:159]: "颜色1"点击失败
Traceback (most recent call last):
  File "c:\Users\59723\Desktop\z\pom_demo\Common\BasePage.py", line 157, in click_element
    ele.click()
  File "C:\Users\59723\miniconda3\envs\django\lib\site-packages\selenium\webdriver\remote\webelement.py", line 94, in click
    self._execute(Command.CLICK_ELEMENT)
  File "C:\Users\59723\miniconda3\envs\django\lib\site-packages\selenium\webdriver\remote\webelement.py", line 403, in _execute
    return self._parent.execute(command, params)
  File "C:\Users\59723\miniconda3\envs\django\lib\site-packages\selenium\webdriver\remote\webdriver.py", line 440, in execute
    self.error_handler.check_response(response)
  File "C:\Users\59723\miniconda3\envs\django\lib\site-packages\selenium\webdriver\remote\errorhandler.py", line 245, in check_response
    raise exception_class(message, screen, stacktrace)
selenium.common.exceptions.ElementNotInteractableException: Message: element not interactable
  (Session info: MicrosoftEdge=116.0.1938.69)
Stacktrace:
	GetHandleVerifier [0x00007FF785133DB2+61490]
	Microsoft::Applications::Events::EventProperty::~EventProperty [0x00007FF7850C6002+740642]
	(No symbol) [0x00007FF784E9B6E0]
	(No symbol) [0x00007FF784EE4650]
	(No symbol) [0x00007FF784ED75AC]
	(No symbol) [0x00007FF784F0390A]
	(No symbol) [0x00007FF784ED7021]
	(No symbol) [0x00007FF784ED6ECD]
	(No symbol) [0x00007FF784F03C40]
	(No symbol) [0x00007FF784ED7021]
	(No symbol) [0x00007FF784F1CE21]
	(No symbol) [0x00007FF784F036E3]
	(No symbol) [0x00007FF784ED5EAA]
	(No symbol) [0x00007FF784ED518B]
	(No symbol) [0x00007FF784ED6634]
	Microsoft::Applications::Events::ILogManager::DispatchEventBroadcast [0x00007FF7852F8D69+1207369]
	(No symbol) [0x00007FF784F55304]
	Microsoft::Applications::Events::EventProperty::~EventProperty [0x00007FF7850190F1+32273]
	Microsoft::Applications::Events::EventProperty::~EventProperty [0x00007FF7850119E9+1801]
	Microsoft::Applications::Events::ILogManager::DispatchEventBroadcast [0x00007FF7852F7944+1202212]
	Microsoft::Applications::Events::ILogConfiguration::operator* [0x00007FF7850CE998+19784]
	Microsoft::Applications::Events::ILogConfiguration::operator* [0x00007FF7850CAE54+4612]
	Microsoft::Applications::Events::ILogConfiguration::operator* [0x00007FF7850CAF86+4918]
	Microsoft::Applications::Events::EventProperty::~EventProperty [0x00007FF7850BF451+713073]
	BaseThreadInitThunk [0x00007FFCDEE526AD+29]
	RtlUserThreadStart [0x00007FFCE108AA68+40]

2023-09-05 17:20:55,741 - ERROR BasePage.py [line:159]: "颜色1"点击失败
Traceback (most recent call last):
  File "c:\Users\59723\Desktop\z\pom_demo\Common\BasePage.py", line 157, in click_element
    ele.click()
  File "C:\Users\59723\miniconda3\envs\django\lib\site-packages\selenium\webdriver\remote\webelement.py", line 94, in click
    self._execute(Command.CLICK_ELEMENT)
  File "C:\Users\59723\miniconda3\envs\django\lib\site-packages\selenium\webdriver\remote\webelement.py", line 403, in _execute
    return self._parent.execute(command, params)
  File "C:\Users\59723\miniconda3\envs\django\lib\site-packages\selenium\webdriver\remote\webdriver.py", line 440, in execute
    self.error_handler.check_response(response)
  File "C:\Users\59723\miniconda3\envs\django\lib\site-packages\selenium\webdriver\remote\errorhandler.py", line 245, in check_response
    raise exception_class(message, screen, stacktrace)
selenium.common.exceptions.ElementNotInteractableException: Message: element not interactable
  (Session info: MicrosoftEdge=116.0.1938.69)
Stacktrace:
	GetHandleVerifier [0x00007FF785133DB2+61490]
	Microsoft::Applications::Events::EventProperty::~EventProperty [0x00007FF7850C6002+740642]
	(No symbol) [0x00007FF784E9B6E0]
	(No symbol) [0x00007FF784EE4650]
	(No symbol) [0x00007FF784ED75AC]
	(No symbol) [0x00007FF784F0390A]
	(No symbol) [0x00007FF784ED7021]
	(No symbol) [0x00007FF784ED6ECD]
	(No symbol) [0x00007FF784F03C40]
	(No symbol) [0x00007FF784ED7021]
	(No symbol) [0x00007FF784F1CE21]
	(No symbol) [0x00007FF784F036E3]
	(No symbol) [0x00007FF784ED5EAA]
	(No symbol) [0x00007FF784ED518B]
	(No symbol) [0x00007FF784ED6634]
	Microsoft::Applications::Events::ILogManager::DispatchEventBroadcast [0x00007FF7852F8D69+1207369]
	(No symbol) [0x00007FF784F55304]
	Microsoft::Applications::Events::EventProperty::~EventProperty [0x00007FF7850190F1+32273]
	Microsoft::Applications::Events::EventProperty::~EventProperty [0x00007FF7850119E9+1801]
	Microsoft::Applications::Events::ILogManager::DispatchEventBroadcast [0x00007FF7852F7944+1202212]
	Microsoft::Applications::Events::ILogConfiguration::operator* [0x00007FF7850CE998+19784]
	Microsoft::Applications::Events::ILogConfiguration::operator* [0x00007FF7850CAE54+4612]
	Microsoft::Applications::Events::ILogConfiguration::operator* [0x00007FF7850CAF86+4918]
	Microsoft::Applications::Events::EventProperty::~EventProperty [0x00007FF7850BF451+713073]
	BaseThreadInitThunk [0x00007FFCDEE526AD+29]
	RtlUserThreadStart [0x00007FFCE108AA68+40]

