2023-09-05 17:11:53,581 - INFO test_001_loginIndex.py [line:28]: 
WebDriver 正在初始化...
2023-09-05 17:11:53,581 - INFO test_001_loginIndex.py [line:28]: 
WebDriver 正在初始化...
2023-09-05 17:11:53,744 - INFO test_001_loginIndex.py [line:30]: 打开链接: http://127.0.0.1:8000/login/...
2023-09-05 17:11:53,744 - INFO test_001_loginIndex.py [line:30]: 打开链接: http://127.0.0.1:8000/login/...
2023-09-05 17:11:53,888 - INFO test_001_loginIndex.py [line:35]: WebDriver 初始化完成！
2023-09-05 17:11:53,888 - INFO test_001_loginIndex.py [line:35]: WebDriver 初始化完成！
2023-09-05 17:11:53,896 - INFO MBugIndex.py [line:26]: [=====登录操作=====]
2023-09-05 17:11:53,896 - INFO MBugIndex.py [line:26]: [=====登录操作=====]
2023-09-05 17:11:53,898 - INFO BasePage.py [line:39]: 等待元素用户名框, 定位方式:('id', 'id_username')
2023-09-05 17:11:53,898 - INFO BasePage.py [line:39]: 等待元素用户名框, 定位方式:('id', 'id_username')
2023-09-05 17:11:53,942 - INFO BasePage.py [line:44]: 等待用户名框, 时长: 0:00:00.044321
2023-09-05 17:11:53,942 - INFO BasePage.py [line:44]: 等待用户名框, 时长: 0:00:00.044321
2023-09-05 17:11:53,942 - INFO BasePage.py [line:39]: 等待元素密码框, 定位方式:('id', 'id_password')
2023-09-05 17:11:53,942 - INFO BasePage.py [line:39]: 等待元素密码框, 定位方式:('id', 'id_password')
2023-09-05 17:11:53,974 - INFO BasePage.py [line:44]: 等待密码框, 时长: 0:00:00.031102
2023-09-05 17:11:53,974 - INFO BasePage.py [line:44]: 等待密码框, 时长: 0:00:00.031102
2023-09-05 17:11:53,975 - INFO BasePage.py [line:39]: 等待元素验证码框, 定位方式:('id', 'id_code')
2023-09-05 17:11:53,975 - INFO BasePage.py [line:39]: 等待元素验证码框, 定位方式:('id', 'id_code')
2023-09-05 17:11:53,999 - INFO BasePage.py [line:44]: 等待验证码框, 时长: 0:00:00.023456
2023-09-05 17:11:53,999 - INFO BasePage.py [line:44]: 等待验证码框, 时长: 0:00:00.023456
2023-09-05 17:11:53,999 - INFO BasePage.py [line:85]: 查找用户名框元素定位, 定位方式('id', 'id_username')
2023-09-05 17:11:53,999 - INFO BasePage.py [line:85]: 查找用户名框元素定位, 定位方式('id', 'id_username')
2023-09-05 17:11:54,007 - INFO BasePage.py [line:141]: 清除"用户名框",元素定位:('id', 'id_username')
2023-09-05 17:11:54,007 - INFO BasePage.py [line:141]: 清除"用户名框",元素定位:('id', 'id_username')
2023-09-05 17:11:54,054 - INFO BasePage.py [line:85]: 查找密码框元素定位, 定位方式('id', 'id_password')
2023-09-05 17:11:54,054 - INFO BasePage.py [line:85]: 查找密码框元素定位, 定位方式('id', 'id_password')
2023-09-05 17:11:54,064 - INFO BasePage.py [line:141]: 清除"密码框",元素定位:('id', 'id_password')
2023-09-05 17:11:54,064 - INFO BasePage.py [line:141]: 清除"密码框",元素定位:('id', 'id_password')
2023-09-05 17:11:54,091 - INFO BasePage.py [line:85]: 查找验证码框元素定位, 定位方式('id', 'id_code')
2023-09-05 17:11:54,091 - INFO BasePage.py [line:85]: 查找验证码框元素定位, 定位方式('id', 'id_code')
2023-09-05 17:11:54,102 - INFO BasePage.py [line:141]: 清除"验证码框",元素定位:('id', 'id_code')
2023-09-05 17:11:54,102 - INFO BasePage.py [line:141]: 清除"验证码框",元素定位:('id', 'id_code')
2023-09-05 17:11:54,131 - INFO BasePage.py [line:85]: 查找用户名框元素定位, 定位方式('id', 'id_username')
2023-09-05 17:11:54,131 - INFO BasePage.py [line:85]: 查找用户名框元素定位, 定位方式('id', 'id_username')
2023-09-05 17:11:54,143 - INFO BasePage.py [line:104]: 在用户名框输入597234156@qq.com, 元素定位: ('id', 'id_username')
2023-09-05 17:11:54,143 - INFO BasePage.py [line:104]: 在用户名框输入597234156@qq.com, 元素定位: ('id', 'id_username')
2023-09-05 17:11:54,269 - INFO BasePage.py [line:85]: 查找密码框元素定位, 定位方式('id', 'id_password')
2023-09-05 17:11:54,269 - INFO BasePage.py [line:85]: 查找密码框元素定位, 定位方式('id', 'id_password')
2023-09-05 17:11:54,290 - INFO BasePage.py [line:104]: 在密码框输入12345678, 元素定位: ('id', 'id_password')
2023-09-05 17:11:54,290 - INFO BasePage.py [line:104]: 在密码框输入12345678, 元素定位: ('id', 'id_password')
2023-09-05 17:11:54,374 - INFO BasePage.py [line:85]: 查找验证码框元素定位, 定位方式('id', 'id_code')
2023-09-05 17:11:54,374 - INFO BasePage.py [line:85]: 查找验证码框元素定位, 定位方式('id', 'id_code')
2023-09-05 17:11:54,388 - INFO BasePage.py [line:104]: 在验证码框输入1234, 元素定位: ('id', 'id_code')
2023-09-05 17:11:54,388 - INFO BasePage.py [line:104]: 在验证码框输入1234, 元素定位: ('id', 'id_code')
2023-09-05 17:11:54,496 - INFO BasePage.py [line:39]: 等待元素登录按钮, 定位方式:('id', 'btnSubmit')
2023-09-05 17:11:54,496 - INFO BasePage.py [line:39]: 等待元素登录按钮, 定位方式:('id', 'btnSubmit')
2023-09-05 17:11:54,556 - INFO BasePage.py [line:44]: 等待登录按钮, 时长: 0:00:00.058852
2023-09-05 17:11:54,556 - INFO BasePage.py [line:44]: 等待登录按钮, 时长: 0:00:00.058852
2023-09-05 17:11:54,556 - INFO BasePage.py [line:85]: 查找登录按钮元素定位, 定位方式('id', 'btnSubmit')
2023-09-05 17:11:54,556 - INFO BasePage.py [line:85]: 查找登录按钮元素定位, 定位方式('id', 'btnSubmit')
2023-09-05 17:11:54,576 - INFO BasePage.py [line:155]: 点击"登录按钮",元素定位:('id', 'btnSubmit')
2023-09-05 17:11:54,576 - INFO BasePage.py [line:155]: 点击"登录按钮",元素定位:('id', 'btnSubmit')
2023-09-05 17:11:57,901 - INFO BasePage.py [line:39]: 等待元素新建项目, 定位方式:('xpath', '/html/body/div[1]/a')
2023-09-05 17:11:57,901 - INFO BasePage.py [line:39]: 等待元素新建项目, 定位方式:('xpath', '/html/body/div[1]/a')
2023-09-05 17:11:57,939 - INFO BasePage.py [line:44]: 等待新建项目, 时长: 0:00:00.037652
2023-09-05 17:11:57,939 - INFO BasePage.py [line:44]: 等待新建项目, 时长: 0:00:00.037652
2023-09-05 17:11:57,940 - INFO BasePage.py [line:85]: 查找新建项目元素定位, 定位方式('xpath', '/html/body/div[1]/a')
2023-09-05 17:11:57,940 - INFO BasePage.py [line:85]: 查找新建项目元素定位, 定位方式('xpath', '/html/body/div[1]/a')
2023-09-05 17:11:57,950 - INFO BasePage.py [line:155]: 点击"新建项目",元素定位:('xpath', '/html/body/div[1]/a')
2023-09-05 17:11:57,950 - INFO BasePage.py [line:155]: 点击"新建项目",元素定位:('xpath', '/html/body/div[1]/a')
2023-09-05 17:11:57,992 - INFO BasePage.py [line:39]: 等待元素项目名称, 定位方式:('id', 'id_name')
2023-09-05 17:11:57,992 - INFO BasePage.py [line:39]: 等待元素项目名称, 定位方式:('id', 'id_name')
2023-09-05 17:11:58,544 - INFO BasePage.py [line:44]: 等待项目名称, 时长: 0:00:00.551089
2023-09-05 17:11:58,544 - INFO BasePage.py [line:44]: 等待项目名称, 时长: 0:00:00.551089
2023-09-05 17:11:58,544 - INFO BasePage.py [line:85]: 查找项目名称元素定位, 定位方式('id', 'id_name')
2023-09-05 17:11:58,544 - INFO BasePage.py [line:85]: 查找项目名称元素定位, 定位方式('id', 'id_name')
2023-09-05 17:11:58,553 - INFO BasePage.py [line:104]: 在项目名称输入bb, 元素定位: ('id', 'id_name')
2023-09-05 17:11:58,553 - INFO BasePage.py [line:104]: 在项目名称输入bb, 元素定位: ('id', 'id_name')
2023-09-05 17:12:43,594 - INFO BasePage.py [line:85]: 查找颜色0元素定位, 定位方式('id', 'id_color_0')
2023-09-05 17:12:43,594 - INFO BasePage.py [line:85]: 查找颜色0元素定位, 定位方式('id', 'id_color_0')
2023-09-05 17:15:42,632 - INFO BasePage.py [line:155]: 点击"颜色0",元素定位:('id', 'id_color_0')
2023-09-05 17:15:42,632 - INFO BasePage.py [line:155]: 点击"颜色0",元素定位:('id', 'id_color_0')
