2023-09-05 17:31:41,382 - INFO test_001_loginIndex.py [line:28]: 
WebDriver 正在初始化...
2023-09-05 17:31:41,382 - INFO test_001_loginIndex.py [line:28]: 
WebDriver 正在初始化...
2023-09-05 17:31:41,515 - INFO test_001_loginIndex.py [line:30]: 打开链接: http://127.0.0.1:8000/login/...
2023-09-05 17:31:41,515 - INFO test_001_loginIndex.py [line:30]: 打开链接: http://127.0.0.1:8000/login/...
2023-09-05 17:31:41,637 - INFO test_001_loginIndex.py [line:35]: WebDriver 初始化完成！
2023-09-05 17:31:41,637 - INFO test_001_loginIndex.py [line:35]: WebDriver 初始化完成！
2023-09-05 17:31:41,643 - INFO MBugIndex.py [line:26]: [=====登录操作=====]
2023-09-05 17:31:41,643 - INFO MBugIndex.py [line:26]: [=====登录操作=====]
2023-09-05 17:31:41,644 - INFO BasePage.py [line:39]: 等待元素用户名框, 定位方式:('id', 'id_username')
2023-09-05 17:31:41,644 - INFO BasePage.py [line:39]: 等待元素用户名框, 定位方式:('id', 'id_username')
2023-09-05 17:31:41,679 - INFO BasePage.py [line:44]: 等待用户名框, 时长: 0:00:00.035805
2023-09-05 17:31:41,679 - INFO BasePage.py [line:44]: 等待用户名框, 时长: 0:00:00.035805
2023-09-05 17:31:41,680 - INFO BasePage.py [line:39]: 等待元素密码框, 定位方式:('id', 'id_password')
2023-09-05 17:31:41,680 - INFO BasePage.py [line:39]: 等待元素密码框, 定位方式:('id', 'id_password')
2023-09-05 17:31:41,725 - INFO BasePage.py [line:44]: 等待密码框, 时长: 0:00:00.044098
2023-09-05 17:31:41,725 - INFO BasePage.py [line:44]: 等待密码框, 时长: 0:00:00.044098
2023-09-05 17:31:41,725 - INFO BasePage.py [line:39]: 等待元素验证码框, 定位方式:('id', 'id_code')
2023-09-05 17:31:41,725 - INFO BasePage.py [line:39]: 等待元素验证码框, 定位方式:('id', 'id_code')
2023-09-05 17:31:41,746 - INFO BasePage.py [line:44]: 等待验证码框, 时长: 0:00:00.020767
2023-09-05 17:31:41,746 - INFO BasePage.py [line:44]: 等待验证码框, 时长: 0:00:00.020767
2023-09-05 17:31:41,746 - INFO BasePage.py [line:85]: 查找用户名框元素定位, 定位方式('id', 'id_username')
2023-09-05 17:31:41,746 - INFO BasePage.py [line:85]: 查找用户名框元素定位, 定位方式('id', 'id_username')
2023-09-05 17:31:41,755 - INFO BasePage.py [line:141]: 清除"用户名框",元素定位:('id', 'id_username')
2023-09-05 17:31:41,755 - INFO BasePage.py [line:141]: 清除"用户名框",元素定位:('id', 'id_username')
2023-09-05 17:31:41,795 - INFO BasePage.py [line:85]: 查找密码框元素定位, 定位方式('id', 'id_password')
2023-09-05 17:31:41,795 - INFO BasePage.py [line:85]: 查找密码框元素定位, 定位方式('id', 'id_password')
2023-09-05 17:31:41,802 - INFO BasePage.py [line:141]: 清除"密码框",元素定位:('id', 'id_password')
2023-09-05 17:31:41,802 - INFO BasePage.py [line:141]: 清除"密码框",元素定位:('id', 'id_password')
2023-09-05 17:31:41,839 - INFO BasePage.py [line:85]: 查找验证码框元素定位, 定位方式('id', 'id_code')
2023-09-05 17:31:41,839 - INFO BasePage.py [line:85]: 查找验证码框元素定位, 定位方式('id', 'id_code')
2023-09-05 17:31:41,849 - INFO BasePage.py [line:141]: 清除"验证码框",元素定位:('id', 'id_code')
2023-09-05 17:31:41,849 - INFO BasePage.py [line:141]: 清除"验证码框",元素定位:('id', 'id_code')
2023-09-05 17:31:41,913 - INFO BasePage.py [line:85]: 查找用户名框元素定位, 定位方式('id', 'id_username')
2023-09-05 17:31:41,913 - INFO BasePage.py [line:85]: 查找用户名框元素定位, 定位方式('id', 'id_username')
2023-09-05 17:31:41,923 - INFO BasePage.py [line:104]: 在用户名框输入597234156@qq.com, 元素定位: ('id', 'id_username')
2023-09-05 17:31:41,923 - INFO BasePage.py [line:104]: 在用户名框输入597234156@qq.com, 元素定位: ('id', 'id_username')
2023-09-05 17:31:42,266 - INFO BasePage.py [line:85]: 查找密码框元素定位, 定位方式('id', 'id_password')
2023-09-05 17:31:42,266 - INFO BasePage.py [line:85]: 查找密码框元素定位, 定位方式('id', 'id_password')
2023-09-05 17:31:42,278 - INFO BasePage.py [line:104]: 在密码框输入12345678, 元素定位: ('id', 'id_password')
2023-09-05 17:31:42,278 - INFO BasePage.py [line:104]: 在密码框输入12345678, 元素定位: ('id', 'id_password')
2023-09-05 17:31:42,352 - INFO BasePage.py [line:85]: 查找验证码框元素定位, 定位方式('id', 'id_code')
2023-09-05 17:31:42,352 - INFO BasePage.py [line:85]: 查找验证码框元素定位, 定位方式('id', 'id_code')
2023-09-05 17:31:42,365 - INFO BasePage.py [line:104]: 在验证码框输入1234, 元素定位: ('id', 'id_code')
2023-09-05 17:31:42,365 - INFO BasePage.py [line:104]: 在验证码框输入1234, 元素定位: ('id', 'id_code')
2023-09-05 17:31:42,485 - INFO BasePage.py [line:39]: 等待元素登录按钮, 定位方式:('id', 'btnSubmit')
2023-09-05 17:31:42,485 - INFO BasePage.py [line:39]: 等待元素登录按钮, 定位方式:('id', 'btnSubmit')
2023-09-05 17:31:42,544 - INFO BasePage.py [line:44]: 等待登录按钮, 时长: 0:00:00.055743
2023-09-05 17:31:42,544 - INFO BasePage.py [line:44]: 等待登录按钮, 时长: 0:00:00.055743
2023-09-05 17:31:42,544 - INFO BasePage.py [line:85]: 查找登录按钮元素定位, 定位方式('id', 'btnSubmit')
2023-09-05 17:31:42,544 - INFO BasePage.py [line:85]: 查找登录按钮元素定位, 定位方式('id', 'btnSubmit')
2023-09-05 17:31:42,558 - INFO BasePage.py [line:155]: 点击"登录按钮",元素定位:('id', 'btnSubmit')
2023-09-05 17:31:42,558 - INFO BasePage.py [line:155]: 点击"登录按钮",元素定位:('id', 'btnSubmit')
2023-09-05 17:31:45,945 - INFO BasePage.py [line:39]: 等待元素新建项目, 定位方式:('xpath', '/html/body/div[1]/a')
2023-09-05 17:31:45,945 - INFO BasePage.py [line:39]: 等待元素新建项目, 定位方式:('xpath', '/html/body/div[1]/a')
2023-09-05 17:31:46,059 - INFO BasePage.py [line:44]: 等待新建项目, 时长: 0:00:00.113403
2023-09-05 17:31:46,059 - INFO BasePage.py [line:44]: 等待新建项目, 时长: 0:00:00.113403
2023-09-05 17:31:46,059 - INFO BasePage.py [line:85]: 查找新建项目元素定位, 定位方式('xpath', '/html/body/div[1]/a')
2023-09-05 17:31:46,059 - INFO BasePage.py [line:85]: 查找新建项目元素定位, 定位方式('xpath', '/html/body/div[1]/a')
2023-09-05 17:31:46,089 - INFO BasePage.py [line:155]: 点击"新建项目",元素定位:('xpath', '/html/body/div[1]/a')
2023-09-05 17:31:46,089 - INFO BasePage.py [line:155]: 点击"新建项目",元素定位:('xpath', '/html/body/div[1]/a')
2023-09-05 17:31:46,165 - INFO BasePage.py [line:39]: 等待元素项目名称, 定位方式:('id', 'id_name')
2023-09-05 17:31:46,165 - INFO BasePage.py [line:39]: 等待元素项目名称, 定位方式:('id', 'id_name')
2023-09-05 17:31:46,744 - INFO BasePage.py [line:44]: 等待项目名称, 时长: 0:00:00.578995
2023-09-05 17:31:46,744 - INFO BasePage.py [line:44]: 等待项目名称, 时长: 0:00:00.578995
2023-09-05 17:31:46,745 - INFO BasePage.py [line:85]: 查找项目名称元素定位, 定位方式('id', 'id_name')
2023-09-05 17:31:46,745 - INFO BasePage.py [line:85]: 查找项目名称元素定位, 定位方式('id', 'id_name')
2023-09-05 17:31:46,757 - INFO BasePage.py [line:104]: 在项目名称输入bb, 元素定位: ('id', 'id_name')
2023-09-05 17:31:46,757 - INFO BasePage.py [line:104]: 在项目名称输入bb, 元素定位: ('id', 'id_name')
2023-09-05 17:31:52,569 - INFO BasePage.py [line:85]: 查找颜色1元素定位, 定位方式('xpath', '/html/body/div[3]/div[3]/div/div/div[2]/form/div[2]/div/label[1]/span')
2023-09-05 17:31:52,569 - INFO BasePage.py [line:85]: 查找颜色1元素定位, 定位方式('xpath', '/html/body/div[3]/div[3]/div/div/div[2]/form/div[2]/div/label[1]/span')
2023-09-05 17:31:52,588 - INFO BasePage.py [line:155]: 点击"颜色1",元素定位:('xpath', '/html/body/div[3]/div[3]/div/div/div[2]/form/div[2]/div/label[1]/span')
2023-09-05 17:31:52,588 - INFO BasePage.py [line:155]: 点击"颜色1",元素定位:('xpath', '/html/body/div[3]/div[3]/div/div/div[2]/form/div[2]/div/label[1]/span')
2023-09-05 17:31:58,778 - INFO BasePage.py [line:85]: 查找项目描述元素定位, 定位方式('id', 'id_desc')
2023-09-05 17:31:58,778 - INFO BasePage.py [line:85]: 查找项目描述元素定位, 定位方式('id', 'id_desc')
2023-09-05 17:31:58,791 - INFO BasePage.py [line:104]: 在项目描述输入bbbb, 元素定位: ('id', 'id_desc')
2023-09-05 17:31:58,791 - INFO BasePage.py [line:104]: 在项目描述输入bbbb, 元素定位: ('id', 'id_desc')
