2023-09-05 18:42:26,291 - INFO test_001_loginIndex.py [line:28]: 
WebDriver 正在初始化...
2023-09-05 18:42:26,537 - INFO test_001_loginIndex.py [line:30]: 打开链接: http://127.0.0.1:8000/login/...
2023-09-05 18:42:26,728 - INFO test_001_loginIndex.py [line:35]: WebDriver 初始化完成！
2023-09-05 18:42:26,732 - INFO MBugIndex.py [line:26]: [=====登录操作=====]
2023-09-05 18:42:26,733 - INFO BasePage.py [line:39]: 等待元素用户名框, 定位方式:('id', 'id_username')
2023-09-05 18:42:26,794 - INFO BasePage.py [line:44]: 等待用户名框, 时长: 0:00:00.059880
2023-09-05 18:42:26,795 - INFO BasePage.py [line:39]: 等待元素密码框, 定位方式:('id', 'id_password')
2023-09-05 18:42:26,829 - INFO BasePage.py [line:44]: 等待密码框, 时长: 0:00:00.034561
2023-09-05 18:42:26,829 - INFO BasePage.py [line:39]: 等待元素验证码框, 定位方式:('id', 'id_code')
2023-09-05 18:42:26,852 - INFO BasePage.py [line:44]: 等待验证码框, 时长: 0:00:00.022682
2023-09-05 18:42:26,852 - INFO BasePage.py [line:85]: 查找用户名框元素定位, 定位方式('id', 'id_username')
2023-09-05 18:42:26,859 - INFO BasePage.py [line:141]: 清除"用户名框",元素定位:('id', 'id_username')
2023-09-05 18:42:26,900 - INFO BasePage.py [line:85]: 查找密码框元素定位, 定位方式('id', 'id_password')
2023-09-05 18:42:26,907 - INFO BasePage.py [line:141]: 清除"密码框",元素定位:('id', 'id_password')
2023-09-05 18:42:26,931 - INFO BasePage.py [line:85]: 查找验证码框元素定位, 定位方式('id', 'id_code')
2023-09-05 18:42:26,938 - INFO BasePage.py [line:141]: 清除"验证码框",元素定位:('id', 'id_code')
2023-09-05 18:42:26,963 - INFO BasePage.py [line:85]: 查找用户名框元素定位, 定位方式('id', 'id_username')
2023-09-05 18:42:26,970 - INFO BasePage.py [line:104]: 在用户名框输入597234156@qq.com, 元素定位: ('id', 'id_username')
2023-09-05 18:42:27,060 - INFO BasePage.py [line:85]: 查找密码框元素定位, 定位方式('id', 'id_password')
2023-09-05 18:42:27,080 - INFO BasePage.py [line:104]: 在密码框输入12345678, 元素定位: ('id', 'id_password')
2023-09-05 18:42:27,151 - INFO BasePage.py [line:85]: 查找验证码框元素定位, 定位方式('id', 'id_code')
2023-09-05 18:42:27,166 - INFO BasePage.py [line:104]: 在验证码框输入1234, 元素定位: ('id', 'id_code')
2023-09-05 18:42:27,222 - INFO BasePage.py [line:39]: 等待元素登录按钮, 定位方式:('id', 'btnSubmit')
2023-09-05 18:42:27,251 - INFO BasePage.py [line:44]: 等待登录按钮, 时长: 0:00:00.029050
2023-09-05 18:42:27,251 - INFO BasePage.py [line:85]: 查找登录按钮元素定位, 定位方式('id', 'btnSubmit')
2023-09-05 18:42:27,262 - INFO BasePage.py [line:155]: 点击"登录按钮",元素定位:('id', 'btnSubmit')
2023-09-05 18:42:30,516 - INFO BasePage.py [line:39]: 等待元素新建项目, 定位方式:('xpath', '/html/body/div[1]/a')
2023-09-05 18:42:30,550 - INFO BasePage.py [line:44]: 等待新建项目, 时长: 0:00:00.034706
2023-09-05 18:42:30,550 - INFO BasePage.py [line:85]: 查找新建项目元素定位, 定位方式('xpath', '/html/body/div[1]/a')
2023-09-05 18:42:30,562 - INFO BasePage.py [line:155]: 点击"新建项目",元素定位:('xpath', '/html/body/div[1]/a')
2023-09-05 18:42:30,604 - INFO BasePage.py [line:39]: 等待元素项目名称, 定位方式:('id', 'id_name')
2023-09-05 18:42:31,193 - INFO BasePage.py [line:44]: 等待项目名称, 时长: 0:00:00.588988
2023-09-05 18:42:31,194 - INFO BasePage.py [line:85]: 查找项目名称元素定位, 定位方式('id', 'id_name')
2023-09-05 18:42:31,202 - INFO BasePage.py [line:104]: 在项目名称输入bb, 元素定位: ('id', 'id_name')
2023-09-05 18:42:31,264 - INFO BasePage.py [line:85]: 查找颜色1元素定位, 定位方式('xpath', '/html/body/div[3]/div[3]/div/div/div[2]/form/div[2]/div/label[1]/span')
2023-09-05 18:42:31,566 - INFO BasePage.py [line:85]: 查找颜色1元素定位, 定位方式('xpath', '/html/body/div[3]/div[3]/div/div/div[2]/form/div[2]/div/label[1]/span')
2023-09-05 18:42:31,576 - INFO BasePage.py [line:155]: 点击"颜色1",元素定位:('xpath', '/html/body/div[3]/div[3]/div/div/div[2]/form/div[2]/div/label[1]/span')
2023-09-05 18:42:31,623 - INFO BasePage.py [line:85]: 查找项目描述元素定位, 定位方式('id', 'id_desc')
2023-09-05 18:42:31,633 - INFO BasePage.py [line:104]: 在项目描述输入bbbb, 元素定位: ('id', 'id_desc')
2023-09-05 18:42:34,031 - INFO test_001_loginIndex.py [line:38]: WebDriver 成功退出...
