2023-09-05 17:32:30,927 - INFO test_001_loginIndex.py [line:28]: 
WebDriver 正在初始化...
2023-09-05 17:32:30,927 - INFO test_001_loginIndex.py [line:28]: 
WebDriver 正在初始化...
2023-09-05 17:32:31,054 - INFO test_001_loginIndex.py [line:30]: 打开链接: http://127.0.0.1:8000/login/...
2023-09-05 17:32:31,054 - INFO test_001_loginIndex.py [line:30]: 打开链接: http://127.0.0.1:8000/login/...
2023-09-05 17:32:31,172 - INFO test_001_loginIndex.py [line:35]: WebDriver 初始化完成！
2023-09-05 17:32:31,172 - INFO test_001_loginIndex.py [line:35]: WebDriver 初始化完成！
2023-09-05 17:32:31,177 - INFO MBugIndex.py [line:26]: [=====登录操作=====]
2023-09-05 17:32:31,177 - INFO MBugIndex.py [line:26]: [=====登录操作=====]
2023-09-05 17:32:31,178 - INFO BasePage.py [line:39]: 等待元素用户名框, 定位方式:('id', 'id_username')
2023-09-05 17:32:31,178 - INFO BasePage.py [line:39]: 等待元素用户名框, 定位方式:('id', 'id_username')
2023-09-05 17:32:31,213 - INFO BasePage.py [line:44]: 等待用户名框, 时长: 0:00:00.034671
2023-09-05 17:32:31,213 - INFO BasePage.py [line:44]: 等待用户名框, 时长: 0:00:00.034671
2023-09-05 17:32:31,213 - INFO BasePage.py [line:39]: 等待元素密码框, 定位方式:('id', 'id_password')
2023-09-05 17:32:31,213 - INFO BasePage.py [line:39]: 等待元素密码框, 定位方式:('id', 'id_password')
2023-09-05 17:32:31,238 - INFO BasePage.py [line:44]: 等待密码框, 时长: 0:00:00.024571
2023-09-05 17:32:31,238 - INFO BasePage.py [line:44]: 等待密码框, 时长: 0:00:00.024571
2023-09-05 17:32:31,238 - INFO BasePage.py [line:39]: 等待元素验证码框, 定位方式:('id', 'id_code')
2023-09-05 17:32:31,238 - INFO BasePage.py [line:39]: 等待元素验证码框, 定位方式:('id', 'id_code')
2023-09-05 17:32:31,256 - INFO BasePage.py [line:44]: 等待验证码框, 时长: 0:00:00.018036
2023-09-05 17:32:31,256 - INFO BasePage.py [line:44]: 等待验证码框, 时长: 0:00:00.018036
2023-09-05 17:32:31,256 - INFO BasePage.py [line:85]: 查找用户名框元素定位, 定位方式('id', 'id_username')
2023-09-05 17:32:31,256 - INFO BasePage.py [line:85]: 查找用户名框元素定位, 定位方式('id', 'id_username')
2023-09-05 17:32:31,263 - INFO BasePage.py [line:141]: 清除"用户名框",元素定位:('id', 'id_username')
2023-09-05 17:32:31,263 - INFO BasePage.py [line:141]: 清除"用户名框",元素定位:('id', 'id_username')
2023-09-05 17:32:31,295 - INFO BasePage.py [line:85]: 查找密码框元素定位, 定位方式('id', 'id_password')
2023-09-05 17:32:31,295 - INFO BasePage.py [line:85]: 查找密码框元素定位, 定位方式('id', 'id_password')
2023-09-05 17:32:31,303 - INFO BasePage.py [line:141]: 清除"密码框",元素定位:('id', 'id_password')
2023-09-05 17:32:31,303 - INFO BasePage.py [line:141]: 清除"密码框",元素定位:('id', 'id_password')
2023-09-05 17:32:31,326 - INFO BasePage.py [line:85]: 查找验证码框元素定位, 定位方式('id', 'id_code')
2023-09-05 17:32:31,326 - INFO BasePage.py [line:85]: 查找验证码框元素定位, 定位方式('id', 'id_code')
2023-09-05 17:32:31,333 - INFO BasePage.py [line:141]: 清除"验证码框",元素定位:('id', 'id_code')
2023-09-05 17:32:31,333 - INFO BasePage.py [line:141]: 清除"验证码框",元素定位:('id', 'id_code')
2023-09-05 17:32:31,354 - INFO BasePage.py [line:85]: 查找用户名框元素定位, 定位方式('id', 'id_username')
2023-09-05 17:32:31,354 - INFO BasePage.py [line:85]: 查找用户名框元素定位, 定位方式('id', 'id_username')
2023-09-05 17:32:31,361 - INFO BasePage.py [line:104]: 在用户名框输入597234156@qq.com, 元素定位: ('id', 'id_username')
2023-09-05 17:32:31,361 - INFO BasePage.py [line:104]: 在用户名框输入597234156@qq.com, 元素定位: ('id', 'id_username')
2023-09-05 17:32:31,453 - INFO BasePage.py [line:85]: 查找密码框元素定位, 定位方式('id', 'id_password')
2023-09-05 17:32:31,453 - INFO BasePage.py [line:85]: 查找密码框元素定位, 定位方式('id', 'id_password')
2023-09-05 17:32:31,467 - INFO BasePage.py [line:104]: 在密码框输入12345678, 元素定位: ('id', 'id_password')
2023-09-05 17:32:31,467 - INFO BasePage.py [line:104]: 在密码框输入12345678, 元素定位: ('id', 'id_password')
2023-09-05 17:32:31,538 - INFO BasePage.py [line:85]: 查找验证码框元素定位, 定位方式('id', 'id_code')
2023-09-05 17:32:31,538 - INFO BasePage.py [line:85]: 查找验证码框元素定位, 定位方式('id', 'id_code')
2023-09-05 17:32:31,551 - INFO BasePage.py [line:104]: 在验证码框输入1234, 元素定位: ('id', 'id_code')
2023-09-05 17:32:31,551 - INFO BasePage.py [line:104]: 在验证码框输入1234, 元素定位: ('id', 'id_code')
2023-09-05 17:32:31,607 - INFO BasePage.py [line:39]: 等待元素登录按钮, 定位方式:('id', 'btnSubmit')
2023-09-05 17:32:31,607 - INFO BasePage.py [line:39]: 等待元素登录按钮, 定位方式:('id', 'btnSubmit')
2023-09-05 17:32:31,639 - INFO BasePage.py [line:44]: 等待登录按钮, 时长: 0:00:00.030572
2023-09-05 17:32:31,639 - INFO BasePage.py [line:44]: 等待登录按钮, 时长: 0:00:00.030572
2023-09-05 17:32:31,639 - INFO BasePage.py [line:85]: 查找登录按钮元素定位, 定位方式('id', 'btnSubmit')
2023-09-05 17:32:31,639 - INFO BasePage.py [line:85]: 查找登录按钮元素定位, 定位方式('id', 'btnSubmit')
2023-09-05 17:32:31,654 - INFO BasePage.py [line:155]: 点击"登录按钮",元素定位:('id', 'btnSubmit')
2023-09-05 17:32:31,654 - INFO BasePage.py [line:155]: 点击"登录按钮",元素定位:('id', 'btnSubmit')
2023-09-05 17:32:34,876 - INFO BasePage.py [line:39]: 等待元素新建项目, 定位方式:('xpath', '/html/body/div[1]/a')
2023-09-05 17:32:34,876 - INFO BasePage.py [line:39]: 等待元素新建项目, 定位方式:('xpath', '/html/body/div[1]/a')
2023-09-05 17:32:34,908 - INFO BasePage.py [line:44]: 等待新建项目, 时长: 0:00:00.032064
2023-09-05 17:32:34,908 - INFO BasePage.py [line:44]: 等待新建项目, 时长: 0:00:00.032064
2023-09-05 17:32:34,909 - INFO BasePage.py [line:85]: 查找新建项目元素定位, 定位方式('xpath', '/html/body/div[1]/a')
2023-09-05 17:32:34,909 - INFO BasePage.py [line:85]: 查找新建项目元素定位, 定位方式('xpath', '/html/body/div[1]/a')
2023-09-05 17:32:34,919 - INFO BasePage.py [line:155]: 点击"新建项目",元素定位:('xpath', '/html/body/div[1]/a')
2023-09-05 17:32:34,919 - INFO BasePage.py [line:155]: 点击"新建项目",元素定位:('xpath', '/html/body/div[1]/a')
2023-09-05 17:32:34,955 - INFO BasePage.py [line:39]: 等待元素项目名称, 定位方式:('id', 'id_name')
2023-09-05 17:32:34,955 - INFO BasePage.py [line:39]: 等待元素项目名称, 定位方式:('id', 'id_name')
2023-09-05 17:32:35,498 - INFO BasePage.py [line:44]: 等待项目名称, 时长: 0:00:00.543337
2023-09-05 17:32:35,498 - INFO BasePage.py [line:44]: 等待项目名称, 时长: 0:00:00.543337
2023-09-05 17:32:35,499 - INFO BasePage.py [line:85]: 查找项目名称元素定位, 定位方式('id', 'id_name')
2023-09-05 17:32:35,499 - INFO BasePage.py [line:85]: 查找项目名称元素定位, 定位方式('id', 'id_name')
2023-09-05 17:32:35,508 - INFO BasePage.py [line:104]: 在项目名称输入bb, 元素定位: ('id', 'id_name')
2023-09-05 17:32:35,508 - INFO BasePage.py [line:104]: 在项目名称输入bb, 元素定位: ('id', 'id_name')
2023-09-05 17:32:45,856 - INFO BasePage.py [line:85]: 查找颜色1元素定位, 定位方式('xpath', '/html/body/div[3]/div[3]/div/div/div[2]/form/div[2]/div/label[1]/span')
2023-09-05 17:32:45,856 - INFO BasePage.py [line:85]: 查找颜色1元素定位, 定位方式('xpath', '/html/body/div[3]/div[3]/div/div/div[2]/form/div[2]/div/label[1]/span')
2023-09-05 17:32:55,570 - INFO BasePage.py [line:155]: 点击"颜色1",元素定位:('xpath', '/html/body/div[3]/div[3]/div/div/div[2]/form/div[2]/div/label[1]/span')
2023-09-05 17:32:55,570 - INFO BasePage.py [line:155]: 点击"颜色1",元素定位:('xpath', '/html/body/div[3]/div[3]/div/div/div[2]/form/div[2]/div/label[1]/span')
