2023-09-06 22:19:11,536 - INFO test_001_loginIndex.py [line:32]: 
WebDriver 正在初始化...
2023-09-06 22:19:11,536 - INFO test_001_loginIndex.py [line:32]: 
WebDriver 正在初始化...
2023-09-06 22:19:11,815 - INFO test_001_loginIndex.py [line:34]: 打开链接: http://127.0.0.1:8000/login/...
2023-09-06 22:19:11,815 - INFO test_001_loginIndex.py [line:34]: 打开链接: http://127.0.0.1:8000/login/...
2023-09-06 22:19:12,002 - INFO test_001_loginIndex.py [line:39]: WebDriver 初始化完成！
2023-09-06 22:19:12,002 - INFO test_001_loginIndex.py [line:39]: WebDriver 初始化完成！
2023-09-06 22:19:12,005 - INFO MBugIndex.py [line:26]: [=====登录操作=====]
2023-09-06 22:19:12,005 - INFO MBugIndex.py [line:26]: [=====登录操作=====]
2023-09-06 22:19:12,005 - INFO BasePage.py [line:39]: 等待元素用户名框, 定位方式:('id', 'id_username')
2023-09-06 22:19:12,005 - INFO BasePage.py [line:39]: 等待元素用户名框, 定位方式:('id', 'id_username')
2023-09-06 22:19:12,094 - INFO BasePage.py [line:44]: 等待用户名框, 时长: 0:00:00.088915
2023-09-06 22:19:12,094 - INFO BasePage.py [line:44]: 等待用户名框, 时长: 0:00:00.088915
2023-09-06 22:19:12,094 - INFO BasePage.py [line:39]: 等待元素密码框, 定位方式:('id', 'id_password')
2023-09-06 22:19:12,094 - INFO BasePage.py [line:39]: 等待元素密码框, 定位方式:('id', 'id_password')
2023-09-06 22:19:12,150 - INFO BasePage.py [line:44]: 等待密码框, 时长: 0:00:00.054869
2023-09-06 22:19:12,150 - INFO BasePage.py [line:44]: 等待密码框, 时长: 0:00:00.054869
2023-09-06 22:19:12,150 - INFO BasePage.py [line:39]: 等待元素验证码框, 定位方式:('id', 'id_code')
2023-09-06 22:19:12,150 - INFO BasePage.py [line:39]: 等待元素验证码框, 定位方式:('id', 'id_code')
2023-09-06 22:19:12,179 - INFO BasePage.py [line:44]: 等待验证码框, 时长: 0:00:00.029006
2023-09-06 22:19:12,179 - INFO BasePage.py [line:44]: 等待验证码框, 时长: 0:00:00.029006
2023-09-06 22:19:12,179 - INFO BasePage.py [line:85]: 查找用户名框元素定位, 定位方式('id', 'id_username')
2023-09-06 22:19:12,179 - INFO BasePage.py [line:85]: 查找用户名框元素定位, 定位方式('id', 'id_username')
2023-09-06 22:19:12,191 - INFO BasePage.py [line:141]: 清除"用户名框",元素定位:('id', 'id_username')
2023-09-06 22:19:12,191 - INFO BasePage.py [line:141]: 清除"用户名框",元素定位:('id', 'id_username')
2023-09-06 22:19:12,272 - INFO BasePage.py [line:85]: 查找密码框元素定位, 定位方式('id', 'id_password')
2023-09-06 22:19:12,272 - INFO BasePage.py [line:85]: 查找密码框元素定位, 定位方式('id', 'id_password')
2023-09-06 22:19:12,282 - INFO BasePage.py [line:141]: 清除"密码框",元素定位:('id', 'id_password')
2023-09-06 22:19:12,282 - INFO BasePage.py [line:141]: 清除"密码框",元素定位:('id', 'id_password')
2023-09-06 22:19:12,312 - INFO BasePage.py [line:85]: 查找验证码框元素定位, 定位方式('id', 'id_code')
2023-09-06 22:19:12,312 - INFO BasePage.py [line:85]: 查找验证码框元素定位, 定位方式('id', 'id_code')
2023-09-06 22:19:12,322 - INFO BasePage.py [line:141]: 清除"验证码框",元素定位:('id', 'id_code')
2023-09-06 22:19:12,322 - INFO BasePage.py [line:141]: 清除"验证码框",元素定位:('id', 'id_code')
2023-09-06 22:19:12,354 - INFO BasePage.py [line:85]: 查找用户名框元素定位, 定位方式('id', 'id_username')
2023-09-06 22:19:12,354 - INFO BasePage.py [line:85]: 查找用户名框元素定位, 定位方式('id', 'id_username')
2023-09-06 22:19:12,363 - INFO BasePage.py [line:104]: 在用户名框输入13713676304, 元素定位: ('id', 'id_username')
2023-09-06 22:19:12,363 - INFO BasePage.py [line:104]: 在用户名框输入13713676304, 元素定位: ('id', 'id_username')
2023-09-06 22:19:12,487 - INFO BasePage.py [line:85]: 查找密码框元素定位, 定位方式('id', 'id_password')
2023-09-06 22:19:12,487 - INFO BasePage.py [line:85]: 查找密码框元素定位, 定位方式('id', 'id_password')
2023-09-06 22:19:12,504 - INFO BasePage.py [line:104]: 在密码框输入12345678, 元素定位: ('id', 'id_password')
2023-09-06 22:19:12,504 - INFO BasePage.py [line:104]: 在密码框输入12345678, 元素定位: ('id', 'id_password')
2023-09-06 22:19:12,631 - INFO BasePage.py [line:85]: 查找验证码框元素定位, 定位方式('id', 'id_code')
2023-09-06 22:19:12,631 - INFO BasePage.py [line:85]: 查找验证码框元素定位, 定位方式('id', 'id_code')
2023-09-06 22:19:12,645 - INFO BasePage.py [line:104]: 在验证码框输入1234, 元素定位: ('id', 'id_code')
2023-09-06 22:19:12,645 - INFO BasePage.py [line:104]: 在验证码框输入1234, 元素定位: ('id', 'id_code')
2023-09-06 22:19:12,726 - INFO BasePage.py [line:39]: 等待元素登录按钮, 定位方式:('id', 'btnSubmit')
2023-09-06 22:19:12,726 - INFO BasePage.py [line:39]: 等待元素登录按钮, 定位方式:('id', 'btnSubmit')
2023-09-06 22:19:12,782 - INFO BasePage.py [line:44]: 等待登录按钮, 时长: 0:00:00.054137
2023-09-06 22:19:12,782 - INFO BasePage.py [line:44]: 等待登录按钮, 时长: 0:00:00.054137
2023-09-06 22:19:12,783 - INFO BasePage.py [line:85]: 查找登录按钮元素定位, 定位方式('id', 'btnSubmit')
2023-09-06 22:19:12,783 - INFO BasePage.py [line:85]: 查找登录按钮元素定位, 定位方式('id', 'btnSubmit')
2023-09-06 22:19:12,801 - INFO BasePage.py [line:155]: 点击"登录按钮",元素定位:('id', 'btnSubmit')
2023-09-06 22:19:12,801 - INFO BasePage.py [line:155]: 点击"登录按钮",元素定位:('id', 'btnSubmit')
2023-09-06 22:19:16,125 - INFO MBugIndex.py [line:49]: [=====登出操作=====]
2023-09-06 22:19:16,125 - INFO MBugIndex.py [line:49]: [=====登出操作=====]
2023-09-06 22:19:16,125 - INFO BasePage.py [line:39]: 等待元素下拉框, 定位方式:('css selector', '#bs-example-navbar-collapse-1 > ul.nav.navbar-nav.navbar-right > li > a')
2023-09-06 22:19:16,125 - INFO BasePage.py [line:39]: 等待元素下拉框, 定位方式:('css selector', '#bs-example-navbar-collapse-1 > ul.nav.navbar-nav.navbar-right > li > a')
2023-09-06 22:19:16,149 - INFO BasePage.py [line:44]: 等待下拉框, 时长: 0:00:00.024117
2023-09-06 22:19:16,149 - INFO BasePage.py [line:44]: 等待下拉框, 时长: 0:00:00.024117
2023-09-06 22:19:16,149 - INFO BasePage.py [line:85]: 查找下拉框元素定位, 定位方式('css selector', '#bs-example-navbar-collapse-1 > ul.nav.navbar-nav.navbar-right > li > a')
2023-09-06 22:19:16,149 - INFO BasePage.py [line:85]: 查找下拉框元素定位, 定位方式('css selector', '#bs-example-navbar-collapse-1 > ul.nav.navbar-nav.navbar-right > li > a')
2023-09-06 22:19:16,156 - INFO BasePage.py [line:155]: 点击"下拉框",元素定位:('css selector', '#bs-example-navbar-collapse-1 > ul.nav.navbar-nav.navbar-right > li > a')
2023-09-06 22:19:16,156 - INFO BasePage.py [line:155]: 点击"下拉框",元素定位:('css selector', '#bs-example-navbar-collapse-1 > ul.nav.navbar-nav.navbar-right > li > a')
2023-09-06 22:19:16,193 - INFO BasePage.py [line:39]: 等待元素登出按钮, 定位方式:('xpath', '/html/body/nav/div/div[2]/ul[2]/li/ul/li[3]/a')
2023-09-06 22:19:16,193 - INFO BasePage.py [line:39]: 等待元素登出按钮, 定位方式:('xpath', '/html/body/nav/div/div[2]/ul[2]/li/ul/li[3]/a')
2023-09-06 22:19:16,218 - INFO BasePage.py [line:44]: 等待登出按钮, 时长: 0:00:00.024302
2023-09-06 22:19:16,218 - INFO BasePage.py [line:44]: 等待登出按钮, 时长: 0:00:00.024302
2023-09-06 22:19:16,218 - INFO BasePage.py [line:85]: 查找登出按钮元素定位, 定位方式('xpath', '/html/body/nav/div/div[2]/ul[2]/li/ul/li[3]/a')
2023-09-06 22:19:16,218 - INFO BasePage.py [line:85]: 查找登出按钮元素定位, 定位方式('xpath', '/html/body/nav/div/div[2]/ul[2]/li/ul/li[3]/a')
2023-09-06 22:19:16,226 - INFO BasePage.py [line:155]: 点击"登出按钮",元素定位:('xpath', '/html/body/nav/div/div[2]/ul[2]/li/ul/li[3]/a')
2023-09-06 22:19:16,226 - INFO BasePage.py [line:155]: 点击"登出按钮",元素定位:('xpath', '/html/body/nav/div/div[2]/ul[2]/li/ul/li[3]/a')
2023-09-06 22:19:16,349 - INFO BasePage.py [line:85]: 查找注册按钮元素定位, 定位方式('xpath', '/html/body/nav/div/div[2]/ul[2]/li[2]/a')
2023-09-06 22:19:16,349 - INFO BasePage.py [line:85]: 查找注册按钮元素定位, 定位方式('xpath', '/html/body/nav/div/div[2]/ul[2]/li[2]/a')
2023-09-06 22:19:21,679 - INFO test_001_loginIndex.py [line:42]: WebDriver 成功退出...
2023-09-06 22:19:21,679 - INFO test_001_loginIndex.py [line:42]: WebDriver 成功退出...
