2023-09-05 18:33:27,157 - INFO test_001_loginIndex.py [line:28]: 
WebDriver 正在初始化...
2023-09-05 18:33:27,157 - INFO test_001_loginIndex.py [line:28]: 
WebDriver 正在初始化...
2023-09-05 18:33:27,305 - INFO test_001_loginIndex.py [line:30]: 打开链接: http://127.0.0.1:8000/login/...
2023-09-05 18:33:27,305 - INFO test_001_loginIndex.py [line:30]: 打开链接: http://127.0.0.1:8000/login/...
2023-09-05 18:33:27,427 - INFO test_001_loginIndex.py [line:35]: WebDriver 初始化完成！
2023-09-05 18:33:27,427 - INFO test_001_loginIndex.py [line:35]: WebDriver 初始化完成！
2023-09-05 18:33:27,432 - INFO MBugIndex.py [line:26]: [=====登录操作=====]
2023-09-05 18:33:27,432 - INFO MBugIndex.py [line:26]: [=====登录操作=====]
2023-09-05 18:33:27,433 - INFO BasePage.py [line:39]: 等待元素用户名框, 定位方式:('id', 'id_username')
2023-09-05 18:33:27,433 - INFO BasePage.py [line:39]: 等待元素用户名框, 定位方式:('id', 'id_username')
2023-09-05 18:33:27,467 - INFO BasePage.py [line:44]: 等待用户名框, 时长: 0:00:00.034144
2023-09-05 18:33:27,467 - INFO BasePage.py [line:44]: 等待用户名框, 时长: 0:00:00.034144
2023-09-05 18:33:27,468 - INFO BasePage.py [line:39]: 等待元素密码框, 定位方式:('id', 'id_password')
2023-09-05 18:33:27,468 - INFO BasePage.py [line:39]: 等待元素密码框, 定位方式:('id', 'id_password')
2023-09-05 18:33:27,494 - INFO BasePage.py [line:44]: 等待密码框, 时长: 0:00:00.025158
2023-09-05 18:33:27,494 - INFO BasePage.py [line:44]: 等待密码框, 时长: 0:00:00.025158
2023-09-05 18:33:27,495 - INFO BasePage.py [line:39]: 等待元素验证码框, 定位方式:('id', 'id_code')
2023-09-05 18:33:27,495 - INFO BasePage.py [line:39]: 等待元素验证码框, 定位方式:('id', 'id_code')
2023-09-05 18:33:27,518 - INFO BasePage.py [line:44]: 等待验证码框, 时长: 0:00:00.022943
2023-09-05 18:33:27,518 - INFO BasePage.py [line:44]: 等待验证码框, 时长: 0:00:00.022943
2023-09-05 18:33:27,519 - INFO BasePage.py [line:85]: 查找用户名框元素定位, 定位方式('id', 'id_username')
2023-09-05 18:33:27,519 - INFO BasePage.py [line:85]: 查找用户名框元素定位, 定位方式('id', 'id_username')
2023-09-05 18:33:27,527 - INFO BasePage.py [line:141]: 清除"用户名框",元素定位:('id', 'id_username')
2023-09-05 18:33:27,527 - INFO BasePage.py [line:141]: 清除"用户名框",元素定位:('id', 'id_username')
2023-09-05 18:33:27,565 - INFO BasePage.py [line:85]: 查找密码框元素定位, 定位方式('id', 'id_password')
2023-09-05 18:33:27,565 - INFO BasePage.py [line:85]: 查找密码框元素定位, 定位方式('id', 'id_password')
2023-09-05 18:33:27,576 - INFO BasePage.py [line:141]: 清除"密码框",元素定位:('id', 'id_password')
2023-09-05 18:33:27,576 - INFO BasePage.py [line:141]: 清除"密码框",元素定位:('id', 'id_password')
2023-09-05 18:33:27,599 - INFO BasePage.py [line:85]: 查找验证码框元素定位, 定位方式('id', 'id_code')
2023-09-05 18:33:27,599 - INFO BasePage.py [line:85]: 查找验证码框元素定位, 定位方式('id', 'id_code')
2023-09-05 18:33:27,608 - INFO BasePage.py [line:141]: 清除"验证码框",元素定位:('id', 'id_code')
2023-09-05 18:33:27,608 - INFO BasePage.py [line:141]: 清除"验证码框",元素定位:('id', 'id_code')
2023-09-05 18:33:27,633 - INFO BasePage.py [line:85]: 查找用户名框元素定位, 定位方式('id', 'id_username')
2023-09-05 18:33:27,633 - INFO BasePage.py [line:85]: 查找用户名框元素定位, 定位方式('id', 'id_username')
2023-09-05 18:33:27,642 - INFO BasePage.py [line:104]: 在用户名框输入597234156@qq.com, 元素定位: ('id', 'id_username')
2023-09-05 18:33:27,642 - INFO BasePage.py [line:104]: 在用户名框输入597234156@qq.com, 元素定位: ('id', 'id_username')
2023-09-05 18:33:27,759 - INFO BasePage.py [line:85]: 查找密码框元素定位, 定位方式('id', 'id_password')
2023-09-05 18:33:27,759 - INFO BasePage.py [line:85]: 查找密码框元素定位, 定位方式('id', 'id_password')
2023-09-05 18:33:27,779 - INFO BasePage.py [line:104]: 在密码框输入12345678, 元素定位: ('id', 'id_password')
2023-09-05 18:33:27,779 - INFO BasePage.py [line:104]: 在密码框输入12345678, 元素定位: ('id', 'id_password')
2023-09-05 18:33:27,853 - INFO BasePage.py [line:85]: 查找验证码框元素定位, 定位方式('id', 'id_code')
2023-09-05 18:33:27,853 - INFO BasePage.py [line:85]: 查找验证码框元素定位, 定位方式('id', 'id_code')
2023-09-05 18:33:27,870 - INFO BasePage.py [line:104]: 在验证码框输入1234, 元素定位: ('id', 'id_code')
2023-09-05 18:33:27,870 - INFO BasePage.py [line:104]: 在验证码框输入1234, 元素定位: ('id', 'id_code')
2023-09-05 18:33:27,937 - INFO BasePage.py [line:39]: 等待元素登录按钮, 定位方式:('id', 'btnSubmit')
2023-09-05 18:33:27,937 - INFO BasePage.py [line:39]: 等待元素登录按钮, 定位方式:('id', 'btnSubmit')
2023-09-05 18:33:27,971 - INFO BasePage.py [line:44]: 等待登录按钮, 时长: 0:00:00.033461
2023-09-05 18:33:27,971 - INFO BasePage.py [line:44]: 等待登录按钮, 时长: 0:00:00.033461
2023-09-05 18:33:27,971 - INFO BasePage.py [line:85]: 查找登录按钮元素定位, 定位方式('id', 'btnSubmit')
2023-09-05 18:33:27,971 - INFO BasePage.py [line:85]: 查找登录按钮元素定位, 定位方式('id', 'btnSubmit')
2023-09-05 18:33:27,982 - INFO BasePage.py [line:155]: 点击"登录按钮",元素定位:('id', 'btnSubmit')
2023-09-05 18:33:27,982 - INFO BasePage.py [line:155]: 点击"登录按钮",元素定位:('id', 'btnSubmit')
2023-09-05 18:33:31,262 - INFO BasePage.py [line:39]: 等待元素新建项目, 定位方式:('xpath', '/html/body/div[1]/a')
2023-09-05 18:33:31,262 - INFO BasePage.py [line:39]: 等待元素新建项目, 定位方式:('xpath', '/html/body/div[1]/a')
2023-09-05 18:33:31,297 - INFO BasePage.py [line:44]: 等待新建项目, 时长: 0:00:00.034738
2023-09-05 18:33:31,297 - INFO BasePage.py [line:44]: 等待新建项目, 时长: 0:00:00.034738
2023-09-05 18:33:31,297 - INFO BasePage.py [line:85]: 查找新建项目元素定位, 定位方式('xpath', '/html/body/div[1]/a')
2023-09-05 18:33:31,297 - INFO BasePage.py [line:85]: 查找新建项目元素定位, 定位方式('xpath', '/html/body/div[1]/a')
2023-09-05 18:33:31,307 - INFO BasePage.py [line:155]: 点击"新建项目",元素定位:('xpath', '/html/body/div[1]/a')
2023-09-05 18:33:31,307 - INFO BasePage.py [line:155]: 点击"新建项目",元素定位:('xpath', '/html/body/div[1]/a')
2023-09-05 18:33:31,383 - INFO BasePage.py [line:39]: 等待元素项目名称, 定位方式:('id', 'id_name')
2023-09-05 18:33:31,383 - INFO BasePage.py [line:39]: 等待元素项目名称, 定位方式:('id', 'id_name')
2023-09-05 18:33:31,949 - INFO BasePage.py [line:44]: 等待项目名称, 时长: 0:00:00.564739
2023-09-05 18:33:31,949 - INFO BasePage.py [line:44]: 等待项目名称, 时长: 0:00:00.564739
2023-09-05 18:33:31,949 - INFO BasePage.py [line:85]: 查找项目名称元素定位, 定位方式('id', 'id_name')
2023-09-05 18:33:31,949 - INFO BasePage.py [line:85]: 查找项目名称元素定位, 定位方式('id', 'id_name')
2023-09-05 18:33:31,955 - INFO BasePage.py [line:104]: 在项目名称输入bb, 元素定位: ('id', 'id_name')
2023-09-05 18:33:31,955 - INFO BasePage.py [line:104]: 在项目名称输入bb, 元素定位: ('id', 'id_name')
2023-09-05 18:33:43,630 - INFO BasePage.py [line:85]: 查找颜色1元素定位, 定位方式('id', 'id_color_1')
2023-09-05 18:33:43,630 - INFO BasePage.py [line:85]: 查找颜色1元素定位, 定位方式('id', 'id_color_1')
