2023-09-05 18:42:02,821 - INFO test_001_loginIndex.py [line:28]: 
WebDriver 正在初始化...
2023-09-05 18:42:02,961 - INFO test_001_loginIndex.py [line:30]: 打开链接: http://127.0.0.1:8000/login/...
2023-09-05 18:42:03,084 - INFO test_001_loginIndex.py [line:35]: WebDriver 初始化完成！
2023-09-05 18:42:03,087 - INFO MBugIndex.py [line:26]: [=====登录操作=====]
2023-09-05 18:42:03,088 - INFO BasePage.py [line:39]: 等待元素用户名框, 定位方式:('id', 'id_username')
2023-09-05 18:42:03,136 - INFO BasePage.py [line:44]: 等待用户名框, 时长: 0:00:00.047168
2023-09-05 18:42:03,137 - INFO BasePage.py [line:39]: 等待元素密码框, 定位方式:('id', 'id_password')
2023-09-05 18:42:03,185 - INFO BasePage.py [line:44]: 等待密码框, 时长: 0:00:00.047641
2023-09-05 18:42:03,186 - INFO BasePage.py [line:39]: 等待元素验证码框, 定位方式:('id', 'id_code')
2023-09-05 18:42:03,221 - INFO BasePage.py [line:44]: 等待验证码框, 时长: 0:00:00.035087
2023-09-05 18:42:03,221 - INFO BasePage.py [line:85]: 查找用户名框元素定位, 定位方式('id', 'id_username')
2023-09-05 18:42:03,235 - INFO BasePage.py [line:141]: 清除"用户名框",元素定位:('id', 'id_username')
2023-09-05 18:42:03,289 - INFO BasePage.py [line:85]: 查找密码框元素定位, 定位方式('id', 'id_password')
2023-09-05 18:42:03,302 - INFO BasePage.py [line:141]: 清除"密码框",元素定位:('id', 'id_password')
2023-09-05 18:42:03,333 - INFO BasePage.py [line:85]: 查找验证码框元素定位, 定位方式('id', 'id_code')
2023-09-05 18:42:03,344 - INFO BasePage.py [line:141]: 清除"验证码框",元素定位:('id', 'id_code')
2023-09-05 18:42:03,384 - INFO BasePage.py [line:85]: 查找用户名框元素定位, 定位方式('id', 'id_username')
2023-09-05 18:42:03,393 - INFO BasePage.py [line:104]: 在用户名框输入597234156@qq.com, 元素定位: ('id', 'id_username')
2023-09-05 18:42:03,562 - INFO BasePage.py [line:85]: 查找密码框元素定位, 定位方式('id', 'id_password')
2023-09-05 18:42:03,572 - INFO BasePage.py [line:104]: 在密码框输入12345678, 元素定位: ('id', 'id_password')
2023-09-05 18:42:03,658 - INFO BasePage.py [line:85]: 查找验证码框元素定位, 定位方式('id', 'id_code')
2023-09-05 18:42:03,667 - INFO BasePage.py [line:104]: 在验证码框输入1234, 元素定位: ('id', 'id_code')
2023-09-05 18:42:03,743 - INFO BasePage.py [line:39]: 等待元素登录按钮, 定位方式:('id', 'btnSubmit')
2023-09-05 18:42:03,783 - INFO BasePage.py [line:44]: 等待登录按钮, 时长: 0:00:00.040512
2023-09-05 18:42:03,783 - INFO BasePage.py [line:85]: 查找登录按钮元素定位, 定位方式('id', 'btnSubmit')
2023-09-05 18:42:03,795 - INFO BasePage.py [line:155]: 点击"登录按钮",元素定位:('id', 'btnSubmit')
2023-09-05 18:42:06,991 - INFO BasePage.py [line:39]: 等待元素新建项目, 定位方式:('xpath', '/html/body/div[1]/a')
2023-09-05 18:42:07,016 - INFO BasePage.py [line:44]: 等待新建项目, 时长: 0:00:00.024541
2023-09-05 18:42:07,017 - INFO BasePage.py [line:85]: 查找新建项目元素定位, 定位方式('xpath', '/html/body/div[1]/a')
2023-09-05 18:42:07,028 - INFO BasePage.py [line:155]: 点击"新建项目",元素定位:('xpath', '/html/body/div[1]/a')
2023-09-05 18:42:07,062 - INFO BasePage.py [line:39]: 等待元素项目名称, 定位方式:('id', 'id_name')
2023-09-05 18:42:07,598 - INFO BasePage.py [line:44]: 等待项目名称, 时长: 0:00:00.534867
2023-09-05 18:42:07,598 - INFO BasePage.py [line:85]: 查找项目名称元素定位, 定位方式('id', 'id_name')
2023-09-05 18:42:07,605 - INFO BasePage.py [line:104]: 在项目名称输入bb, 元素定位: ('id', 'id_name')
2023-09-05 18:42:09,947 - INFO test_001_loginIndex.py [line:38]: WebDriver 成功退出...
