2023-09-03 18:56:29,937 - INFO test_001_baiduindex.py [line:27]: 
WebDriver 正在初始化...
2023-09-03 18:56:31,197 - INFO test_001_baiduindex.py [line:29]: 打开链接: http://www.baidu.com...
2023-09-03 18:56:31,407 - INFO test_001_baiduindex.py [line:34]: WebDriver 初始化完成！
2023-09-03 18:56:42,595 - INFO BaiduIndex.py [line:27]: 【===搜索操作===】
2023-09-03 18:56:42,596 - INFO BasePage.py [line:39]: 等待元素搜索框, 定位方式:('id', 'kw')
2023-09-03 18:56:42,625 - INFO BasePage.py [line:44]: 等待搜索框, 时长: 0:00:00.028002
2023-09-03 18:56:42,625 - INFO BasePage.py [line:85]: 查找搜索框元素定位, 定位方式('id', 'kw')
2023-09-03 18:56:42,634 - INFO BasePage.py [line:104]: 在搜索框输入阿崔, 元素定位: ('id', 'kw')
2023-09-03 18:56:42,716 - INFO BasePage.py [line:85]: 查找搜索框元素定位, 定位方式('id', 'kw')
2023-09-03 18:56:42,732 - INFO BasePage.py [line:141]: 清除"搜索框",元素定位:('id', 'kw')
2023-09-03 18:56:42,771 - INFO BasePage.py [line:85]: 查找搜索框元素定位, 定位方式('id', 'kw')
2023-09-03 18:56:42,781 - INFO BasePage.py [line:104]: 在搜索框输入哈哈, 元素定位: ('id', 'kw')
2023-09-03 18:56:42,821 - INFO BasePage.py [line:39]: 等待元素"百度一下"搜索按钮, 定位方式:('id', 'su')
2023-09-03 18:56:42,841 - INFO BasePage.py [line:44]: 等待"百度一下"搜索按钮, 时长: 0:00:00.019039
2023-09-03 18:56:42,842 - INFO BasePage.py [line:85]: 查找"百度一下"搜索按钮元素定位, 定位方式('id', 'su')
2023-09-03 18:56:42,849 - INFO BasePage.py [line:155]: 点击""百度一下"搜索按钮",元素定位:('id', 'su')
2023-09-03 18:56:55,460 - INFO BaiduIndex.py [line:27]: 【===搜索操作===】
2023-09-03 18:56:55,460 - INFO BasePage.py [line:39]: 等待元素搜索框, 定位方式:('id', 'kw')
2023-09-03 18:56:55,476 - INFO BasePage.py [line:44]: 等待搜索框, 时长: 0:00:00.015079
2023-09-03 18:56:55,477 - INFO BasePage.py [line:85]: 查找搜索框元素定位, 定位方式('id', 'kw')
2023-09-03 18:56:55,484 - INFO BasePage.py [line:104]: 在搜索框输入阿崔, 元素定位: ('id', 'kw')
2023-09-03 18:56:55,532 - INFO BasePage.py [line:85]: 查找搜索框元素定位, 定位方式('id', 'kw')
2023-09-03 18:56:55,541 - INFO BasePage.py [line:141]: 清除"搜索框",元素定位:('id', 'kw')
2023-09-03 18:56:55,561 - INFO BasePage.py [line:85]: 查找搜索框元素定位, 定位方式('id', 'kw')
2023-09-03 18:56:55,568 - INFO BasePage.py [line:104]: 在搜索框输入呵呵, 元素定位: ('id', 'kw')
2023-09-03 18:56:55,611 - INFO BasePage.py [line:39]: 等待元素"百度一下"搜索按钮, 定位方式:('id', 'su')
2023-09-03 18:56:55,630 - INFO BasePage.py [line:44]: 等待"百度一下"搜索按钮, 时长: 0:00:00.017959
2023-09-03 18:56:55,630 - INFO BasePage.py [line:85]: 查找"百度一下"搜索按钮元素定位, 定位方式('id', 'su')
2023-09-03 18:56:55,636 - INFO BasePage.py [line:155]: 点击""百度一下"搜索按钮",元素定位:('id', 'su')
