2023-09-04 20:09:48,453 - INFO test_001_loginIndex.py [line:26]: 
WebDriver 正在初始化...
2023-09-04 20:09:48,686 - INFO test_001_loginIndex.py [line:28]: 打开链接: http://127.0.0.1:8000/login/...
2023-09-04 20:09:48,853 - INFO test_001_loginIndex.py [line:33]: WebDriver 初始化完成！
2023-09-04 20:09:48,857 - INFO MBugIndex.py [line:22]: [=====登录操作=====]
2023-09-04 20:09:48,857 - INFO BasePage.py [line:39]: 等待元素用户名框, 定位方式:('id', 'id_username')
2023-09-04 20:09:48,964 - INFO BasePage.py [line:44]: 等待用户名框, 时长: 0:00:00.106038
2023-09-04 20:09:48,964 - INFO BasePage.py [line:39]: 等待元素密码框, 定位方式:('id', 'id_password')
2023-09-04 20:09:49,005 - INFO BasePage.py [line:44]: 等待密码框, 时长: 0:00:00.039512
2023-09-04 20:09:49,005 - INFO BasePage.py [line:39]: 等待元素验证码框, 定位方式:('id', 'id_code')
2023-09-04 20:09:49,038 - INFO BasePage.py [line:44]: 等待验证码框, 时长: 0:00:00.033002
2023-09-04 20:09:49,039 - INFO BasePage.py [line:85]: 查找用户名框元素定位, 定位方式('id', 'id_username')
2023-09-04 20:09:49,051 - INFO BasePage.py [line:141]: 清除"用户名框",元素定位:('id', 'id_username')
2023-09-04 20:09:49,102 - INFO BasePage.py [line:85]: 查找密码框元素定位, 定位方式('id', 'id_password')
2023-09-04 20:09:49,111 - INFO BasePage.py [line:141]: 清除"密码框",元素定位:('id', 'id_password')
2023-09-04 20:09:49,143 - INFO BasePage.py [line:85]: 查找验证码框元素定位, 定位方式('id', 'id_code')
2023-09-04 20:09:49,152 - INFO BasePage.py [line:141]: 清除"验证码框",元素定位:('id', 'id_code')
2023-09-04 20:09:49,183 - INFO BasePage.py [line:85]: 查找用户名框元素定位, 定位方式('id', 'id_username')
2023-09-04 20:09:49,192 - INFO BasePage.py [line:104]: 在用户名框输入13713676304, 元素定位: ('id', 'id_username')
2023-09-04 20:09:49,323 - INFO BasePage.py [line:85]: 查找密码框元素定位, 定位方式('id', 'id_password')
2023-09-04 20:09:49,344 - INFO BasePage.py [line:104]: 在密码框输入12345678, 元素定位: ('id', 'id_password')
2023-09-04 20:09:49,424 - INFO BasePage.py [line:85]: 查找验证码框元素定位, 定位方式('id', 'id_code')
2023-09-04 20:09:49,440 - INFO BasePage.py [line:104]: 在验证码框输入1234, 元素定位: ('id', 'id_code')
2023-09-04 20:09:49,527 - INFO BasePage.py [line:39]: 等待元素登录按钮, 定位方式:('id', 'btnSubmit')
2023-09-04 20:09:49,568 - INFO BasePage.py [line:44]: 等待登录按钮, 时长: 0:00:00.040008
2023-09-04 20:09:49,569 - INFO BasePage.py [line:85]: 查找登录按钮元素定位, 定位方式('id', 'btnSubmit')
2023-09-04 20:09:49,583 - INFO BasePage.py [line:155]: 点击"登录按钮",元素定位:('id', 'btnSubmit')
2023-09-04 20:09:52,772 - INFO BasePage.py [line:85]: 查找下拉框元素定位, 定位方式('css selector', '#bs-example-navbar-collapse-1 > ul.nav.navbar-nav.navbar-right > li > a')
2023-09-04 20:09:52,789 - INFO BasePage.py [line:155]: 点击"下拉框",元素定位:('css selector', '#bs-example-navbar-collapse-1 > ul.nav.navbar-nav.navbar-right > li > a')
2023-09-04 20:09:52,845 - INFO BasePage.py [line:39]: 等待元素退出按钮, 定位方式:('xpath', '/html/body/nav/div/div[2]/ul[2]/li/ul/li[3]/a')
2023-09-04 20:09:52,872 - INFO BasePage.py [line:44]: 等待退出按钮, 时长: 0:00:00.026012
2023-09-04 20:09:52,872 - INFO BasePage.py [line:85]: 查找退出按钮元素定位, 定位方式('xpath', '/html/body/nav/div/div[2]/ul[2]/li/ul/li[3]/a')
2023-09-04 20:09:52,881 - INFO BasePage.py [line:155]: 点击"退出按钮",元素定位:('xpath', '/html/body/nav/div/div[2]/ul[2]/li/ul/li[3]/a')
2023-09-04 20:09:52,991 - INFO BasePage.py [line:39]: 等待元素注册按钮, 定位方式:('xpath', '/html/body/nav/div/div[2]/ul[2]/li[2]/a')
2023-09-04 20:09:53,011 - INFO BasePage.py [line:44]: 等待注册按钮, 时长: 0:00:00.018998
2023-09-04 20:09:53,012 - INFO BasePage.py [line:85]: 查找注册按钮元素定位, 定位方式('xpath', '/html/body/nav/div/div[2]/ul[2]/li[2]/a')
2023-09-04 20:09:55,285 - INFO test_001_loginIndex.py [line:36]: WebDriver 成功退出...
