2023-09-04 20:25:28,378 - INFO test_001_loginIndex.py [line:26]: 
WebDriver 正在初始化...
2023-09-04 20:25:28,519 - INFO test_001_loginIndex.py [line:28]: 打开链接: http://127.0.0.1:8000/login/...
2023-09-04 20:25:28,646 - INFO test_001_loginIndex.py [line:33]: WebDriver 初始化完成！
2023-09-04 20:25:28,654 - INFO MBugIndex.py [line:26]: [=====登录操作=====]
2023-09-04 20:25:28,655 - INFO BasePage.py [line:39]: 等待元素用户名框, 定位方式:('id', 'id_username')
2023-09-04 20:25:28,695 - INFO BasePage.py [line:44]: 等待用户名框, 时长: 0:00:00.040601
2023-09-04 20:25:28,695 - INFO BasePage.py [line:39]: 等待元素密码框, 定位方式:('id', 'id_password')
2023-09-04 20:25:28,723 - INFO BasePage.py [line:44]: 等待密码框, 时长: 0:00:00.027184
2023-09-04 20:25:28,724 - INFO BasePage.py [line:39]: 等待元素验证码框, 定位方式:('id', 'id_code')
2023-09-04 20:25:28,747 - INFO BasePage.py [line:44]: 等待验证码框, 时长: 0:00:00.022658
2023-09-04 20:25:28,748 - INFO BasePage.py [line:85]: 查找用户名框元素定位, 定位方式('id', 'id_username')
2023-09-04 20:25:28,758 - INFO BasePage.py [line:141]: 清除"用户名框",元素定位:('id', 'id_username')
2023-09-04 20:25:28,800 - INFO BasePage.py [line:85]: 查找密码框元素定位, 定位方式('id', 'id_password')
2023-09-04 20:25:28,811 - INFO BasePage.py [line:141]: 清除"密码框",元素定位:('id', 'id_password')
2023-09-04 20:25:28,840 - INFO BasePage.py [line:85]: 查找验证码框元素定位, 定位方式('id', 'id_code')
2023-09-04 20:25:28,849 - INFO BasePage.py [line:141]: 清除"验证码框",元素定位:('id', 'id_code')
2023-09-04 20:25:28,876 - INFO BasePage.py [line:85]: 查找用户名框元素定位, 定位方式('id', 'id_username')
2023-09-04 20:25:28,885 - INFO BasePage.py [line:104]: 在用户名框输入13713676304, 元素定位: ('id', 'id_username')
2023-09-04 20:25:28,989 - INFO BasePage.py [line:85]: 查找密码框元素定位, 定位方式('id', 'id_password')
2023-09-04 20:25:29,008 - INFO BasePage.py [line:104]: 在密码框输入12345678, 元素定位: ('id', 'id_password')
2023-09-04 20:25:29,108 - INFO BasePage.py [line:85]: 查找验证码框元素定位, 定位方式('id', 'id_code')
2023-09-04 20:25:29,129 - INFO BasePage.py [line:104]: 在验证码框输入1234, 元素定位: ('id', 'id_code')
2023-09-04 20:25:29,214 - INFO BasePage.py [line:39]: 等待元素登录按钮, 定位方式:('id', 'btnSubmit')
2023-09-04 20:25:29,251 - INFO BasePage.py [line:44]: 等待登录按钮, 时长: 0:00:00.036590
2023-09-04 20:25:29,251 - INFO BasePage.py [line:85]: 查找登录按钮元素定位, 定位方式('id', 'btnSubmit')
2023-09-04 20:25:29,271 - INFO BasePage.py [line:155]: 点击"登录按钮",元素定位:('id', 'btnSubmit')
2023-09-04 20:25:32,468 - INFO BasePage.py [line:85]: 查找下拉框元素定位, 定位方式('css selector', '#bs-example-navbar-collapse-1 > ul.nav.navbar-nav.navbar-right > li > a')
2023-09-04 20:25:32,480 - INFO BasePage.py [line:155]: 点击"下拉框",元素定位:('css selector', '#bs-example-navbar-collapse-1 > ul.nav.navbar-nav.navbar-right > li > a')
2023-09-04 20:25:45,681 - INFO MBugIndex.py [line:49]: [=====登出操作=====]
2023-09-04 20:25:46,857 - INFO BasePage.py [line:39]: 等待元素下拉框, 定位方式:('css selector', '#bs-example-navbar-collapse-1 > ul.nav.navbar-nav.navbar-right > li > a')
2023-09-04 20:25:46,880 - INFO BasePage.py [line:44]: 等待下拉框, 时长: 0:00:00.023034
2023-09-04 20:25:47,627 - INFO BasePage.py [line:85]: 查找下拉框元素定位, 定位方式('css selector', '#bs-example-navbar-collapse-1 > ul.nav.navbar-nav.navbar-right > li > a')
2023-09-04 20:25:47,636 - INFO BasePage.py [line:155]: 点击"下拉框",元素定位:('css selector', '#bs-example-navbar-collapse-1 > ul.nav.navbar-nav.navbar-right > li > a')
2023-09-04 20:25:48,944 - INFO BasePage.py [line:39]: 等待元素登出按钮, 定位方式:('xpath', '/html/body/nav/div/div[2]/ul[2]/li/ul/li[3]/a')
