2023-09-03 19:10:56,945 - INFO test_001_loginIndex.py [line:26]: 
WebDriver 正在初始化...
2023-09-03 19:10:57,069 - INFO test_001_loginIndex.py [line:28]: 打开链接: http://127.0.0.1:8000/login/...
2023-09-03 19:10:57,187 - INFO test_001_loginIndex.py [line:33]: WebDriver 初始化完成！
2023-09-03 19:10:57,193 - INFO MBugIndex.py [line:22]: [=====登录操作=====]
2023-09-03 19:10:57,194 - INFO BasePage.py [line:39]: 等待元素用户名框, 定位方式:('id', 'id_username')
2023-09-03 19:10:57,228 - INFO BasePage.py [line:44]: 等待用户名框, 时长: 0:00:00.034130
2023-09-03 19:10:57,228 - INFO BasePage.py [line:39]: 等待元素密码框, 定位方式:('id', 'id_password')
2023-09-03 19:10:57,253 - INFO BasePage.py [line:44]: 等待密码框, 时长: 0:00:00.023003
2023-09-03 19:10:57,253 - INFO BasePage.py [line:39]: 等待元素验证码框, 定位方式:('id', 'id_code')
2023-09-03 19:10:57,275 - INFO BasePage.py [line:44]: 等待验证码框, 时长: 0:00:00.022002
2023-09-03 19:10:57,275 - INFO BasePage.py [line:85]: 查找用户名框元素定位, 定位方式('id', 'id_username')
2023-09-03 19:10:57,282 - INFO BasePage.py [line:141]: 清除"用户名框",元素定位:('id', 'id_username')
2023-09-03 19:10:57,322 - INFO BasePage.py [line:85]: 查找密码框元素定位, 定位方式('id', 'id_password')
2023-09-03 19:10:57,328 - INFO BasePage.py [line:141]: 清除"密码框",元素定位:('id', 'id_password')
2023-09-03 19:10:57,349 - INFO BasePage.py [line:85]: 查找验证码框元素定位, 定位方式('id', 'id_code')
2023-09-03 19:10:57,357 - INFO BasePage.py [line:141]: 清除"验证码框",元素定位:('id', 'id_code')
2023-09-03 19:10:57,375 - INFO BasePage.py [line:85]: 查找用户名框元素定位, 定位方式('id', 'id_username')
2023-09-03 19:10:57,381 - INFO BasePage.py [line:104]: 在用户名框输入13713676304, 元素定位: ('id', 'id_username')
2023-09-03 19:10:57,464 - INFO BasePage.py [line:85]: 查找密码框元素定位, 定位方式('id', 'id_password')
2023-09-03 19:10:57,478 - INFO BasePage.py [line:104]: 在密码框输入12345678, 元素定位: ('id', 'id_password')
2023-09-03 19:10:57,538 - INFO BasePage.py [line:85]: 查找验证码框元素定位, 定位方式('id', 'id_code')
2023-09-03 19:10:57,548 - INFO BasePage.py [line:104]: 在验证码框输入1234, 元素定位: ('id', 'id_code')
2023-09-03 19:10:57,639 - INFO BasePage.py [line:39]: 等待元素登录按钮, 定位方式:('id', 'btnSubmit')
2023-09-03 19:10:57,675 - INFO BasePage.py [line:44]: 等待登录按钮, 时长: 0:00:00.035131
2023-09-03 19:10:57,676 - INFO BasePage.py [line:85]: 查找登录按钮元素定位, 定位方式('id', 'btnSubmit')
2023-09-03 19:10:57,693 - INFO BasePage.py [line:155]: 点击"登录按钮",元素定位:('id', 'btnSubmit')
2023-09-03 19:11:10,718 - INFO BasePage.py [line:85]: 查找下拉框元素定位, 定位方式('css selector', '#bs-example-navbar-collapse-1 > ul.nav.navbar-nav.navbar-right > li > a')
2023-09-03 19:12:26,342 - INFO BasePage.py [line:155]: 点击"下拉框",元素定位:('css selector', '#bs-example-navbar-collapse-1 > ul.nav.navbar-nav.navbar-right > li > a')
