2023-09-04 20:06:58,795 - INFO test_001_loginIndex.py [line:26]: 
WebDriver 正在初始化...
2023-09-04 20:06:59,698 - INFO test_001_loginIndex.py [line:28]: 打开链接: http://127.0.0.1:8000/login/...
2023-09-04 20:06:59,825 - INFO test_001_loginIndex.py [line:33]: WebDriver 初始化完成！
2023-09-04 20:06:59,827 - INFO MBugIndex.py [line:22]: [=====登录操作=====]
2023-09-04 20:06:59,827 - INFO BasePage.py [line:39]: 等待元素用户名框, 定位方式:('id', 'id_username')
2023-09-04 20:06:59,886 - INFO BasePage.py [line:44]: 等待用户名框, 时长: 0:00:00.059009
2023-09-04 20:06:59,887 - INFO BasePage.py [line:39]: 等待元素密码框, 定位方式:('id', 'id_password')
2023-09-04 20:06:59,924 - INFO BasePage.py [line:44]: 等待密码框, 时长: 0:00:00.036512
2023-09-04 20:06:59,924 - INFO BasePage.py [line:39]: 等待元素验证码框, 定位方式:('id', 'id_code')
2023-09-04 20:06:59,946 - INFO BasePage.py [line:44]: 等待验证码框, 时长: 0:00:00.020999
2023-09-04 20:06:59,947 - INFO BasePage.py [line:85]: 查找用户名框元素定位, 定位方式('id', 'id_username')
2023-09-04 20:06:59,955 - INFO BasePage.py [line:141]: 清除"用户名框",元素定位:('id', 'id_username')
2023-09-04 20:06:59,990 - INFO BasePage.py [line:85]: 查找密码框元素定位, 定位方式('id', 'id_password')
2023-09-04 20:06:59,997 - INFO BasePage.py [line:141]: 清除"密码框",元素定位:('id', 'id_password')
2023-09-04 20:07:00,021 - INFO BasePage.py [line:85]: 查找验证码框元素定位, 定位方式('id', 'id_code')
2023-09-04 20:07:00,027 - INFO BasePage.py [line:141]: 清除"验证码框",元素定位:('id', 'id_code')
2023-09-04 20:07:00,052 - INFO BasePage.py [line:85]: 查找用户名框元素定位, 定位方式('id', 'id_username')
2023-09-04 20:07:00,061 - INFO BasePage.py [line:104]: 在用户名框输入13713676304, 元素定位: ('id', 'id_username')
2023-09-04 20:07:00,155 - INFO BasePage.py [line:85]: 查找密码框元素定位, 定位方式('id', 'id_password')
2023-09-04 20:07:00,171 - INFO BasePage.py [line:104]: 在密码框输入12345678, 元素定位: ('id', 'id_password')
2023-09-04 20:07:00,270 - INFO BasePage.py [line:85]: 查找验证码框元素定位, 定位方式('id', 'id_code')
2023-09-04 20:07:00,283 - INFO BasePage.py [line:104]: 在验证码框输入1234, 元素定位: ('id', 'id_code')
2023-09-04 20:07:00,386 - INFO BasePage.py [line:39]: 等待元素登录按钮, 定位方式:('id', 'btnSubmit')
2023-09-04 20:07:00,419 - INFO BasePage.py [line:44]: 等待登录按钮, 时长: 0:00:00.033508
2023-09-04 20:07:00,419 - INFO BasePage.py [line:85]: 查找登录按钮元素定位, 定位方式('id', 'btnSubmit')
2023-09-04 20:07:00,432 - INFO BasePage.py [line:155]: 点击"登录按钮",元素定位:('id', 'btnSubmit')
2023-09-04 20:07:03,576 - INFO BasePage.py [line:85]: 查找下拉框元素定位, 定位方式('css selector', '#bs-example-navbar-collapse-1 > ul.nav.navbar-nav.navbar-right > li > a')
2023-09-04 20:07:03,585 - INFO BasePage.py [line:155]: 点击"下拉框",元素定位:('css selector', '#bs-example-navbar-collapse-1 > ul.nav.navbar-nav.navbar-right > li > a')
2023-09-04 20:07:03,628 - INFO BasePage.py [line:39]: 等待元素退出按钮, 定位方式:('xpath', '/html/body/nav/div/div[2]/ul[2]/li/ul/li[3]/a')
2023-09-04 20:07:03,654 - INFO BasePage.py [line:44]: 等待退出按钮, 时长: 0:00:00.026000
2023-09-04 20:07:03,654 - INFO BasePage.py [line:85]: 查找退出按钮元素定位, 定位方式('xpath', '/html/body/nav/div/div[2]/ul[2]/li/ul/li[3]/a')
2023-09-04 20:07:03,661 - INFO BasePage.py [line:155]: 点击"退出按钮",元素定位:('xpath', '/html/body/nav/div/div[2]/ul[2]/li/ul/li[3]/a')
2023-09-04 20:07:03,767 - INFO BasePage.py [line:39]: 等待元素用户名, 定位方式:('id', 'id_username')
2023-09-04 20:07:17,978 - INFO test_001_loginIndex.py [line:36]: WebDriver 成功退出...
