2023-09-05 19:18:34,603 - INFO test_001_loginIndex.py [line:28]: 
WebDriver 正在初始化...
2023-09-05 19:18:34,603 - INFO test_001_loginIndex.py [line:28]: 
WebDriver 正在初始化...
2023-09-05 19:18:34,762 - INFO test_001_loginIndex.py [line:30]: 打开链接: http://127.0.0.1:8000/login/...
2023-09-05 19:18:34,762 - INFO test_001_loginIndex.py [line:30]: 打开链接: http://127.0.0.1:8000/login/...
2023-09-05 19:18:34,885 - INFO test_001_loginIndex.py [line:35]: WebDriver 初始化完成！
2023-09-05 19:18:34,885 - INFO test_001_loginIndex.py [line:35]: WebDriver 初始化完成！
2023-09-05 19:18:34,891 - INFO MBugIndex.py [line:26]: [=====登录操作=====]
2023-09-05 19:18:34,891 - INFO MBugIndex.py [line:26]: [=====登录操作=====]
2023-09-05 19:18:34,891 - INFO BasePage.py [line:39]: 等待元素用户名框, 定位方式:('id', 'id_username')
2023-09-05 19:18:34,891 - INFO BasePage.py [line:39]: 等待元素用户名框, 定位方式:('id', 'id_username')
2023-09-05 19:18:34,929 - INFO BasePage.py [line:44]: 等待用户名框, 时长: 0:00:00.036135
2023-09-05 19:18:34,929 - INFO BasePage.py [line:44]: 等待用户名框, 时长: 0:00:00.036135
2023-09-05 19:18:34,930 - INFO BasePage.py [line:39]: 等待元素密码框, 定位方式:('id', 'id_password')
2023-09-05 19:18:34,930 - INFO BasePage.py [line:39]: 等待元素密码框, 定位方式:('id', 'id_password')
2023-09-05 19:18:34,952 - INFO BasePage.py [line:44]: 等待密码框, 时长: 0:00:00.022151
2023-09-05 19:18:34,952 - INFO BasePage.py [line:44]: 等待密码框, 时长: 0:00:00.022151
2023-09-05 19:18:34,953 - INFO BasePage.py [line:39]: 等待元素验证码框, 定位方式:('id', 'id_code')
2023-09-05 19:18:34,953 - INFO BasePage.py [line:39]: 等待元素验证码框, 定位方式:('id', 'id_code')
2023-09-05 19:18:34,970 - INFO BasePage.py [line:44]: 等待验证码框, 时长: 0:00:00.016916
2023-09-05 19:18:34,970 - INFO BasePage.py [line:44]: 等待验证码框, 时长: 0:00:00.016916
2023-09-05 19:18:34,971 - INFO BasePage.py [line:85]: 查找用户名框元素定位, 定位方式('id', 'id_username')
2023-09-05 19:18:34,971 - INFO BasePage.py [line:85]: 查找用户名框元素定位, 定位方式('id', 'id_username')
2023-09-05 19:18:34,977 - INFO BasePage.py [line:141]: 清除"用户名框",元素定位:('id', 'id_username')
2023-09-05 19:18:34,977 - INFO BasePage.py [line:141]: 清除"用户名框",元素定位:('id', 'id_username')
2023-09-05 19:18:35,011 - INFO BasePage.py [line:85]: 查找密码框元素定位, 定位方式('id', 'id_password')
2023-09-05 19:18:35,011 - INFO BasePage.py [line:85]: 查找密码框元素定位, 定位方式('id', 'id_password')
2023-09-05 19:18:35,019 - INFO BasePage.py [line:141]: 清除"密码框",元素定位:('id', 'id_password')
2023-09-05 19:18:35,019 - INFO BasePage.py [line:141]: 清除"密码框",元素定位:('id', 'id_password')
2023-09-05 19:18:35,040 - INFO BasePage.py [line:85]: 查找验证码框元素定位, 定位方式('id', 'id_code')
2023-09-05 19:18:35,040 - INFO BasePage.py [line:85]: 查找验证码框元素定位, 定位方式('id', 'id_code')
2023-09-05 19:18:35,047 - INFO BasePage.py [line:141]: 清除"验证码框",元素定位:('id', 'id_code')
2023-09-05 19:18:35,047 - INFO BasePage.py [line:141]: 清除"验证码框",元素定位:('id', 'id_code')
2023-09-05 19:18:35,068 - INFO BasePage.py [line:85]: 查找用户名框元素定位, 定位方式('id', 'id_username')
2023-09-05 19:18:35,068 - INFO BasePage.py [line:85]: 查找用户名框元素定位, 定位方式('id', 'id_username')
2023-09-05 19:18:35,075 - INFO BasePage.py [line:104]: 在用户名框输入597234156@qq.com, 元素定位: ('id', 'id_username')
2023-09-05 19:18:35,075 - INFO BasePage.py [line:104]: 在用户名框输入597234156@qq.com, 元素定位: ('id', 'id_username')
2023-09-05 19:18:35,186 - INFO BasePage.py [line:85]: 查找密码框元素定位, 定位方式('id', 'id_password')
2023-09-05 19:18:35,186 - INFO BasePage.py [line:85]: 查找密码框元素定位, 定位方式('id', 'id_password')
2023-09-05 19:18:35,209 - INFO BasePage.py [line:104]: 在密码框输入12345678, 元素定位: ('id', 'id_password')
2023-09-05 19:18:35,209 - INFO BasePage.py [line:104]: 在密码框输入12345678, 元素定位: ('id', 'id_password')
2023-09-05 19:18:35,285 - INFO BasePage.py [line:85]: 查找验证码框元素定位, 定位方式('id', 'id_code')
2023-09-05 19:18:35,285 - INFO BasePage.py [line:85]: 查找验证码框元素定位, 定位方式('id', 'id_code')
2023-09-05 19:18:35,300 - INFO BasePage.py [line:104]: 在验证码框输入1234, 元素定位: ('id', 'id_code')
2023-09-05 19:18:35,300 - INFO BasePage.py [line:104]: 在验证码框输入1234, 元素定位: ('id', 'id_code')
2023-09-05 19:18:35,380 - INFO BasePage.py [line:39]: 等待元素登录按钮, 定位方式:('id', 'btnSubmit')
2023-09-05 19:18:35,380 - INFO BasePage.py [line:39]: 等待元素登录按钮, 定位方式:('id', 'btnSubmit')
2023-09-05 19:18:35,414 - INFO BasePage.py [line:44]: 等待登录按钮, 时长: 0:00:00.034636
2023-09-05 19:18:35,414 - INFO BasePage.py [line:44]: 等待登录按钮, 时长: 0:00:00.034636
2023-09-05 19:18:35,415 - INFO BasePage.py [line:85]: 查找登录按钮元素定位, 定位方式('id', 'btnSubmit')
2023-09-05 19:18:35,415 - INFO BasePage.py [line:85]: 查找登录按钮元素定位, 定位方式('id', 'btnSubmit')
2023-09-05 19:18:35,426 - INFO BasePage.py [line:155]: 点击"登录按钮",元素定位:('id', 'btnSubmit')
2023-09-05 19:18:35,426 - INFO BasePage.py [line:155]: 点击"登录按钮",元素定位:('id', 'btnSubmit')
2023-09-05 19:18:38,641 - INFO BasePage.py [line:39]: 等待元素新建项目, 定位方式:('xpath', '/html/body/div[1]/a')
2023-09-05 19:18:38,641 - INFO BasePage.py [line:39]: 等待元素新建项目, 定位方式:('xpath', '/html/body/div[1]/a')
2023-09-05 19:18:38,669 - INFO BasePage.py [line:44]: 等待新建项目, 时长: 0:00:00.027610
2023-09-05 19:18:38,669 - INFO BasePage.py [line:44]: 等待新建项目, 时长: 0:00:00.027610
2023-09-05 19:18:38,669 - INFO BasePage.py [line:85]: 查找新建项目元素定位, 定位方式('xpath', '/html/body/div[1]/a')
2023-09-05 19:18:38,669 - INFO BasePage.py [line:85]: 查找新建项目元素定位, 定位方式('xpath', '/html/body/div[1]/a')
2023-09-05 19:18:38,677 - INFO BasePage.py [line:155]: 点击"新建项目",元素定位:('xpath', '/html/body/div[1]/a')
2023-09-05 19:18:38,677 - INFO BasePage.py [line:155]: 点击"新建项目",元素定位:('xpath', '/html/body/div[1]/a')
2023-09-05 19:18:38,713 - INFO BasePage.py [line:39]: 等待元素项目名称, 定位方式:('id', 'id_name')
2023-09-05 19:18:38,713 - INFO BasePage.py [line:39]: 等待元素项目名称, 定位方式:('id', 'id_name')
2023-09-05 19:18:39,251 - INFO BasePage.py [line:44]: 等待项目名称, 时长: 0:00:00.538463
2023-09-05 19:18:39,251 - INFO BasePage.py [line:44]: 等待项目名称, 时长: 0:00:00.538463
2023-09-05 19:18:39,251 - INFO BasePage.py [line:85]: 查找项目名称元素定位, 定位方式('id', 'id_name')
2023-09-05 19:18:39,251 - INFO BasePage.py [line:85]: 查找项目名称元素定位, 定位方式('id', 'id_name')
2023-09-05 19:18:39,260 - INFO BasePage.py [line:104]: 在项目名称输入bb, 元素定位: ('id', 'id_name')
2023-09-05 19:18:39,260 - INFO BasePage.py [line:104]: 在项目名称输入bb, 元素定位: ('id', 'id_name')
