2023-09-04 20:20:15,352 - INFO test_001_loginIndex.py [line:26]: 
WebDriver 正在初始化...
2023-09-04 20:20:15,496 - INFO test_001_loginIndex.py [line:28]: 打开链接: http://127.0.0.1:8000/login/...
2023-09-04 20:20:15,616 - INFO test_001_loginIndex.py [line:33]: WebDriver 初始化完成！
2023-09-04 20:20:15,618 - INFO MBugIndex.py [line:26]: [=====登录操作=====]
2023-09-04 20:20:15,618 - INFO BasePage.py [line:39]: 等待元素用户名框, 定位方式:('id', 'id_username')
2023-09-04 20:20:15,659 - INFO BasePage.py [line:44]: 等待用户名框, 时长: 0:00:00.041191
2023-09-04 20:20:15,659 - INFO BasePage.py [line:39]: 等待元素密码框, 定位方式:('id', 'id_password')
2023-09-04 20:20:15,735 - INFO BasePage.py [line:44]: 等待密码框, 时长: 0:00:00.074624
2023-09-04 20:20:15,736 - INFO BasePage.py [line:39]: 等待元素验证码框, 定位方式:('id', 'id_code')
2023-09-04 20:20:15,788 - INFO BasePage.py [line:44]: 等待验证码框, 时长: 0:00:00.052670
2023-09-04 20:20:15,789 - INFO BasePage.py [line:85]: 查找用户名框元素定位, 定位方式('id', 'id_username')
2023-09-04 20:20:15,802 - INFO BasePage.py [line:141]: 清除"用户名框",元素定位:('id', 'id_username')
2023-09-04 20:20:15,866 - INFO BasePage.py [line:85]: 查找密码框元素定位, 定位方式('id', 'id_password')
2023-09-04 20:20:15,876 - INFO BasePage.py [line:141]: 清除"密码框",元素定位:('id', 'id_password')
2023-09-04 20:20:15,913 - INFO BasePage.py [line:85]: 查找验证码框元素定位, 定位方式('id', 'id_code')
2023-09-04 20:20:15,930 - INFO BasePage.py [line:141]: 清除"验证码框",元素定位:('id', 'id_code')
2023-09-04 20:20:15,988 - INFO BasePage.py [line:85]: 查找用户名框元素定位, 定位方式('id', 'id_username')
2023-09-04 20:20:16,013 - INFO BasePage.py [line:104]: 在用户名框输入13713676304, 元素定位: ('id', 'id_username')
2023-09-04 20:20:16,164 - INFO BasePage.py [line:85]: 查找密码框元素定位, 定位方式('id', 'id_password')
2023-09-04 20:20:16,186 - INFO BasePage.py [line:104]: 在密码框输入12345678, 元素定位: ('id', 'id_password')
2023-09-04 20:20:16,312 - INFO BasePage.py [line:85]: 查找验证码框元素定位, 定位方式('id', 'id_code')
2023-09-04 20:20:16,328 - INFO BasePage.py [line:104]: 在验证码框输入1234, 元素定位: ('id', 'id_code')
2023-09-04 20:20:16,432 - INFO BasePage.py [line:39]: 等待元素登录按钮, 定位方式:('id', 'btnSubmit')
2023-09-04 20:20:16,519 - INFO BasePage.py [line:44]: 等待登录按钮, 时长: 0:00:00.084988
2023-09-04 20:20:16,520 - INFO BasePage.py [line:85]: 查找登录按钮元素定位, 定位方式('id', 'btnSubmit')
2023-09-04 20:20:16,564 - INFO BasePage.py [line:155]: 点击"登录按钮",元素定位:('id', 'btnSubmit')
2023-09-04 20:20:19,793 - INFO BasePage.py [line:85]: 查找下拉框元素定位, 定位方式('css selector', '#bs-example-navbar-collapse-1 > ul.nav.navbar-nav.navbar-right > li > a')
2023-09-04 20:20:19,809 - INFO BasePage.py [line:155]: 点击"下拉框",元素定位:('css selector', '#bs-example-navbar-collapse-1 > ul.nav.navbar-nav.navbar-right > li > a')
2023-09-04 20:20:19,931 - INFO MBugIndex.py [line:49]: [=====登出操作=====]
2023-09-04 20:20:19,931 - INFO BasePage.py [line:39]: 等待元素下拉框, 定位方式:('css selector', '#bs-example-navbar-collapse-1 > ul.nav.navbar-nav.navbar-right > li > a')
2023-09-04 20:20:19,984 - INFO BasePage.py [line:44]: 等待下拉框, 时长: 0:00:00.053143
2023-09-04 20:20:19,985 - INFO BasePage.py [line:85]: 查找下拉框元素定位, 定位方式('css selector', '#bs-example-navbar-collapse-1 > ul.nav.navbar-nav.navbar-right > li > a')
2023-09-04 20:20:19,999 - INFO BasePage.py [line:155]: 点击"下拉框",元素定位:('css selector', '#bs-example-navbar-collapse-1 > ul.nav.navbar-nav.navbar-right > li > a')
2023-09-04 20:20:20,052 - INFO BasePage.py [line:39]: 等待元素登出按钮, 定位方式:('xpath', '/html/body/nav/div/div[2]/ul[2]/li/ul/li[3]/a')
2023-09-04 20:20:50,070 - ERROR BasePage.py [line:46]: 等待登出按钮元素失败, 定位方式为('xpath', '/html/body/nav/div/div[2]/ul[2]/li/ul/li[3]/a')
Traceback (most recent call last):
  File "C:\Users\59723\Desktop\z\pom_demo\Common\BasePage.py", line 42, in wait_eleVisable
    WebDriverWait(self.driver, timeout, poll_frequency).until(EC.visibility_of_element_located(loc))
  File "C:\Users\59723\miniconda3\envs\django\lib\site-packages\selenium\webdriver\support\wait.py", line 95, in until
    raise TimeoutException(message, screen, stacktrace)
selenium.common.exceptions.TimeoutException: Message: 

2023-09-04 20:20:52,313 - INFO test_001_loginIndex.py [line:36]: WebDriver 成功退出...
