2023-09-06 22:23:02,927 - INFO test_001_loginIndex.py [line:32]: 
WebDriver 正在初始化...
2023-09-06 22:23:02,927 - INFO test_001_loginIndex.py [line:32]: 
WebDriver 正在初始化...
2023-09-06 22:23:03,081 - INFO test_001_loginIndex.py [line:34]: 打开链接: http://127.0.0.1:8000/login/...
2023-09-06 22:23:03,081 - INFO test_001_loginIndex.py [line:34]: 打开链接: http://127.0.0.1:8000/login/...
2023-09-06 22:23:03,211 - INFO test_001_loginIndex.py [line:39]: WebDriver 初始化完成！
2023-09-06 22:23:03,211 - INFO test_001_loginIndex.py [line:39]: WebDriver 初始化完成！
2023-09-06 22:23:03,214 - INFO MBugIndex.py [line:26]: [=====登录操作=====]
2023-09-06 22:23:03,214 - INFO MBugIndex.py [line:26]: [=====登录操作=====]
2023-09-06 22:23:03,214 - INFO BasePage.py [line:39]: 等待元素用户名框, 定位方式:('id', 'id_username')
2023-09-06 22:23:03,214 - INFO BasePage.py [line:39]: 等待元素用户名框, 定位方式:('id', 'id_username')
2023-09-06 22:23:03,263 - INFO BasePage.py [line:44]: 等待用户名框, 时长: 0:00:00.048428
2023-09-06 22:23:03,263 - INFO BasePage.py [line:44]: 等待用户名框, 时长: 0:00:00.048428
2023-09-06 22:23:03,264 - INFO BasePage.py [line:39]: 等待元素密码框, 定位方式:('id', 'id_password')
2023-09-06 22:23:03,264 - INFO BasePage.py [line:39]: 等待元素密码框, 定位方式:('id', 'id_password')
2023-09-06 22:23:03,299 - INFO BasePage.py [line:44]: 等待密码框, 时长: 0:00:00.035000
2023-09-06 22:23:03,299 - INFO BasePage.py [line:44]: 等待密码框, 时长: 0:00:00.035000
2023-09-06 22:23:03,299 - INFO BasePage.py [line:39]: 等待元素验证码框, 定位方式:('id', 'id_code')
2023-09-06 22:23:03,299 - INFO BasePage.py [line:39]: 等待元素验证码框, 定位方式:('id', 'id_code')
2023-09-06 22:23:03,367 - INFO BasePage.py [line:44]: 等待验证码框, 时长: 0:00:00.068488
2023-09-06 22:23:03,367 - INFO BasePage.py [line:44]: 等待验证码框, 时长: 0:00:00.068488
2023-09-06 22:23:03,367 - INFO BasePage.py [line:85]: 查找用户名框元素定位, 定位方式('id', 'id_username')
2023-09-06 22:23:03,367 - INFO BasePage.py [line:85]: 查找用户名框元素定位, 定位方式('id', 'id_username')
2023-09-06 22:23:03,694 - INFO BasePage.py [line:141]: 清除"用户名框",元素定位:('id', 'id_username')
2023-09-06 22:23:03,694 - INFO BasePage.py [line:141]: 清除"用户名框",元素定位:('id', 'id_username')
2023-09-06 22:23:03,965 - INFO BasePage.py [line:85]: 查找密码框元素定位, 定位方式('id', 'id_password')
2023-09-06 22:23:03,965 - INFO BasePage.py [line:85]: 查找密码框元素定位, 定位方式('id', 'id_password')
2023-09-06 22:23:03,975 - INFO BasePage.py [line:141]: 清除"密码框",元素定位:('id', 'id_password')
2023-09-06 22:23:03,975 - INFO BasePage.py [line:141]: 清除"密码框",元素定位:('id', 'id_password')
2023-09-06 22:23:04,017 - INFO BasePage.py [line:85]: 查找验证码框元素定位, 定位方式('id', 'id_code')
2023-09-06 22:23:04,017 - INFO BasePage.py [line:85]: 查找验证码框元素定位, 定位方式('id', 'id_code')
2023-09-06 22:23:04,026 - INFO BasePage.py [line:141]: 清除"验证码框",元素定位:('id', 'id_code')
2023-09-06 22:23:04,026 - INFO BasePage.py [line:141]: 清除"验证码框",元素定位:('id', 'id_code')
2023-09-06 22:23:04,069 - INFO BasePage.py [line:85]: 查找用户名框元素定位, 定位方式('id', 'id_username')
2023-09-06 22:23:04,069 - INFO BasePage.py [line:85]: 查找用户名框元素定位, 定位方式('id', 'id_username')
2023-09-06 22:23:04,093 - INFO BasePage.py [line:104]: 在用户名框输入13713676304, 元素定位: ('id', 'id_username')
2023-09-06 22:23:04,093 - INFO BasePage.py [line:104]: 在用户名框输入13713676304, 元素定位: ('id', 'id_username')
2023-09-06 22:23:04,238 - INFO BasePage.py [line:85]: 查找密码框元素定位, 定位方式('id', 'id_password')
2023-09-06 22:23:04,238 - INFO BasePage.py [line:85]: 查找密码框元素定位, 定位方式('id', 'id_password')
2023-09-06 22:23:04,252 - INFO BasePage.py [line:104]: 在密码框输入12345678, 元素定位: ('id', 'id_password')
2023-09-06 22:23:04,252 - INFO BasePage.py [line:104]: 在密码框输入12345678, 元素定位: ('id', 'id_password')
2023-09-06 22:23:04,342 - INFO BasePage.py [line:85]: 查找验证码框元素定位, 定位方式('id', 'id_code')
2023-09-06 22:23:04,342 - INFO BasePage.py [line:85]: 查找验证码框元素定位, 定位方式('id', 'id_code')
2023-09-06 22:23:04,354 - INFO BasePage.py [line:104]: 在验证码框输入1234, 元素定位: ('id', 'id_code')
2023-09-06 22:23:04,354 - INFO BasePage.py [line:104]: 在验证码框输入1234, 元素定位: ('id', 'id_code')
2023-09-06 22:23:04,422 - INFO BasePage.py [line:39]: 等待元素登录按钮, 定位方式:('id', 'btnSubmit')
2023-09-06 22:23:04,422 - INFO BasePage.py [line:39]: 等待元素登录按钮, 定位方式:('id', 'btnSubmit')
2023-09-06 22:23:04,553 - INFO BasePage.py [line:44]: 等待登录按钮, 时长: 0:00:00.130072
2023-09-06 22:23:04,553 - INFO BasePage.py [line:44]: 等待登录按钮, 时长: 0:00:00.130072
2023-09-06 22:23:04,553 - INFO BasePage.py [line:85]: 查找登录按钮元素定位, 定位方式('id', 'btnSubmit')
2023-09-06 22:23:04,553 - INFO BasePage.py [line:85]: 查找登录按钮元素定位, 定位方式('id', 'btnSubmit')
2023-09-06 22:23:04,615 - INFO BasePage.py [line:155]: 点击"登录按钮",元素定位:('id', 'btnSubmit')
2023-09-06 22:23:04,615 - INFO BasePage.py [line:155]: 点击"登录按钮",元素定位:('id', 'btnSubmit')
2023-09-06 22:23:08,056 - INFO MBugIndex.py [line:49]: [=====登出操作=====]
2023-09-06 22:23:08,056 - INFO MBugIndex.py [line:49]: [=====登出操作=====]
2023-09-06 22:23:08,056 - INFO BasePage.py [line:39]: 等待元素下拉框, 定位方式:('css selector', '#bs-example-navbar-collapse-1 > ul.nav.navbar-nav.navbar-right > li > a')
2023-09-06 22:23:08,056 - INFO BasePage.py [line:39]: 等待元素下拉框, 定位方式:('css selector', '#bs-example-navbar-collapse-1 > ul.nav.navbar-nav.navbar-right > li > a')
2023-09-06 22:23:08,079 - INFO BasePage.py [line:44]: 等待下拉框, 时长: 0:00:00.021984
2023-09-06 22:23:08,079 - INFO BasePage.py [line:44]: 等待下拉框, 时长: 0:00:00.021984
2023-09-06 22:23:08,079 - INFO BasePage.py [line:85]: 查找下拉框元素定位, 定位方式('css selector', '#bs-example-navbar-collapse-1 > ul.nav.navbar-nav.navbar-right > li > a')
2023-09-06 22:23:08,079 - INFO BasePage.py [line:85]: 查找下拉框元素定位, 定位方式('css selector', '#bs-example-navbar-collapse-1 > ul.nav.navbar-nav.navbar-right > li > a')
2023-09-06 22:23:08,086 - INFO BasePage.py [line:155]: 点击"下拉框",元素定位:('css selector', '#bs-example-navbar-collapse-1 > ul.nav.navbar-nav.navbar-right > li > a')
2023-09-06 22:23:08,086 - INFO BasePage.py [line:155]: 点击"下拉框",元素定位:('css selector', '#bs-example-navbar-collapse-1 > ul.nav.navbar-nav.navbar-right > li > a')
2023-09-06 22:23:08,128 - INFO BasePage.py [line:39]: 等待元素登出按钮, 定位方式:('xpath', '/html/body/nav/div/div[2]/ul[2]/li/ul/li[3]/a')
2023-09-06 22:23:08,128 - INFO BasePage.py [line:39]: 等待元素登出按钮, 定位方式:('xpath', '/html/body/nav/div/div[2]/ul[2]/li/ul/li[3]/a')
2023-09-06 22:23:08,156 - INFO BasePage.py [line:44]: 等待登出按钮, 时长: 0:00:00.026839
2023-09-06 22:23:08,156 - INFO BasePage.py [line:44]: 等待登出按钮, 时长: 0:00:00.026839
2023-09-06 22:23:08,156 - INFO BasePage.py [line:85]: 查找登出按钮元素定位, 定位方式('xpath', '/html/body/nav/div/div[2]/ul[2]/li/ul/li[3]/a')
2023-09-06 22:23:08,156 - INFO BasePage.py [line:85]: 查找登出按钮元素定位, 定位方式('xpath', '/html/body/nav/div/div[2]/ul[2]/li/ul/li[3]/a')
2023-09-06 22:23:08,164 - INFO BasePage.py [line:155]: 点击"登出按钮",元素定位:('xpath', '/html/body/nav/div/div[2]/ul[2]/li/ul/li[3]/a')
2023-09-06 22:23:08,164 - INFO BasePage.py [line:155]: 点击"登出按钮",元素定位:('xpath', '/html/body/nav/div/div[2]/ul[2]/li/ul/li[3]/a')
2023-09-06 22:23:08,301 - INFO BasePage.py [line:85]: 查找注册按钮元素定位, 定位方式('xpath', '/html/body/nav/div/div[2]/ul[2]/li[2]/a')
2023-09-06 22:23:08,301 - INFO BasePage.py [line:85]: 查找注册按钮元素定位, 定位方式('xpath', '/html/body/nav/div/div[2]/ul[2]/li[2]/a')
2023-09-06 22:23:13,876 - INFO test_001_loginIndex.py [line:42]: WebDriver 成功退出...
2023-09-06 22:23:13,876 - INFO test_001_loginIndex.py [line:42]: WebDriver 成功退出...
