2023-09-04 20:26:07,729 - INFO test_001_loginIndex.py [line:26]: 
WebDriver 正在初始化...
2023-09-04 20:26:07,899 - INFO test_001_loginIndex.py [line:28]: 打开链接: http://127.0.0.1:8000/login/...
2023-09-04 20:26:08,022 - INFO test_001_loginIndex.py [line:33]: WebDriver 初始化完成！
2023-09-04 20:26:08,026 - INFO MBugIndex.py [line:26]: [=====登录操作=====]
2023-09-04 20:26:08,026 - INFO BasePage.py [line:39]: 等待元素用户名框, 定位方式:('id', 'id_username')
2023-09-04 20:26:08,071 - INFO BasePage.py [line:44]: 等待用户名框, 时长: 0:00:00.044101
2023-09-04 20:26:08,071 - INFO BasePage.py [line:39]: 等待元素密码框, 定位方式:('id', 'id_password')
2023-09-04 20:26:08,099 - INFO BasePage.py [line:44]: 等待密码框, 时长: 0:00:00.028552
2023-09-04 20:26:08,099 - INFO BasePage.py [line:39]: 等待元素验证码框, 定位方式:('id', 'id_code')
2023-09-04 20:26:08,121 - INFO BasePage.py [line:44]: 等待验证码框, 时长: 0:00:00.022042
2023-09-04 20:26:08,121 - INFO BasePage.py [line:85]: 查找用户名框元素定位, 定位方式('id', 'id_username')
2023-09-04 20:26:08,129 - INFO BasePage.py [line:141]: 清除"用户名框",元素定位:('id', 'id_username')
2023-09-04 20:26:08,169 - INFO BasePage.py [line:85]: 查找密码框元素定位, 定位方式('id', 'id_password')
2023-09-04 20:26:08,176 - INFO BasePage.py [line:141]: 清除"密码框",元素定位:('id', 'id_password')
2023-09-04 20:26:08,202 - INFO BasePage.py [line:85]: 查找验证码框元素定位, 定位方式('id', 'id_code')
2023-09-04 20:26:08,209 - INFO BasePage.py [line:141]: 清除"验证码框",元素定位:('id', 'id_code')
2023-09-04 20:26:08,237 - INFO BasePage.py [line:85]: 查找用户名框元素定位, 定位方式('id', 'id_username')
2023-09-04 20:26:08,243 - INFO BasePage.py [line:104]: 在用户名框输入13713676304, 元素定位: ('id', 'id_username')
2023-09-04 20:26:08,346 - INFO BasePage.py [line:85]: 查找密码框元素定位, 定位方式('id', 'id_password')
2023-09-04 20:26:08,366 - INFO BasePage.py [line:104]: 在密码框输入12345678, 元素定位: ('id', 'id_password')
2023-09-04 20:26:08,441 - INFO BasePage.py [line:85]: 查找验证码框元素定位, 定位方式('id', 'id_code')
2023-09-04 20:26:08,451 - INFO BasePage.py [line:104]: 在验证码框输入1234, 元素定位: ('id', 'id_code')
2023-09-04 20:26:08,536 - INFO BasePage.py [line:39]: 等待元素登录按钮, 定位方式:('id', 'btnSubmit')
2023-09-04 20:26:08,568 - INFO BasePage.py [line:44]: 等待登录按钮, 时长: 0:00:00.031581
2023-09-04 20:26:08,568 - INFO BasePage.py [line:85]: 查找登录按钮元素定位, 定位方式('id', 'btnSubmit')
2023-09-04 20:26:08,581 - INFO BasePage.py [line:155]: 点击"登录按钮",元素定位:('id', 'btnSubmit')
2023-09-04 20:26:11,738 - INFO MBugIndex.py [line:49]: [=====登出操作=====]
2023-09-04 20:26:11,739 - INFO BasePage.py [line:39]: 等待元素下拉框, 定位方式:('css selector', '#bs-example-navbar-collapse-1 > ul.nav.navbar-nav.navbar-right > li > a')
2023-09-04 20:26:11,759 - INFO BasePage.py [line:44]: 等待下拉框, 时长: 0:00:00.019107
2023-09-04 20:26:11,759 - INFO BasePage.py [line:85]: 查找下拉框元素定位, 定位方式('css selector', '#bs-example-navbar-collapse-1 > ul.nav.navbar-nav.navbar-right > li > a')
2023-09-04 20:26:11,764 - INFO BasePage.py [line:155]: 点击"下拉框",元素定位:('css selector', '#bs-example-navbar-collapse-1 > ul.nav.navbar-nav.navbar-right > li > a')
2023-09-04 20:26:11,801 - INFO BasePage.py [line:39]: 等待元素登出按钮, 定位方式:('xpath', '/html/body/nav/div/div[2]/ul[2]/li/ul/li[3]/a')
2023-09-04 20:26:11,825 - INFO BasePage.py [line:44]: 等待登出按钮, 时长: 0:00:00.023190
2023-09-04 20:26:11,825 - INFO BasePage.py [line:85]: 查找登出按钮元素定位, 定位方式('css selector', '#bs-example-navbar-collapse-1 > ul.nav.navbar-nav.navbar-right > li > a')
2023-09-04 20:26:11,832 - INFO BasePage.py [line:155]: 点击"登出按钮",元素定位:('css selector', '#bs-example-navbar-collapse-1 > ul.nav.navbar-nav.navbar-right > li > a')
2023-09-04 20:26:11,858 - INFO BasePage.py [line:85]: 查找注册按钮元素定位, 定位方式('xpath', '/html/body/nav/div/div[2]/ul[2]/li[2]/a')
2023-09-04 20:26:21,888 - ERROR BasePage.py [line:89]: 查找注册按钮元素失败, 定位方式为('xpath', '/html/body/nav/div/div[2]/ul[2]/li[2]/a')
Traceback (most recent call last):
  File "C:\Users\59723\Desktop\z\pom_demo\Common\BasePage.py", line 87, in find_element
    return self.driver.find_element(*loc) # selelium的驱动选择操作
  File "C:\Users\59723\miniconda3\envs\django\lib\site-packages\selenium\webdriver\remote\webdriver.py", line 831, in find_element
    return self.execute(Command.FIND_ELEMENT, {"using": by, "value": value})["value"]
  File "C:\Users\59723\miniconda3\envs\django\lib\site-packages\selenium\webdriver\remote\webdriver.py", line 440, in execute
    self.error_handler.check_response(response)
  File "C:\Users\59723\miniconda3\envs\django\lib\site-packages\selenium\webdriver\remote\errorhandler.py", line 245, in check_response
    raise exception_class(message, screen, stacktrace)
selenium.common.exceptions.NoSuchElementException: Message: no such element: Unable to locate element: {"method":"xpath","selector":"/html/body/nav/div/div[2]/ul[2]/li[2]/a"}
  (Session info: MicrosoftEdge=116.0.1938.69)
Stacktrace:
	GetHandleVerifier [0x00007FF6DD583DB2+61490]
	Microsoft::Applications::Events::EventProperty::~EventProperty [0x00007FF6DD516002+740642]
	(No symbol) [0x00007FF6DD2EB8AE]
	(No symbol) [0x00007FF6DD3332F4]
	(No symbol) [0x00007FF6DD333405]
	(No symbol) [0x00007FF6DD36FCE7]
	(No symbol) [0x00007FF6DD35394F]
	(No symbol) [0x00007FF6DD327021]
	(No symbol) [0x00007FF6DD36CE21]
	(No symbol) [0x00007FF6DD3536E3]
	(No symbol) [0x00007FF6DD325EAA]
	(No symbol) [0x00007FF6DD32518B]
	(No symbol) [0x00007FF6DD326634]
	Microsoft::Applications::Events::ILogManager::DispatchEventBroadcast [0x00007FF6DD748D69+1207369]
	(No symbol) [0x00007FF6DD3A5304]
	Microsoft::Applications::Events::EventProperty::~EventProperty [0x00007FF6DD4690F1+32273]
	Microsoft::Applications::Events::EventProperty::~EventProperty [0x00007FF6DD4619E9+1801]
	Microsoft::Applications::Events::ILogManager::DispatchEventBroadcast [0x00007FF6DD747944+1202212]
	Microsoft::Applications::Events::ILogConfiguration::operator* [0x00007FF6DD51E998+19784]
	Microsoft::Applications::Events::ILogConfiguration::operator* [0x00007FF6DD51AE54+4612]
	Microsoft::Applications::Events::ILogConfiguration::operator* [0x00007FF6DD51AF86+4918]
	Microsoft::Applications::Events::EventProperty::~EventProperty [0x00007FF6DD50F451+713073]
	BaseThreadInitThunk [0x00007FFCDEE526AD+29]
	RtlUserThreadStart [0x00007FFCE108AA68+40]

2023-09-04 20:26:24,275 - INFO test_001_loginIndex.py [line:36]: WebDriver 成功退出...
