2023-09-06 22:20:07,441 - INFO test_001_loginIndex.py [line:32]: 
WebDriver 正在初始化...
2023-09-06 22:20:07,441 - INFO test_001_loginIndex.py [line:32]: 
WebDriver 正在初始化...
2023-09-06 22:20:07,609 - INFO test_001_loginIndex.py [line:34]: 打开链接: http://127.0.0.1:8000/login/...
2023-09-06 22:20:07,609 - INFO test_001_loginIndex.py [line:34]: 打开链接: http://127.0.0.1:8000/login/...
2023-09-06 22:20:07,735 - INFO test_001_loginIndex.py [line:39]: WebDriver 初始化完成！
2023-09-06 22:20:07,735 - INFO test_001_loginIndex.py [line:39]: WebDriver 初始化完成！
2023-09-06 22:20:07,738 - INFO MBugIndex.py [line:26]: [=====登录操作=====]
2023-09-06 22:20:07,738 - INFO MBugIndex.py [line:26]: [=====登录操作=====]
2023-09-06 22:20:07,739 - INFO BasePage.py [line:39]: 等待元素用户名框, 定位方式:('id', 'id_username')
2023-09-06 22:20:07,739 - INFO BasePage.py [line:39]: 等待元素用户名框, 定位方式:('id', 'id_username')
2023-09-06 22:20:07,788 - INFO BasePage.py [line:44]: 等待用户名框, 时长: 0:00:00.047301
2023-09-06 22:20:07,788 - INFO BasePage.py [line:44]: 等待用户名框, 时长: 0:00:00.047301
2023-09-06 22:20:07,789 - INFO BasePage.py [line:39]: 等待元素密码框, 定位方式:('id', 'id_password')
2023-09-06 22:20:07,789 - INFO BasePage.py [line:39]: 等待元素密码框, 定位方式:('id', 'id_password')
2023-09-06 22:20:07,849 - INFO BasePage.py [line:44]: 等待密码框, 时长: 0:00:00.058935
2023-09-06 22:20:07,849 - INFO BasePage.py [line:44]: 等待密码框, 时长: 0:00:00.058935
2023-09-06 22:20:07,849 - INFO BasePage.py [line:39]: 等待元素验证码框, 定位方式:('id', 'id_code')
2023-09-06 22:20:07,849 - INFO BasePage.py [line:39]: 等待元素验证码框, 定位方式:('id', 'id_code')
2023-09-06 22:20:07,878 - INFO BasePage.py [line:44]: 等待验证码框, 时长: 0:00:00.028056
2023-09-06 22:20:07,878 - INFO BasePage.py [line:44]: 等待验证码框, 时长: 0:00:00.028056
2023-09-06 22:20:07,879 - INFO BasePage.py [line:85]: 查找用户名框元素定位, 定位方式('id', 'id_username')
2023-09-06 22:20:07,879 - INFO BasePage.py [line:85]: 查找用户名框元素定位, 定位方式('id', 'id_username')
2023-09-06 22:20:07,890 - INFO BasePage.py [line:141]: 清除"用户名框",元素定位:('id', 'id_username')
2023-09-06 22:20:07,890 - INFO BasePage.py [line:141]: 清除"用户名框",元素定位:('id', 'id_username')
2023-09-06 22:20:07,943 - INFO BasePage.py [line:85]: 查找密码框元素定位, 定位方式('id', 'id_password')
2023-09-06 22:20:07,943 - INFO BasePage.py [line:85]: 查找密码框元素定位, 定位方式('id', 'id_password')
2023-09-06 22:20:07,954 - INFO BasePage.py [line:141]: 清除"密码框",元素定位:('id', 'id_password')
2023-09-06 22:20:07,954 - INFO BasePage.py [line:141]: 清除"密码框",元素定位:('id', 'id_password')
2023-09-06 22:20:07,988 - INFO BasePage.py [line:85]: 查找验证码框元素定位, 定位方式('id', 'id_code')
2023-09-06 22:20:07,988 - INFO BasePage.py [line:85]: 查找验证码框元素定位, 定位方式('id', 'id_code')
2023-09-06 22:20:07,999 - INFO BasePage.py [line:141]: 清除"验证码框",元素定位:('id', 'id_code')
2023-09-06 22:20:07,999 - INFO BasePage.py [line:141]: 清除"验证码框",元素定位:('id', 'id_code')
2023-09-06 22:20:08,032 - INFO BasePage.py [line:85]: 查找用户名框元素定位, 定位方式('id', 'id_username')
2023-09-06 22:20:08,032 - INFO BasePage.py [line:85]: 查找用户名框元素定位, 定位方式('id', 'id_username')
2023-09-06 22:20:08,049 - INFO BasePage.py [line:104]: 在用户名框输入13713676304, 元素定位: ('id', 'id_username')
2023-09-06 22:20:08,049 - INFO BasePage.py [line:104]: 在用户名框输入13713676304, 元素定位: ('id', 'id_username')
2023-09-06 22:20:08,188 - INFO BasePage.py [line:85]: 查找密码框元素定位, 定位方式('id', 'id_password')
2023-09-06 22:20:08,188 - INFO BasePage.py [line:85]: 查找密码框元素定位, 定位方式('id', 'id_password')
2023-09-06 22:20:08,214 - INFO BasePage.py [line:104]: 在密码框输入12345678, 元素定位: ('id', 'id_password')
2023-09-06 22:20:08,214 - INFO BasePage.py [line:104]: 在密码框输入12345678, 元素定位: ('id', 'id_password')
2023-09-06 22:20:08,331 - INFO BasePage.py [line:85]: 查找验证码框元素定位, 定位方式('id', 'id_code')
2023-09-06 22:20:08,331 - INFO BasePage.py [line:85]: 查找验证码框元素定位, 定位方式('id', 'id_code')
2023-09-06 22:20:08,342 - INFO BasePage.py [line:104]: 在验证码框输入1234, 元素定位: ('id', 'id_code')
2023-09-06 22:20:08,342 - INFO BasePage.py [line:104]: 在验证码框输入1234, 元素定位: ('id', 'id_code')
2023-09-06 22:20:08,442 - INFO BasePage.py [line:39]: 等待元素登录按钮, 定位方式:('id', 'btnSubmit')
2023-09-06 22:20:08,442 - INFO BasePage.py [line:39]: 等待元素登录按钮, 定位方式:('id', 'btnSubmit')
2023-09-06 22:20:08,481 - INFO BasePage.py [line:44]: 等待登录按钮, 时长: 0:00:00.038731
2023-09-06 22:20:08,481 - INFO BasePage.py [line:44]: 等待登录按钮, 时长: 0:00:00.038731
2023-09-06 22:20:08,481 - INFO BasePage.py [line:85]: 查找登录按钮元素定位, 定位方式('id', 'btnSubmit')
2023-09-06 22:20:08,481 - INFO BasePage.py [line:85]: 查找登录按钮元素定位, 定位方式('id', 'btnSubmit')
2023-09-06 22:20:08,493 - INFO BasePage.py [line:155]: 点击"登录按钮",元素定位:('id', 'btnSubmit')
2023-09-06 22:20:08,493 - INFO BasePage.py [line:155]: 点击"登录按钮",元素定位:('id', 'btnSubmit')
2023-09-06 22:20:11,714 - INFO MBugIndex.py [line:49]: [=====登出操作=====]
2023-09-06 22:20:11,714 - INFO MBugIndex.py [line:49]: [=====登出操作=====]
2023-09-06 22:20:11,714 - INFO BasePage.py [line:39]: 等待元素下拉框, 定位方式:('css selector', '#bs-example-navbar-collapse-1 > ul.nav.navbar-nav.navbar-right > li > a')
2023-09-06 22:20:11,714 - INFO BasePage.py [line:39]: 等待元素下拉框, 定位方式:('css selector', '#bs-example-navbar-collapse-1 > ul.nav.navbar-nav.navbar-right > li > a')
2023-09-06 22:20:11,736 - INFO BasePage.py [line:44]: 等待下拉框, 时长: 0:00:00.021244
2023-09-06 22:20:11,736 - INFO BasePage.py [line:44]: 等待下拉框, 时长: 0:00:00.021244
2023-09-06 22:20:11,737 - INFO BasePage.py [line:85]: 查找下拉框元素定位, 定位方式('css selector', '#bs-example-navbar-collapse-1 > ul.nav.navbar-nav.navbar-right > li > a')
2023-09-06 22:20:11,737 - INFO BasePage.py [line:85]: 查找下拉框元素定位, 定位方式('css selector', '#bs-example-navbar-collapse-1 > ul.nav.navbar-nav.navbar-right > li > a')
2023-09-06 22:20:11,744 - INFO BasePage.py [line:155]: 点击"下拉框",元素定位:('css selector', '#bs-example-navbar-collapse-1 > ul.nav.navbar-nav.navbar-right > li > a')
2023-09-06 22:20:11,744 - INFO BasePage.py [line:155]: 点击"下拉框",元素定位:('css selector', '#bs-example-navbar-collapse-1 > ul.nav.navbar-nav.navbar-right > li > a')
2023-09-06 22:20:11,778 - INFO BasePage.py [line:39]: 等待元素登出按钮, 定位方式:('xpath', '/html/body/nav/div/div[2]/ul[2]/li/ul/li[3]/a')
2023-09-06 22:20:11,778 - INFO BasePage.py [line:39]: 等待元素登出按钮, 定位方式:('xpath', '/html/body/nav/div/div[2]/ul[2]/li/ul/li[3]/a')
2023-09-06 22:20:11,799 - INFO BasePage.py [line:44]: 等待登出按钮, 时长: 0:00:00.020305
2023-09-06 22:20:11,799 - INFO BasePage.py [line:44]: 等待登出按钮, 时长: 0:00:00.020305
2023-09-06 22:20:11,799 - INFO BasePage.py [line:85]: 查找登出按钮元素定位, 定位方式('xpath', '/html/body/nav/div/div[2]/ul[2]/li/ul/li[3]/a')
2023-09-06 22:20:11,799 - INFO BasePage.py [line:85]: 查找登出按钮元素定位, 定位方式('xpath', '/html/body/nav/div/div[2]/ul[2]/li/ul/li[3]/a')
2023-09-06 22:20:11,806 - INFO BasePage.py [line:155]: 点击"登出按钮",元素定位:('xpath', '/html/body/nav/div/div[2]/ul[2]/li/ul/li[3]/a')
2023-09-06 22:20:11,806 - INFO BasePage.py [line:155]: 点击"登出按钮",元素定位:('xpath', '/html/body/nav/div/div[2]/ul[2]/li/ul/li[3]/a')
2023-09-06 22:20:11,947 - INFO BasePage.py [line:85]: 查找注册按钮元素定位, 定位方式('xpath', '/html/body/nav/div/div[2]/ul[2]/li[2]/a')
2023-09-06 22:20:11,947 - INFO BasePage.py [line:85]: 查找注册按钮元素定位, 定位方式('xpath', '/html/body/nav/div/div[2]/ul[2]/li[2]/a')
2023-09-06 22:20:15,097 - INFO MBugIndex.py [line:26]: [=====登录操作=====]
2023-09-06 22:20:15,097 - INFO MBugIndex.py [line:26]: [=====登录操作=====]
2023-09-06 22:20:15,097 - INFO BasePage.py [line:39]: 等待元素用户名框, 定位方式:('id', 'id_username')
2023-09-06 22:20:15,097 - INFO BasePage.py [line:39]: 等待元素用户名框, 定位方式:('id', 'id_username')
2023-09-06 22:20:15,113 - INFO BasePage.py [line:44]: 等待用户名框, 时长: 0:00:00.014995
2023-09-06 22:20:15,113 - INFO BasePage.py [line:44]: 等待用户名框, 时长: 0:00:00.014995
2023-09-06 22:20:15,113 - INFO BasePage.py [line:39]: 等待元素密码框, 定位方式:('id', 'id_password')
2023-09-06 22:20:15,113 - INFO BasePage.py [line:39]: 等待元素密码框, 定位方式:('id', 'id_password')
2023-09-06 22:20:15,125 - INFO BasePage.py [line:44]: 等待密码框, 时长: 0:00:00.012000
2023-09-06 22:20:15,125 - INFO BasePage.py [line:44]: 等待密码框, 时长: 0:00:00.012000
2023-09-06 22:20:15,125 - INFO BasePage.py [line:39]: 等待元素验证码框, 定位方式:('id', 'id_code')
2023-09-06 22:20:15,125 - INFO BasePage.py [line:39]: 等待元素验证码框, 定位方式:('id', 'id_code')
2023-09-06 22:20:15,136 - INFO BasePage.py [line:44]: 等待验证码框, 时长: 0:00:00.011002
2023-09-06 22:20:15,136 - INFO BasePage.py [line:44]: 等待验证码框, 时长: 0:00:00.011002
2023-09-06 22:20:15,137 - INFO BasePage.py [line:85]: 查找用户名框元素定位, 定位方式('id', 'id_username')
2023-09-06 22:20:15,137 - INFO BasePage.py [line:85]: 查找用户名框元素定位, 定位方式('id', 'id_username')
2023-09-06 22:20:15,142 - INFO BasePage.py [line:141]: 清除"用户名框",元素定位:('id', 'id_username')
2023-09-06 22:20:15,142 - INFO BasePage.py [line:141]: 清除"用户名框",元素定位:('id', 'id_username')
2023-09-06 22:20:15,158 - INFO BasePage.py [line:85]: 查找密码框元素定位, 定位方式('id', 'id_password')
2023-09-06 22:20:15,158 - INFO BasePage.py [line:85]: 查找密码框元素定位, 定位方式('id', 'id_password')
2023-09-06 22:20:15,163 - INFO BasePage.py [line:141]: 清除"密码框",元素定位:('id', 'id_password')
2023-09-06 22:20:15,163 - INFO BasePage.py [line:141]: 清除"密码框",元素定位:('id', 'id_password')
2023-09-06 22:20:15,179 - INFO BasePage.py [line:85]: 查找验证码框元素定位, 定位方式('id', 'id_code')
2023-09-06 22:20:15,179 - INFO BasePage.py [line:85]: 查找验证码框元素定位, 定位方式('id', 'id_code')
2023-09-06 22:20:15,184 - INFO BasePage.py [line:141]: 清除"验证码框",元素定位:('id', 'id_code')
2023-09-06 22:20:15,184 - INFO BasePage.py [line:141]: 清除"验证码框",元素定位:('id', 'id_code')
2023-09-06 22:20:15,200 - INFO BasePage.py [line:85]: 查找用户名框元素定位, 定位方式('id', 'id_username')
2023-09-06 22:20:15,200 - INFO BasePage.py [line:85]: 查找用户名框元素定位, 定位方式('id', 'id_username')
2023-09-06 22:20:15,205 - INFO BasePage.py [line:104]: 在用户名框输入597234156@qq.com, 元素定位: ('id', 'id_username')
2023-09-06 22:20:15,205 - INFO BasePage.py [line:104]: 在用户名框输入597234156@qq.com, 元素定位: ('id', 'id_username')
2023-09-06 22:20:15,283 - INFO BasePage.py [line:85]: 查找密码框元素定位, 定位方式('id', 'id_password')
2023-09-06 22:20:15,283 - INFO BasePage.py [line:85]: 查找密码框元素定位, 定位方式('id', 'id_password')
2023-09-06 22:20:15,296 - INFO BasePage.py [line:104]: 在密码框输入12345678, 元素定位: ('id', 'id_password')
2023-09-06 22:20:15,296 - INFO BasePage.py [line:104]: 在密码框输入12345678, 元素定位: ('id', 'id_password')
2023-09-06 22:20:15,348 - INFO BasePage.py [line:85]: 查找验证码框元素定位, 定位方式('id', 'id_code')
2023-09-06 22:20:15,348 - INFO BasePage.py [line:85]: 查找验证码框元素定位, 定位方式('id', 'id_code')
2023-09-06 22:20:15,356 - INFO BasePage.py [line:104]: 在验证码框输入1234, 元素定位: ('id', 'id_code')
2023-09-06 22:20:15,356 - INFO BasePage.py [line:104]: 在验证码框输入1234, 元素定位: ('id', 'id_code')
2023-09-06 22:20:15,446 - INFO BasePage.py [line:39]: 等待元素登录按钮, 定位方式:('id', 'btnSubmit')
2023-09-06 22:20:15,446 - INFO BasePage.py [line:39]: 等待元素登录按钮, 定位方式:('id', 'btnSubmit')
2023-09-06 22:20:15,472 - INFO BasePage.py [line:44]: 等待登录按钮, 时长: 0:00:00.026517
2023-09-06 22:20:15,472 - INFO BasePage.py [line:44]: 等待登录按钮, 时长: 0:00:00.026517
2023-09-06 22:20:15,473 - INFO BasePage.py [line:85]: 查找登录按钮元素定位, 定位方式('id', 'btnSubmit')
2023-09-06 22:20:15,473 - INFO BasePage.py [line:85]: 查找登录按钮元素定位, 定位方式('id', 'btnSubmit')
2023-09-06 22:20:15,480 - INFO BasePage.py [line:155]: 点击"登录按钮",元素定位:('id', 'btnSubmit')
2023-09-06 22:20:15,480 - INFO BasePage.py [line:155]: 点击"登录按钮",元素定位:('id', 'btnSubmit')
2023-09-06 22:20:18,594 - INFO MBugIndex.py [line:49]: [=====登出操作=====]
2023-09-06 22:20:18,594 - INFO MBugIndex.py [line:49]: [=====登出操作=====]
2023-09-06 22:20:18,595 - INFO BasePage.py [line:39]: 等待元素下拉框, 定位方式:('css selector', '#bs-example-navbar-collapse-1 > ul.nav.navbar-nav.navbar-right > li > a')
2023-09-06 22:20:18,595 - INFO BasePage.py [line:39]: 等待元素下拉框, 定位方式:('css selector', '#bs-example-navbar-collapse-1 > ul.nav.navbar-nav.navbar-right > li > a')
2023-09-06 22:20:18,606 - INFO BasePage.py [line:44]: 等待下拉框, 时长: 0:00:00.011000
2023-09-06 22:20:18,606 - INFO BasePage.py [line:44]: 等待下拉框, 时长: 0:00:00.011000
2023-09-06 22:20:18,607 - INFO BasePage.py [line:85]: 查找下拉框元素定位, 定位方式('css selector', '#bs-example-navbar-collapse-1 > ul.nav.navbar-nav.navbar-right > li > a')
2023-09-06 22:20:18,607 - INFO BasePage.py [line:85]: 查找下拉框元素定位, 定位方式('css selector', '#bs-example-navbar-collapse-1 > ul.nav.navbar-nav.navbar-right > li > a')
2023-09-06 22:20:18,611 - INFO BasePage.py [line:155]: 点击"下拉框",元素定位:('css selector', '#bs-example-navbar-collapse-1 > ul.nav.navbar-nav.navbar-right > li > a')
2023-09-06 22:20:18,611 - INFO BasePage.py [line:155]: 点击"下拉框",元素定位:('css selector', '#bs-example-navbar-collapse-1 > ul.nav.navbar-nav.navbar-right > li > a')
2023-09-06 22:20:18,636 - INFO BasePage.py [line:39]: 等待元素登出按钮, 定位方式:('xpath', '/html/body/nav/div/div[2]/ul[2]/li/ul/li[3]/a')
2023-09-06 22:20:18,636 - INFO BasePage.py [line:39]: 等待元素登出按钮, 定位方式:('xpath', '/html/body/nav/div/div[2]/ul[2]/li/ul/li[3]/a')
2023-09-06 22:20:18,660 - INFO BasePage.py [line:44]: 等待登出按钮, 时长: 0:00:00.022297
2023-09-06 22:20:18,660 - INFO BasePage.py [line:44]: 等待登出按钮, 时长: 0:00:00.022297
2023-09-06 22:20:18,660 - INFO BasePage.py [line:85]: 查找登出按钮元素定位, 定位方式('xpath', '/html/body/nav/div/div[2]/ul[2]/li/ul/li[3]/a')
2023-09-06 22:20:18,660 - INFO BasePage.py [line:85]: 查找登出按钮元素定位, 定位方式('xpath', '/html/body/nav/div/div[2]/ul[2]/li/ul/li[3]/a')
2023-09-06 22:20:18,668 - INFO BasePage.py [line:155]: 点击"登出按钮",元素定位:('xpath', '/html/body/nav/div/div[2]/ul[2]/li/ul/li[3]/a')
2023-09-06 22:20:18,668 - INFO BasePage.py [line:155]: 点击"登出按钮",元素定位:('xpath', '/html/body/nav/div/div[2]/ul[2]/li/ul/li[3]/a')
2023-09-06 22:20:18,765 - INFO BasePage.py [line:85]: 查找注册按钮元素定位, 定位方式('xpath', '/html/body/nav/div/div[2]/ul[2]/li[2]/a')
2023-09-06 22:20:18,765 - INFO BasePage.py [line:85]: 查找注册按钮元素定位, 定位方式('xpath', '/html/body/nav/div/div[2]/ul[2]/li[2]/a')
2023-09-06 22:20:23,948 - INFO test_001_loginIndex.py [line:42]: WebDriver 成功退出...
2023-09-06 22:20:23,948 - INFO test_001_loginIndex.py [line:42]: WebDriver 成功退出...
