2023-09-05 18:48:03,052 - INFO test_001_loginIndex.py [line:28]: 
WebDriver 正在初始化...
2023-09-05 18:48:03,052 - INFO test_001_loginIndex.py [line:28]: 
WebDriver 正在初始化...
2023-09-05 18:48:03,229 - INFO test_001_loginIndex.py [line:30]: 打开链接: http://127.0.0.1:8000/login/...
2023-09-05 18:48:03,229 - INFO test_001_loginIndex.py [line:30]: 打开链接: http://127.0.0.1:8000/login/...
2023-09-05 18:48:03,368 - INFO test_001_loginIndex.py [line:35]: WebDriver 初始化完成！
2023-09-05 18:48:03,368 - INFO test_001_loginIndex.py [line:35]: WebDriver 初始化完成！
2023-09-05 18:48:03,374 - INFO MBugIndex.py [line:26]: [=====登录操作=====]
2023-09-05 18:48:03,374 - INFO MBugIndex.py [line:26]: [=====登录操作=====]
2023-09-05 18:48:03,376 - INFO BasePage.py [line:39]: 等待元素用户名框, 定位方式:('id', 'id_username')
2023-09-05 18:48:03,376 - INFO BasePage.py [line:39]: 等待元素用户名框, 定位方式:('id', 'id_username')
2023-09-05 18:48:03,425 - INFO BasePage.py [line:44]: 等待用户名框, 时长: 0:00:00.048882
2023-09-05 18:48:03,425 - INFO BasePage.py [line:44]: 等待用户名框, 时长: 0:00:00.048882
2023-09-05 18:48:03,426 - INFO BasePage.py [line:39]: 等待元素密码框, 定位方式:('id', 'id_password')
2023-09-05 18:48:03,426 - INFO BasePage.py [line:39]: 等待元素密码框, 定位方式:('id', 'id_password')
2023-09-05 18:48:03,464 - INFO BasePage.py [line:44]: 等待密码框, 时长: 0:00:00.036640
2023-09-05 18:48:03,464 - INFO BasePage.py [line:44]: 等待密码框, 时长: 0:00:00.036640
2023-09-05 18:48:03,465 - INFO BasePage.py [line:39]: 等待元素验证码框, 定位方式:('id', 'id_code')
2023-09-05 18:48:03,465 - INFO BasePage.py [line:39]: 等待元素验证码框, 定位方式:('id', 'id_code')
2023-09-05 18:48:03,488 - INFO BasePage.py [line:44]: 等待验证码框, 时长: 0:00:00.022830
2023-09-05 18:48:03,488 - INFO BasePage.py [line:44]: 等待验证码框, 时长: 0:00:00.022830
2023-09-05 18:48:03,489 - INFO BasePage.py [line:85]: 查找用户名框元素定位, 定位方式('id', 'id_username')
2023-09-05 18:48:03,489 - INFO BasePage.py [line:85]: 查找用户名框元素定位, 定位方式('id', 'id_username')
2023-09-05 18:48:03,498 - INFO BasePage.py [line:141]: 清除"用户名框",元素定位:('id', 'id_username')
2023-09-05 18:48:03,498 - INFO BasePage.py [line:141]: 清除"用户名框",元素定位:('id', 'id_username')
2023-09-05 18:48:03,542 - INFO BasePage.py [line:85]: 查找密码框元素定位, 定位方式('id', 'id_password')
2023-09-05 18:48:03,542 - INFO BasePage.py [line:85]: 查找密码框元素定位, 定位方式('id', 'id_password')
2023-09-05 18:48:03,550 - INFO BasePage.py [line:141]: 清除"密码框",元素定位:('id', 'id_password')
2023-09-05 18:48:03,550 - INFO BasePage.py [line:141]: 清除"密码框",元素定位:('id', 'id_password')
2023-09-05 18:48:03,578 - INFO BasePage.py [line:85]: 查找验证码框元素定位, 定位方式('id', 'id_code')
2023-09-05 18:48:03,578 - INFO BasePage.py [line:85]: 查找验证码框元素定位, 定位方式('id', 'id_code')
2023-09-05 18:48:03,588 - INFO BasePage.py [line:141]: 清除"验证码框",元素定位:('id', 'id_code')
2023-09-05 18:48:03,588 - INFO BasePage.py [line:141]: 清除"验证码框",元素定位:('id', 'id_code')
2023-09-05 18:48:03,614 - INFO BasePage.py [line:85]: 查找用户名框元素定位, 定位方式('id', 'id_username')
2023-09-05 18:48:03,614 - INFO BasePage.py [line:85]: 查找用户名框元素定位, 定位方式('id', 'id_username')
2023-09-05 18:48:03,622 - INFO BasePage.py [line:104]: 在用户名框输入597234156@qq.com, 元素定位: ('id', 'id_username')
2023-09-05 18:48:03,622 - INFO BasePage.py [line:104]: 在用户名框输入597234156@qq.com, 元素定位: ('id', 'id_username')
2023-09-05 18:48:03,749 - INFO BasePage.py [line:85]: 查找密码框元素定位, 定位方式('id', 'id_password')
2023-09-05 18:48:03,749 - INFO BasePage.py [line:85]: 查找密码框元素定位, 定位方式('id', 'id_password')
2023-09-05 18:48:03,771 - INFO BasePage.py [line:104]: 在密码框输入12345678, 元素定位: ('id', 'id_password')
2023-09-05 18:48:03,771 - INFO BasePage.py [line:104]: 在密码框输入12345678, 元素定位: ('id', 'id_password')
2023-09-05 18:48:03,853 - INFO BasePage.py [line:85]: 查找验证码框元素定位, 定位方式('id', 'id_code')
2023-09-05 18:48:03,853 - INFO BasePage.py [line:85]: 查找验证码框元素定位, 定位方式('id', 'id_code')
2023-09-05 18:48:03,867 - INFO BasePage.py [line:104]: 在验证码框输入1234, 元素定位: ('id', 'id_code')
2023-09-05 18:48:03,867 - INFO BasePage.py [line:104]: 在验证码框输入1234, 元素定位: ('id', 'id_code')
2023-09-05 18:48:03,950 - INFO BasePage.py [line:39]: 等待元素登录按钮, 定位方式:('id', 'btnSubmit')
2023-09-05 18:48:03,950 - INFO BasePage.py [line:39]: 等待元素登录按钮, 定位方式:('id', 'btnSubmit')
2023-09-05 18:48:03,985 - INFO BasePage.py [line:44]: 等待登录按钮, 时长: 0:00:00.033614
2023-09-05 18:48:03,985 - INFO BasePage.py [line:44]: 等待登录按钮, 时长: 0:00:00.033614
2023-09-05 18:48:03,985 - INFO BasePage.py [line:85]: 查找登录按钮元素定位, 定位方式('id', 'btnSubmit')
2023-09-05 18:48:03,985 - INFO BasePage.py [line:85]: 查找登录按钮元素定位, 定位方式('id', 'btnSubmit')
2023-09-05 18:48:04,004 - INFO BasePage.py [line:155]: 点击"登录按钮",元素定位:('id', 'btnSubmit')
2023-09-05 18:48:04,004 - INFO BasePage.py [line:155]: 点击"登录按钮",元素定位:('id', 'btnSubmit')
2023-09-05 18:48:07,331 - INFO BasePage.py [line:39]: 等待元素新建项目, 定位方式:('xpath', '/html/body/div[1]/a')
2023-09-05 18:48:07,331 - INFO BasePage.py [line:39]: 等待元素新建项目, 定位方式:('xpath', '/html/body/div[1]/a')
2023-09-05 18:48:07,865 - INFO BasePage.py [line:44]: 等待新建项目, 时长: 0:00:00.531836
2023-09-05 18:48:07,865 - INFO BasePage.py [line:44]: 等待新建项目, 时长: 0:00:00.531836
2023-09-05 18:48:07,866 - INFO BasePage.py [line:85]: 查找新建项目元素定位, 定位方式('xpath', '/html/body/div[1]/a')
2023-09-05 18:48:07,866 - INFO BasePage.py [line:85]: 查找新建项目元素定位, 定位方式('xpath', '/html/body/div[1]/a')
2023-09-05 18:48:07,885 - INFO BasePage.py [line:155]: 点击"新建项目",元素定位:('xpath', '/html/body/div[1]/a')
2023-09-05 18:48:07,885 - INFO BasePage.py [line:155]: 点击"新建项目",元素定位:('xpath', '/html/body/div[1]/a')
2023-09-05 18:48:07,958 - INFO BasePage.py [line:39]: 等待元素项目名称, 定位方式:('id', 'id_name')
2023-09-05 18:48:07,958 - INFO BasePage.py [line:39]: 等待元素项目名称, 定位方式:('id', 'id_name')
2023-09-05 18:48:08,506 - INFO BasePage.py [line:44]: 等待项目名称, 时长: 0:00:00.547303
2023-09-05 18:48:08,506 - INFO BasePage.py [line:44]: 等待项目名称, 时长: 0:00:00.547303
2023-09-05 18:48:08,507 - INFO BasePage.py [line:85]: 查找项目名称元素定位, 定位方式('id', 'id_name')
2023-09-05 18:48:08,507 - INFO BasePage.py [line:85]: 查找项目名称元素定位, 定位方式('id', 'id_name')
2023-09-05 18:48:08,514 - INFO BasePage.py [line:104]: 在项目名称输入bb, 元素定位: ('id', 'id_name')
2023-09-05 18:48:08,514 - INFO BasePage.py [line:104]: 在项目名称输入bb, 元素定位: ('id', 'id_name')
2023-09-05 18:48:08,562 - INFO BasePage.py [line:85]: 查找颜色1元素定位, 定位方式('id', 'id_color_1')
2023-09-05 18:48:08,562 - INFO BasePage.py [line:85]: 查找颜色1元素定位, 定位方式('id', 'id_color_1')
2023-09-05 18:48:49,098 - INFO BasePage.py [line:85]: 查找颜色1元素定位, 定位方式('id', 'id_color_1')
2023-09-05 18:48:49,098 - INFO BasePage.py [line:85]: 查找颜色1元素定位, 定位方式('id', 'id_color_1')
